18:21:55 INFO  : Registering command handlers for SDK TCF services
18:21:56 INFO  : Launching XSCT server: xsct.bat -interactive D:\zybodevelopment\zybotimer\zybotimer.sdk\temp_xsdb_launch_script.tcl
18:22:00 INFO  : XSCT server has started successfully.
18:22:00 INFO  : Successfully done setting XSCT server connection channel  
18:22:03 INFO  : Successfully done setting SDK workspace  
18:22:03 INFO  : Processing command line option -hwspec D:/zybodevelopment/zybotimer/zybotimer.sdk/timerzybo_wrapper.hdf.
19:23:09 INFO  : Connected to target on host '127.0.0.1' and port '3121'.
19:23:10 INFO  : 'targets -set -filter {jtag_cable_name =~ "Digilent Zybo Z7 210351A822C9A" && level==0} -index 1' command is executed.
19:23:12 INFO  : FPGA configured successfully with bitstream "D:/zybodevelopment/zybotimer/zybotimer.sdk/timerzybo_wrapper_hw_platform_0/timerzybo_wrapper.bit"
19:23:58 INFO  : 'targets -set -filter {jtag_cable_name =~ "Digilent Zybo Z7 210351A822C9A" && level==0} -index 1' command is executed.
19:23:58 INFO  : 'fpga -state' command is executed.
19:23:58 INFO  : Connected to target on host '127.0.0.1' and port '3121'.
19:23:58 INFO  : Jtag cable 'Digilent Zybo Z7 210351A822C9A' is selected.
19:23:58 INFO  : 'jtag frequency' command is executed.
19:23:58 INFO  : Sourcing of 'D:/zybodevelopment/zybotimer/zybotimer.sdk/timerzybo_wrapper_hw_platform_0/ps7_init.tcl' is done.
19:23:58 INFO  : Context for 'APU' is selected.
19:23:58 INFO  : Hardware design information is loaded from 'D:/zybodevelopment/zybotimer/zybotimer.sdk/timerzybo_wrapper_hw_platform_0/system.hdf'.
19:23:58 INFO  : 'configparams force-mem-access 1' command is executed.
19:23:58 INFO  : Context for 'APU' is selected.
19:23:58 INFO  : 'stop' command is executed.
19:23:58 INFO  : 'ps7_init' command is executed.
19:23:58 INFO  : 'ps7_post_config' command is executed.
19:23:58 INFO  : Context for processor 'ps7_cortexa9_0' is selected.
19:23:58 INFO  : Processor reset is completed for 'ps7_cortexa9_0'.
19:23:58 INFO  : Context for processor 'ps7_cortexa9_0' is selected.
19:23:59 INFO  : The application 'D:/zybodevelopment/zybotimer/zybotimer.sdk/tiimerzybo/Debug/tiimerzybo.elf' is downloaded to processor 'ps7_cortexa9_0'.
19:23:59 INFO  : 'configparams force-mem-access 0' command is executed.
19:23:59 INFO  : ----------------XSDB Script----------------
connect -url tcp:127.0.0.1:3121
source D:/zybodevelopment/zybotimer/zybotimer.sdk/timerzybo_wrapper_hw_platform_0/ps7_init.tcl
targets -set -nocase -filter {name =~"APU*" && jtag_cable_name =~ "Digilent Zybo Z7 210351A822C9A"} -index 0
loadhw -hw D:/zybodevelopment/zybotimer/zybotimer.sdk/timerzybo_wrapper_hw_platform_0/system.hdf -mem-ranges [list {0x40000000 0xbfffffff}]
configparams force-mem-access 1
targets -set -nocase -filter {name =~"APU*" && jtag_cable_name =~ "Digilent Zybo Z7 210351A822C9A"} -index 0
stop
ps7_init
ps7_post_config
targets -set -nocase -filter {name =~ "ARM*#0" && jtag_cable_name =~ "Digilent Zybo Z7 210351A822C9A"} -index 0
rst -processor
targets -set -nocase -filter {name =~ "ARM*#0" && jtag_cable_name =~ "Digilent Zybo Z7 210351A822C9A"} -index 0
dow D:/zybodevelopment/zybotimer/zybotimer.sdk/tiimerzybo/Debug/tiimerzybo.elf
configparams force-mem-access 0
----------------End of Script----------------

19:23:59 INFO  : Memory regions updated for context APU
19:23:59 INFO  : Context for processor 'ps7_cortexa9_0' is selected.
19:23:59 INFO  : 'con' command is executed.
19:23:59 INFO  : ----------------XSDB Script (After Launch)----------------
targets -set -nocase -filter {name =~ "ARM*#0" && jtag_cable_name =~ "Digilent Zybo Z7 210351A822C9A"} -index 0
con
----------------End of Script----------------

19:23:59 INFO  : Launch script is exported to file 'D:\zybodevelopment\zybotimer\zybotimer.sdk\.sdk\launch_scripts\xilinx_c-c++_application_(system_debugger)\system_debugger_using_debug_tiimerzybo.elf_on_local.tcl'
15:21:40 INFO  : Disconnected from the channel tcfchan#1.
15:21:42 INFO  : 'targets -set -filter {jtag_cable_name =~ "Digilent Zybo Z7 210351A822C9A" && level==0} -index 1' command is executed.
15:21:42 INFO  : 'fpga -state' command is executed.
15:21:44 INFO  : Connected to target on host '127.0.0.1' and port '3121'.
15:21:44 INFO  : Jtag cable 'Digilent Zybo Z7 210351A822C9A' is selected.
15:21:44 INFO  : 'jtag frequency' command is executed.
15:21:44 INFO  : Sourcing of 'D:/zybodevelopment/zybotimer/zybotimer.sdk/timerzybo_wrapper_hw_platform_0/ps7_init.tcl' is done.
15:21:44 INFO  : Context for 'APU' is selected.
15:21:49 INFO  : Hardware design information is loaded from 'D:/zybodevelopment/zybotimer/zybotimer.sdk/timerzybo_wrapper_hw_platform_0/system.hdf'.
15:21:49 INFO  : 'configparams force-mem-access 1' command is executed.
15:21:49 INFO  : Context for 'APU' is selected.
15:21:49 INFO  : 'stop' command is executed.
15:21:50 INFO  : 'ps7_init' command is executed.
15:21:50 INFO  : 'ps7_post_config' command is executed.
15:21:50 INFO  : Context for processor 'ps7_cortexa9_0' is selected.
15:21:50 INFO  : Processor reset is completed for 'ps7_cortexa9_0'.
15:21:50 INFO  : Context for processor 'ps7_cortexa9_0' is selected.
15:21:50 INFO  : The application 'D:/zybodevelopment/zybotimer/zybotimer.sdk/tiimerzybo/Debug/tiimerzybo.elf' is downloaded to processor 'ps7_cortexa9_0'.
15:21:50 INFO  : 'configparams force-mem-access 0' command is executed.
15:21:50 INFO  : ----------------XSDB Script----------------
connect -url tcp:127.0.0.1:3121
source D:/zybodevelopment/zybotimer/zybotimer.sdk/timerzybo_wrapper_hw_platform_0/ps7_init.tcl
targets -set -nocase -filter {name =~"APU*" && jtag_cable_name =~ "Digilent Zybo Z7 210351A822C9A"} -index 0
loadhw -hw D:/zybodevelopment/zybotimer/zybotimer.sdk/timerzybo_wrapper_hw_platform_0/system.hdf -mem-ranges [list {0x40000000 0xbfffffff}]
configparams force-mem-access 1
targets -set -nocase -filter {name =~"APU*" && jtag_cable_name =~ "Digilent Zybo Z7 210351A822C9A"} -index 0
stop
ps7_init
ps7_post_config
targets -set -nocase -filter {name =~ "ARM*#0" && jtag_cable_name =~ "Digilent Zybo Z7 210351A822C9A"} -index 0
rst -processor
targets -set -nocase -filter {name =~ "ARM*#0" && jtag_cable_name =~ "Digilent Zybo Z7 210351A822C9A"} -index 0
dow D:/zybodevelopment/zybotimer/zybotimer.sdk/tiimerzybo/Debug/tiimerzybo.elf
configparams force-mem-access 0
----------------End of Script----------------

15:21:50 INFO  : Memory regions updated for context APU
15:21:50 INFO  : Context for processor 'ps7_cortexa9_0' is selected.
15:21:50 INFO  : 'con' command is executed.
15:21:50 INFO  : ----------------XSDB Script (After Launch)----------------
targets -set -nocase -filter {name =~ "ARM*#0" && jtag_cable_name =~ "Digilent Zybo Z7 210351A822C9A"} -index 0
con
----------------End of Script----------------

15:21:50 INFO  : Launch script is exported to file 'D:\zybodevelopment\zybotimer\zybotimer.sdk\.sdk\launch_scripts\xilinx_c-c++_application_(system_debugger)\system_debugger_using_debug_tiimerzybo.elf_on_local.tcl'
15:22:05 INFO  : Connected to target on host '127.0.0.1' and port '3121'.
15:22:05 INFO  : 'targets -set -filter {jtag_cable_name =~ "Digilent Zybo Z7 210351A822C9A" && level==0} -index 1' command is executed.
15:22:07 INFO  : FPGA configured successfully with bitstream "D:/zybodevelopment/zybotimer/zybotimer.sdk/timerzybo_wrapper_hw_platform_0/timerzybo_wrapper.bit"
15:22:24 INFO  : Disconnected from the channel tcfchan#2.
15:22:25 INFO  : 'targets -set -filter {jtag_cable_name =~ "Digilent Zybo Z7 210351A822C9A" && level==0} -index 1' command is executed.
15:22:25 INFO  : 'fpga -state' command is executed.
15:22:25 INFO  : Connected to target on host '127.0.0.1' and port '3121'.
15:22:25 INFO  : Jtag cable 'Digilent Zybo Z7 210351A822C9A' is selected.
15:22:25 INFO  : 'jtag frequency' command is executed.
15:22:25 INFO  : Sourcing of 'D:/zybodevelopment/zybotimer/zybotimer.sdk/timerzybo_wrapper_hw_platform_0/ps7_init.tcl' is done.
15:22:25 INFO  : Context for 'APU' is selected.
15:22:27 INFO  : Hardware design information is loaded from 'D:/zybodevelopment/zybotimer/zybotimer.sdk/timerzybo_wrapper_hw_platform_0/system.hdf'.
15:22:27 INFO  : 'configparams force-mem-access 1' command is executed.
15:22:27 INFO  : Context for 'APU' is selected.
15:22:27 INFO  : 'stop' command is executed.
15:22:27 INFO  : 'ps7_init' command is executed.
15:22:27 INFO  : 'ps7_post_config' command is executed.
15:22:27 INFO  : Context for processor 'ps7_cortexa9_0' is selected.
15:22:27 INFO  : Processor reset is completed for 'ps7_cortexa9_0'.
15:22:27 INFO  : Context for processor 'ps7_cortexa9_0' is selected.
15:22:27 INFO  : The application 'D:/zybodevelopment/zybotimer/zybotimer.sdk/tiimerzybo/Debug/tiimerzybo.elf' is downloaded to processor 'ps7_cortexa9_0'.
15:22:27 INFO  : 'configparams force-mem-access 0' command is executed.
15:22:27 INFO  : ----------------XSDB Script----------------
connect -url tcp:127.0.0.1:3121
source D:/zybodevelopment/zybotimer/zybotimer.sdk/timerzybo_wrapper_hw_platform_0/ps7_init.tcl
targets -set -nocase -filter {name =~"APU*" && jtag_cable_name =~ "Digilent Zybo Z7 210351A822C9A"} -index 0
loadhw -hw D:/zybodevelopment/zybotimer/zybotimer.sdk/timerzybo_wrapper_hw_platform_0/system.hdf -mem-ranges [list {0x40000000 0xbfffffff}]
configparams force-mem-access 1
targets -set -nocase -filter {name =~"APU*" && jtag_cable_name =~ "Digilent Zybo Z7 210351A822C9A"} -index 0
stop
ps7_init
ps7_post_config
targets -set -nocase -filter {name =~ "ARM*#0" && jtag_cable_name =~ "Digilent Zybo Z7 210351A822C9A"} -index 0
rst -processor
targets -set -nocase -filter {name =~ "ARM*#0" && jtag_cable_name =~ "Digilent Zybo Z7 210351A822C9A"} -index 0
dow D:/zybodevelopment/zybotimer/zybotimer.sdk/tiimerzybo/Debug/tiimerzybo.elf
configparams force-mem-access 0
----------------End of Script----------------

15:22:27 INFO  : Memory regions updated for context APU
15:22:27 INFO  : Context for processor 'ps7_cortexa9_0' is selected.
15:22:27 INFO  : 'con' command is executed.
15:22:27 INFO  : ----------------XSDB Script (After Launch)----------------
targets -set -nocase -filter {name =~ "ARM*#0" && jtag_cable_name =~ "Digilent Zybo Z7 210351A822C9A"} -index 0
con
----------------End of Script----------------

15:22:27 INFO  : Launch script is exported to file 'D:\zybodevelopment\zybotimer\zybotimer.sdk\.sdk\launch_scripts\xilinx_c-c++_application_(system_debugger)\system_debugger_using_debug_tiimerzybo.elf_on_local.tcl'
17:35:14 INFO  : Disconnected from the channel tcfchan#3.
17:35:16 INFO  : 'targets -set -filter {jtag_cable_name =~ "Digilent Zybo Z7 210351A822C9A" && level==0} -index 1' command is executed.
17:35:16 INFO  : 'fpga -state' command is executed.
17:35:22 INFO  : Connected to target on host '127.0.0.1' and port '3121'.
17:35:22 INFO  : Jtag cable 'Digilent Zybo Z7 210351A822C9A' is selected.
17:35:22 INFO  : 'jtag frequency' command is executed.
17:35:22 INFO  : Sourcing of 'D:/zybodevelopment/zybotimer/zybotimer.sdk/timerzybo_wrapper_hw_platform_0/ps7_init.tcl' is done.
17:35:22 INFO  : Context for 'APU' is selected.
17:35:24 INFO  : Hardware design information is loaded from 'D:/zybodevelopment/zybotimer/zybotimer.sdk/timerzybo_wrapper_hw_platform_0/system.hdf'.
17:35:24 INFO  : 'configparams force-mem-access 1' command is executed.
17:35:24 INFO  : Context for 'APU' is selected.
17:35:24 INFO  : 'stop' command is executed.
17:35:24 INFO  : 'ps7_init' command is executed.
17:35:24 INFO  : 'ps7_post_config' command is executed.
17:35:24 INFO  : Context for processor 'ps7_cortexa9_0' is selected.
17:35:24 INFO  : Processor reset is completed for 'ps7_cortexa9_0'.
17:35:24 INFO  : Context for processor 'ps7_cortexa9_0' is selected.
17:35:25 INFO  : The application 'D:/zybodevelopment/zybotimer/zybotimer.sdk/tiimerzybo/Debug/tiimerzybo.elf' is downloaded to processor 'ps7_cortexa9_0'.
17:35:25 INFO  : 'configparams force-mem-access 0' command is executed.
17:35:25 INFO  : ----------------XSDB Script----------------
connect -url tcp:127.0.0.1:3121
source D:/zybodevelopment/zybotimer/zybotimer.sdk/timerzybo_wrapper_hw_platform_0/ps7_init.tcl
targets -set -nocase -filter {name =~"APU*" && jtag_cable_name =~ "Digilent Zybo Z7 210351A822C9A"} -index 0
loadhw -hw D:/zybodevelopment/zybotimer/zybotimer.sdk/timerzybo_wrapper_hw_platform_0/system.hdf -mem-ranges [list {0x40000000 0xbfffffff}]
configparams force-mem-access 1
targets -set -nocase -filter {name =~"APU*" && jtag_cable_name =~ "Digilent Zybo Z7 210351A822C9A"} -index 0
stop
ps7_init
ps7_post_config
targets -set -nocase -filter {name =~ "ARM*#0" && jtag_cable_name =~ "Digilent Zybo Z7 210351A822C9A"} -index 0
rst -processor
targets -set -nocase -filter {name =~ "ARM*#0" && jtag_cable_name =~ "Digilent Zybo Z7 210351A822C9A"} -index 0
dow D:/zybodevelopment/zybotimer/zybotimer.sdk/tiimerzybo/Debug/tiimerzybo.elf
configparams force-mem-access 0
----------------End of Script----------------

17:35:25 INFO  : Memory regions updated for context APU
17:35:25 INFO  : Context for processor 'ps7_cortexa9_0' is selected.
17:35:25 INFO  : 'con' command is executed.
17:35:25 INFO  : ----------------XSDB Script (After Launch)----------------
targets -set -nocase -filter {name =~ "ARM*#0" && jtag_cable_name =~ "Digilent Zybo Z7 210351A822C9A"} -index 0
con
----------------End of Script----------------

17:35:25 INFO  : Launch script is exported to file 'D:\zybodevelopment\zybotimer\zybotimer.sdk\.sdk\launch_scripts\xilinx_c-c++_application_(system_debugger)\system_debugger_using_debug_tiimerzybo.elf_on_local.tcl'
17:36:02 INFO  : Connected to target on host '127.0.0.1' and port '3121'.
17:36:02 INFO  : 'targets -set -filter {jtag_cable_name =~ "Digilent Zybo Z7 210351A822C9A" && level==0} -index 1' command is executed.
17:36:05 INFO  : FPGA configured successfully with bitstream "D:/zybodevelopment/zybotimer/zybotimer.sdk/timerzybo_wrapper_hw_platform_0/timerzybo_wrapper.bit"
17:48:10 INFO  : Disconnected from the channel tcfchan#4.
17:48:11 INFO  : 'targets -set -filter {jtag_cable_name =~ "Digilent Zybo Z7 210351A822C9A" && level==0} -index 1' command is executed.
17:48:11 INFO  : 'fpga -state' command is executed.
17:48:11 INFO  : Connected to target on host '127.0.0.1' and port '3121'.
17:48:11 INFO  : Jtag cable 'Digilent Zybo Z7 210351A822C9A' is selected.
17:48:11 INFO  : 'jtag frequency' command is executed.
17:48:11 INFO  : Sourcing of 'D:/zybodevelopment/zybotimer/zybotimer.sdk/timerzybo_wrapper_hw_platform_0/ps7_init.tcl' is done.
17:48:11 INFO  : Context for 'APU' is selected.
17:48:13 INFO  : Hardware design information is loaded from 'D:/zybodevelopment/zybotimer/zybotimer.sdk/timerzybo_wrapper_hw_platform_0/system.hdf'.
17:48:13 INFO  : 'configparams force-mem-access 1' command is executed.
17:48:13 INFO  : Context for 'APU' is selected.
17:48:13 INFO  : 'stop' command is executed.
17:48:13 INFO  : 'ps7_init' command is executed.
17:48:13 INFO  : 'ps7_post_config' command is executed.
17:48:13 INFO  : Context for processor 'ps7_cortexa9_0' is selected.
17:48:13 INFO  : Processor reset is completed for 'ps7_cortexa9_0'.
17:48:13 INFO  : Context for processor 'ps7_cortexa9_0' is selected.
17:48:14 INFO  : The application 'D:/zybodevelopment/zybotimer/zybotimer.sdk/tiimerzybo/Debug/tiimerzybo.elf' is downloaded to processor 'ps7_cortexa9_0'.
17:48:14 INFO  : 'configparams force-mem-access 0' command is executed.
17:48:14 INFO  : ----------------XSDB Script----------------
connect -url tcp:127.0.0.1:3121
source D:/zybodevelopment/zybotimer/zybotimer.sdk/timerzybo_wrapper_hw_platform_0/ps7_init.tcl
targets -set -nocase -filter {name =~"APU*" && jtag_cable_name =~ "Digilent Zybo Z7 210351A822C9A"} -index 0
loadhw -hw D:/zybodevelopment/zybotimer/zybotimer.sdk/timerzybo_wrapper_hw_platform_0/system.hdf -mem-ranges [list {0x40000000 0xbfffffff}]
configparams force-mem-access 1
targets -set -nocase -filter {name =~"APU*" && jtag_cable_name =~ "Digilent Zybo Z7 210351A822C9A"} -index 0
stop
ps7_init
ps7_post_config
targets -set -nocase -filter {name =~ "ARM*#0" && jtag_cable_name =~ "Digilent Zybo Z7 210351A822C9A"} -index 0
rst -processor
targets -set -nocase -filter {name =~ "ARM*#0" && jtag_cable_name =~ "Digilent Zybo Z7 210351A822C9A"} -index 0
dow D:/zybodevelopment/zybotimer/zybotimer.sdk/tiimerzybo/Debug/tiimerzybo.elf
configparams force-mem-access 0
----------------End of Script----------------

17:48:14 INFO  : Memory regions updated for context APU
17:48:14 INFO  : Context for processor 'ps7_cortexa9_0' is selected.
17:48:14 INFO  : 'con' command is executed.
17:48:14 INFO  : ----------------XSDB Script (After Launch)----------------
targets -set -nocase -filter {name =~ "ARM*#0" && jtag_cable_name =~ "Digilent Zybo Z7 210351A822C9A"} -index 0
con
----------------End of Script----------------

17:48:14 INFO  : Launch script is exported to file 'D:\zybodevelopment\zybotimer\zybotimer.sdk\.sdk\launch_scripts\xilinx_c-c++_application_(system_debugger)\system_debugger_using_debug_tiimerzybo.elf_on_local.tcl'
17:50:46 INFO  : Disconnected from the channel tcfchan#5.
17:50:47 INFO  : 'targets -set -filter {jtag_cable_name =~ "Digilent Zybo Z7 210351A822C9A" && level==0} -index 1' command is executed.
17:50:47 INFO  : 'fpga -state' command is executed.
17:50:47 INFO  : Connected to target on host '127.0.0.1' and port '3121'.
17:50:48 INFO  : Jtag cable 'Digilent Zybo Z7 210351A822C9A' is selected.
17:50:48 INFO  : 'jtag frequency' command is executed.
17:50:48 INFO  : Sourcing of 'D:/zybodevelopment/zybotimer/zybotimer.sdk/timerzybo_wrapper_hw_platform_0/ps7_init.tcl' is done.
17:50:48 INFO  : Context for 'APU' is selected.
17:50:49 INFO  : Hardware design information is loaded from 'D:/zybodevelopment/zybotimer/zybotimer.sdk/timerzybo_wrapper_hw_platform_0/system.hdf'.
17:50:49 INFO  : 'configparams force-mem-access 1' command is executed.
17:50:49 INFO  : Context for 'APU' is selected.
17:50:49 INFO  : 'stop' command is executed.
17:50:49 INFO  : 'ps7_init' command is executed.
17:50:49 INFO  : 'ps7_post_config' command is executed.
17:50:50 INFO  : Context for processor 'ps7_cortexa9_0' is selected.
17:50:50 INFO  : Processor reset is completed for 'ps7_cortexa9_0'.
17:50:50 INFO  : Context for processor 'ps7_cortexa9_0' is selected.
17:50:50 INFO  : The application 'D:/zybodevelopment/zybotimer/zybotimer.sdk/tiimerzybo/Debug/tiimerzybo.elf' is downloaded to processor 'ps7_cortexa9_0'.
17:50:50 INFO  : 'configparams force-mem-access 0' command is executed.
17:50:50 INFO  : ----------------XSDB Script----------------
connect -url tcp:127.0.0.1:3121
source D:/zybodevelopment/zybotimer/zybotimer.sdk/timerzybo_wrapper_hw_platform_0/ps7_init.tcl
targets -set -nocase -filter {name =~"APU*" && jtag_cable_name =~ "Digilent Zybo Z7 210351A822C9A"} -index 0
loadhw -hw D:/zybodevelopment/zybotimer/zybotimer.sdk/timerzybo_wrapper_hw_platform_0/system.hdf -mem-ranges [list {0x40000000 0xbfffffff}]
configparams force-mem-access 1
targets -set -nocase -filter {name =~"APU*" && jtag_cable_name =~ "Digilent Zybo Z7 210351A822C9A"} -index 0
stop
ps7_init
ps7_post_config
targets -set -nocase -filter {name =~ "ARM*#0" && jtag_cable_name =~ "Digilent Zybo Z7 210351A822C9A"} -index 0
rst -processor
targets -set -nocase -filter {name =~ "ARM*#0" && jtag_cable_name =~ "Digilent Zybo Z7 210351A822C9A"} -index 0
dow D:/zybodevelopment/zybotimer/zybotimer.sdk/tiimerzybo/Debug/tiimerzybo.elf
configparams force-mem-access 0
----------------End of Script----------------

17:50:50 INFO  : Memory regions updated for context APU
17:50:50 INFO  : Context for processor 'ps7_cortexa9_0' is selected.
17:50:50 INFO  : 'con' command is executed.
17:50:50 INFO  : ----------------XSDB Script (After Launch)----------------
targets -set -nocase -filter {name =~ "ARM*#0" && jtag_cable_name =~ "Digilent Zybo Z7 210351A822C9A"} -index 0
con
----------------End of Script----------------

17:50:50 INFO  : Launch script is exported to file 'D:\zybodevelopment\zybotimer\zybotimer.sdk\.sdk\launch_scripts\xilinx_c-c++_application_(system_debugger)\system_debugger_using_debug_tiimerzybo.elf_on_local.tcl'
17:51:20 INFO  : Disconnected from the channel tcfchan#6.
17:51:21 INFO  : 'targets -set -filter {jtag_cable_name =~ "Digilent Zybo Z7 210351A822C9A" && level==0} -index 1' command is executed.
17:51:21 INFO  : 'fpga -state' command is executed.
17:51:21 INFO  : Connected to target on host '127.0.0.1' and port '3121'.
17:51:21 INFO  : Jtag cable 'Digilent Zybo Z7 210351A822C9A' is selected.
17:51:21 INFO  : 'jtag frequency' command is executed.
17:51:21 INFO  : Sourcing of 'D:/zybodevelopment/zybotimer/zybotimer.sdk/timerzybo_wrapper_hw_platform_0/ps7_init.tcl' is done.
17:51:21 INFO  : Context for 'APU' is selected.
17:51:22 INFO  : Hardware design information is loaded from 'D:/zybodevelopment/zybotimer/zybotimer.sdk/timerzybo_wrapper_hw_platform_0/system.hdf'.
17:51:22 INFO  : 'configparams force-mem-access 1' command is executed.
17:51:22 INFO  : Context for 'APU' is selected.
17:51:22 INFO  : 'stop' command is executed.
17:51:23 INFO  : 'ps7_init' command is executed.
17:51:23 INFO  : 'ps7_post_config' command is executed.
17:51:23 INFO  : Context for processor 'ps7_cortexa9_0' is selected.
17:51:23 INFO  : Processor reset is completed for 'ps7_cortexa9_0'.
17:51:23 INFO  : Context for processor 'ps7_cortexa9_0' is selected.
17:51:23 INFO  : The application 'D:/zybodevelopment/zybotimer/zybotimer.sdk/tiimerzybo/Debug/tiimerzybo.elf' is downloaded to processor 'ps7_cortexa9_0'.
17:51:23 INFO  : 'configparams force-mem-access 0' command is executed.
17:51:23 INFO  : ----------------XSDB Script----------------
connect -url tcp:127.0.0.1:3121
source D:/zybodevelopment/zybotimer/zybotimer.sdk/timerzybo_wrapper_hw_platform_0/ps7_init.tcl
targets -set -nocase -filter {name =~"APU*" && jtag_cable_name =~ "Digilent Zybo Z7 210351A822C9A"} -index 0
loadhw -hw D:/zybodevelopment/zybotimer/zybotimer.sdk/timerzybo_wrapper_hw_platform_0/system.hdf -mem-ranges [list {0x40000000 0xbfffffff}]
configparams force-mem-access 1
targets -set -nocase -filter {name =~"APU*" && jtag_cable_name =~ "Digilent Zybo Z7 210351A822C9A"} -index 0
stop
ps7_init
ps7_post_config
targets -set -nocase -filter {name =~ "ARM*#0" && jtag_cable_name =~ "Digilent Zybo Z7 210351A822C9A"} -index 0
rst -processor
targets -set -nocase -filter {name =~ "ARM*#0" && jtag_cable_name =~ "Digilent Zybo Z7 210351A822C9A"} -index 0
dow D:/zybodevelopment/zybotimer/zybotimer.sdk/tiimerzybo/Debug/tiimerzybo.elf
configparams force-mem-access 0
----------------End of Script----------------

17:51:23 INFO  : Memory regions updated for context APU
17:51:23 INFO  : Context for processor 'ps7_cortexa9_0' is selected.
17:51:23 INFO  : 'con' command is executed.
17:51:23 INFO  : ----------------XSDB Script (After Launch)----------------
targets -set -nocase -filter {name =~ "ARM*#0" && jtag_cable_name =~ "Digilent Zybo Z7 210351A822C9A"} -index 0
con
----------------End of Script----------------

17:51:23 INFO  : Launch script is exported to file 'D:\zybodevelopment\zybotimer\zybotimer.sdk\.sdk\launch_scripts\xilinx_c-c++_application_(system_debugger)\system_debugger_using_debug_tiimerzybo.elf_on_local.tcl'
17:51:51 INFO  : Disconnected from the channel tcfchan#7.
17:51:52 INFO  : 'targets -set -filter {jtag_cable_name =~ "Digilent Zybo Z7 210351A822C9A" && level==0} -index 1' command is executed.
17:51:52 INFO  : 'fpga -state' command is executed.
17:51:52 INFO  : Connected to target on host '127.0.0.1' and port '3121'.
17:51:52 INFO  : Jtag cable 'Digilent Zybo Z7 210351A822C9A' is selected.
17:51:52 INFO  : 'jtag frequency' command is executed.
17:51:52 INFO  : Sourcing of 'D:/zybodevelopment/zybotimer/zybotimer.sdk/timerzybo_wrapper_hw_platform_0/ps7_init.tcl' is done.
17:51:52 INFO  : Context for 'APU' is selected.
17:51:54 INFO  : Hardware design information is loaded from 'D:/zybodevelopment/zybotimer/zybotimer.sdk/timerzybo_wrapper_hw_platform_0/system.hdf'.
17:51:54 INFO  : 'configparams force-mem-access 1' command is executed.
17:51:54 INFO  : Context for 'APU' is selected.
17:51:54 INFO  : 'stop' command is executed.
17:51:54 INFO  : 'ps7_init' command is executed.
17:51:54 INFO  : 'ps7_post_config' command is executed.
17:51:54 INFO  : Context for processor 'ps7_cortexa9_0' is selected.
17:51:54 INFO  : Processor reset is completed for 'ps7_cortexa9_0'.
17:51:54 INFO  : Context for processor 'ps7_cortexa9_0' is selected.
17:51:55 INFO  : The application 'D:/zybodevelopment/zybotimer/zybotimer.sdk/tiimerzybo/Debug/tiimerzybo.elf' is downloaded to processor 'ps7_cortexa9_0'.
17:51:55 INFO  : 'configparams force-mem-access 0' command is executed.
17:51:55 INFO  : ----------------XSDB Script----------------
connect -url tcp:127.0.0.1:3121
source D:/zybodevelopment/zybotimer/zybotimer.sdk/timerzybo_wrapper_hw_platform_0/ps7_init.tcl
targets -set -nocase -filter {name =~"APU*" && jtag_cable_name =~ "Digilent Zybo Z7 210351A822C9A"} -index 0
loadhw -hw D:/zybodevelopment/zybotimer/zybotimer.sdk/timerzybo_wrapper_hw_platform_0/system.hdf -mem-ranges [list {0x40000000 0xbfffffff}]
configparams force-mem-access 1
targets -set -nocase -filter {name =~"APU*" && jtag_cable_name =~ "Digilent Zybo Z7 210351A822C9A"} -index 0
stop
ps7_init
ps7_post_config
targets -set -nocase -filter {name =~ "ARM*#0" && jtag_cable_name =~ "Digilent Zybo Z7 210351A822C9A"} -index 0
rst -processor
targets -set -nocase -filter {name =~ "ARM*#0" && jtag_cable_name =~ "Digilent Zybo Z7 210351A822C9A"} -index 0
dow D:/zybodevelopment/zybotimer/zybotimer.sdk/tiimerzybo/Debug/tiimerzybo.elf
configparams force-mem-access 0
----------------End of Script----------------

17:51:55 INFO  : Memory regions updated for context APU
17:51:55 INFO  : Context for processor 'ps7_cortexa9_0' is selected.
17:51:55 INFO  : 'con' command is executed.
17:51:55 INFO  : ----------------XSDB Script (After Launch)----------------
targets -set -nocase -filter {name =~ "ARM*#0" && jtag_cable_name =~ "Digilent Zybo Z7 210351A822C9A"} -index 0
con
----------------End of Script----------------

17:51:55 INFO  : Launch script is exported to file 'D:\zybodevelopment\zybotimer\zybotimer.sdk\.sdk\launch_scripts\xilinx_c-c++_application_(system_debugger)\system_debugger_using_debug_tiimerzybo.elf_on_local.tcl'
17:52:16 INFO  : Disconnected from the channel tcfchan#8.
17:52:17 INFO  : 'targets -set -filter {jtag_cable_name =~ "Digilent Zybo Z7 210351A822C9A" && level==0} -index 1' command is executed.
17:52:17 INFO  : 'fpga -state' command is executed.
17:52:17 INFO  : Connected to target on host '127.0.0.1' and port '3121'.
17:52:17 INFO  : Jtag cable 'Digilent Zybo Z7 210351A822C9A' is selected.
17:52:17 INFO  : 'jtag frequency' command is executed.
17:52:17 INFO  : Sourcing of 'D:/zybodevelopment/zybotimer/zybotimer.sdk/timerzybo_wrapper_hw_platform_0/ps7_init.tcl' is done.
17:52:17 INFO  : Context for 'APU' is selected.
17:52:19 INFO  : Hardware design information is loaded from 'D:/zybodevelopment/zybotimer/zybotimer.sdk/timerzybo_wrapper_hw_platform_0/system.hdf'.
17:52:19 INFO  : 'configparams force-mem-access 1' command is executed.
17:52:19 INFO  : Context for 'APU' is selected.
17:52:19 INFO  : 'stop' command is executed.
17:52:20 INFO  : 'ps7_init' command is executed.
17:52:20 INFO  : 'ps7_post_config' command is executed.
17:52:20 INFO  : Context for processor 'ps7_cortexa9_0' is selected.
17:52:20 INFO  : Processor reset is completed for 'ps7_cortexa9_0'.
17:52:20 INFO  : Context for processor 'ps7_cortexa9_0' is selected.
17:52:20 INFO  : The application 'D:/zybodevelopment/zybotimer/zybotimer.sdk/tiimerzybo/Debug/tiimerzybo.elf' is downloaded to processor 'ps7_cortexa9_0'.
17:52:20 INFO  : 'configparams force-mem-access 0' command is executed.
17:52:20 INFO  : ----------------XSDB Script----------------
connect -url tcp:127.0.0.1:3121
source D:/zybodevelopment/zybotimer/zybotimer.sdk/timerzybo_wrapper_hw_platform_0/ps7_init.tcl
targets -set -nocase -filter {name =~"APU*" && jtag_cable_name =~ "Digilent Zybo Z7 210351A822C9A"} -index 0
loadhw -hw D:/zybodevelopment/zybotimer/zybotimer.sdk/timerzybo_wrapper_hw_platform_0/system.hdf -mem-ranges [list {0x40000000 0xbfffffff}]
configparams force-mem-access 1
targets -set -nocase -filter {name =~"APU*" && jtag_cable_name =~ "Digilent Zybo Z7 210351A822C9A"} -index 0
stop
ps7_init
ps7_post_config
targets -set -nocase -filter {name =~ "ARM*#0" && jtag_cable_name =~ "Digilent Zybo Z7 210351A822C9A"} -index 0
rst -processor
targets -set -nocase -filter {name =~ "ARM*#0" && jtag_cable_name =~ "Digilent Zybo Z7 210351A822C9A"} -index 0
dow D:/zybodevelopment/zybotimer/zybotimer.sdk/tiimerzybo/Debug/tiimerzybo.elf
configparams force-mem-access 0
----------------End of Script----------------

17:52:20 INFO  : Memory regions updated for context APU
17:52:20 INFO  : Context for processor 'ps7_cortexa9_0' is selected.
17:52:20 INFO  : 'con' command is executed.
17:52:20 INFO  : ----------------XSDB Script (After Launch)----------------
targets -set -nocase -filter {name =~ "ARM*#0" && jtag_cable_name =~ "Digilent Zybo Z7 210351A822C9A"} -index 0
con
----------------End of Script----------------

17:52:20 INFO  : Launch script is exported to file 'D:\zybodevelopment\zybotimer\zybotimer.sdk\.sdk\launch_scripts\xilinx_c-c++_application_(system_debugger)\system_debugger_using_debug_tiimerzybo.elf_on_local.tcl'
17:52:41 INFO  : Disconnected from the channel tcfchan#9.
17:52:42 INFO  : 'targets -set -filter {jtag_cable_name =~ "Digilent Zybo Z7 210351A822C9A" && level==0} -index 1' command is executed.
17:52:42 INFO  : 'fpga -state' command is executed.
17:52:42 INFO  : Connected to target on host '127.0.0.1' and port '3121'.
17:52:43 INFO  : Jtag cable 'Digilent Zybo Z7 210351A822C9A' is selected.
17:52:43 INFO  : 'jtag frequency' command is executed.
17:52:43 INFO  : Sourcing of 'D:/zybodevelopment/zybotimer/zybotimer.sdk/timerzybo_wrapper_hw_platform_0/ps7_init.tcl' is done.
17:52:43 INFO  : Context for 'APU' is selected.
17:52:44 INFO  : Hardware design information is loaded from 'D:/zybodevelopment/zybotimer/zybotimer.sdk/timerzybo_wrapper_hw_platform_0/system.hdf'.
17:52:44 INFO  : 'configparams force-mem-access 1' command is executed.
17:52:44 INFO  : Context for 'APU' is selected.
17:52:44 INFO  : 'stop' command is executed.
17:52:44 INFO  : 'ps7_init' command is executed.
17:52:44 INFO  : 'ps7_post_config' command is executed.
17:52:44 INFO  : Context for processor 'ps7_cortexa9_0' is selected.
17:52:44 INFO  : Processor reset is completed for 'ps7_cortexa9_0'.
17:52:45 INFO  : Context for processor 'ps7_cortexa9_0' is selected.
17:52:45 INFO  : The application 'D:/zybodevelopment/zybotimer/zybotimer.sdk/tiimerzybo/Debug/tiimerzybo.elf' is downloaded to processor 'ps7_cortexa9_0'.
17:52:45 INFO  : 'configparams force-mem-access 0' command is executed.
17:52:45 INFO  : ----------------XSDB Script----------------
connect -url tcp:127.0.0.1:3121
source D:/zybodevelopment/zybotimer/zybotimer.sdk/timerzybo_wrapper_hw_platform_0/ps7_init.tcl
targets -set -nocase -filter {name =~"APU*" && jtag_cable_name =~ "Digilent Zybo Z7 210351A822C9A"} -index 0
loadhw -hw D:/zybodevelopment/zybotimer/zybotimer.sdk/timerzybo_wrapper_hw_platform_0/system.hdf -mem-ranges [list {0x40000000 0xbfffffff}]
configparams force-mem-access 1
targets -set -nocase -filter {name =~"APU*" && jtag_cable_name =~ "Digilent Zybo Z7 210351A822C9A"} -index 0
stop
ps7_init
ps7_post_config
targets -set -nocase -filter {name =~ "ARM*#0" && jtag_cable_name =~ "Digilent Zybo Z7 210351A822C9A"} -index 0
rst -processor
targets -set -nocase -filter {name =~ "ARM*#0" && jtag_cable_name =~ "Digilent Zybo Z7 210351A822C9A"} -index 0
dow D:/zybodevelopment/zybotimer/zybotimer.sdk/tiimerzybo/Debug/tiimerzybo.elf
configparams force-mem-access 0
----------------End of Script----------------

17:52:45 INFO  : Memory regions updated for context APU
17:52:45 INFO  : Context for processor 'ps7_cortexa9_0' is selected.
17:52:45 INFO  : 'con' command is executed.
17:52:45 INFO  : ----------------XSDB Script (After Launch)----------------
targets -set -nocase -filter {name =~ "ARM*#0" && jtag_cable_name =~ "Digilent Zybo Z7 210351A822C9A"} -index 0
con
----------------End of Script----------------

17:52:45 INFO  : Launch script is exported to file 'D:\zybodevelopment\zybotimer\zybotimer.sdk\.sdk\launch_scripts\xilinx_c-c++_application_(system_debugger)\system_debugger_using_debug_tiimerzybo.elf_on_local.tcl'
17:53:22 INFO  : Disconnected from the channel tcfchan#10.
17:53:23 INFO  : 'targets -set -filter {jtag_cable_name =~ "Digilent Zybo Z7 210351A822C9A" && level==0} -index 1' command is executed.
17:53:23 INFO  : 'fpga -state' command is executed.
17:53:23 INFO  : Connected to target on host '127.0.0.1' and port '3121'.
17:53:23 INFO  : Jtag cable 'Digilent Zybo Z7 210351A822C9A' is selected.
17:53:23 INFO  : 'jtag frequency' command is executed.
17:53:23 INFO  : Sourcing of 'D:/zybodevelopment/zybotimer/zybotimer.sdk/timerzybo_wrapper_hw_platform_0/ps7_init.tcl' is done.
17:53:23 INFO  : Context for 'APU' is selected.
17:53:25 INFO  : Hardware design information is loaded from 'D:/zybodevelopment/zybotimer/zybotimer.sdk/timerzybo_wrapper_hw_platform_0/system.hdf'.
17:53:25 INFO  : 'configparams force-mem-access 1' command is executed.
17:53:25 INFO  : Context for 'APU' is selected.
17:53:25 INFO  : 'stop' command is executed.
17:53:25 INFO  : 'ps7_init' command is executed.
17:53:25 INFO  : 'ps7_post_config' command is executed.
17:53:25 INFO  : Context for processor 'ps7_cortexa9_0' is selected.
17:53:25 INFO  : Processor reset is completed for 'ps7_cortexa9_0'.
17:53:25 INFO  : Context for processor 'ps7_cortexa9_0' is selected.
17:53:26 INFO  : The application 'D:/zybodevelopment/zybotimer/zybotimer.sdk/tiimerzybo/Debug/tiimerzybo.elf' is downloaded to processor 'ps7_cortexa9_0'.
17:53:26 INFO  : 'configparams force-mem-access 0' command is executed.
17:53:26 INFO  : ----------------XSDB Script----------------
connect -url tcp:127.0.0.1:3121
source D:/zybodevelopment/zybotimer/zybotimer.sdk/timerzybo_wrapper_hw_platform_0/ps7_init.tcl
targets -set -nocase -filter {name =~"APU*" && jtag_cable_name =~ "Digilent Zybo Z7 210351A822C9A"} -index 0
loadhw -hw D:/zybodevelopment/zybotimer/zybotimer.sdk/timerzybo_wrapper_hw_platform_0/system.hdf -mem-ranges [list {0x40000000 0xbfffffff}]
configparams force-mem-access 1
targets -set -nocase -filter {name =~"APU*" && jtag_cable_name =~ "Digilent Zybo Z7 210351A822C9A"} -index 0
stop
ps7_init
ps7_post_config
targets -set -nocase -filter {name =~ "ARM*#0" && jtag_cable_name =~ "Digilent Zybo Z7 210351A822C9A"} -index 0
rst -processor
targets -set -nocase -filter {name =~ "ARM*#0" && jtag_cable_name =~ "Digilent Zybo Z7 210351A822C9A"} -index 0
dow D:/zybodevelopment/zybotimer/zybotimer.sdk/tiimerzybo/Debug/tiimerzybo.elf
configparams force-mem-access 0
----------------End of Script----------------

17:53:26 INFO  : Memory regions updated for context APU
17:53:26 INFO  : Context for processor 'ps7_cortexa9_0' is selected.
17:53:26 INFO  : 'con' command is executed.
17:53:26 INFO  : ----------------XSDB Script (After Launch)----------------
targets -set -nocase -filter {name =~ "ARM*#0" && jtag_cable_name =~ "Digilent Zybo Z7 210351A822C9A"} -index 0
con
----------------End of Script----------------

17:53:26 INFO  : Launch script is exported to file 'D:\zybodevelopment\zybotimer\zybotimer.sdk\.sdk\launch_scripts\xilinx_c-c++_application_(system_debugger)\system_debugger_using_debug_tiimerzybo.elf_on_local.tcl'
17:54:03 INFO  : Disconnected from the channel tcfchan#11.
17:54:04 INFO  : 'targets -set -filter {jtag_cable_name =~ "Digilent Zybo Z7 210351A822C9A" && level==0} -index 1' command is executed.
17:54:04 INFO  : 'fpga -state' command is executed.
17:54:04 INFO  : Connected to target on host '127.0.0.1' and port '3121'.
17:54:05 INFO  : Jtag cable 'Digilent Zybo Z7 210351A822C9A' is selected.
17:54:05 INFO  : 'jtag frequency' command is executed.
17:54:05 INFO  : Sourcing of 'D:/zybodevelopment/zybotimer/zybotimer.sdk/timerzybo_wrapper_hw_platform_0/ps7_init.tcl' is done.
17:54:05 INFO  : Context for 'APU' is selected.
17:54:06 INFO  : Hardware design information is loaded from 'D:/zybodevelopment/zybotimer/zybotimer.sdk/timerzybo_wrapper_hw_platform_0/system.hdf'.
17:54:06 INFO  : 'configparams force-mem-access 1' command is executed.
17:54:06 INFO  : Context for 'APU' is selected.
17:54:06 INFO  : 'stop' command is executed.
17:54:06 INFO  : 'ps7_init' command is executed.
17:54:06 INFO  : 'ps7_post_config' command is executed.
17:54:06 INFO  : Context for processor 'ps7_cortexa9_0' is selected.
17:54:07 INFO  : Processor reset is completed for 'ps7_cortexa9_0'.
17:54:07 INFO  : Context for processor 'ps7_cortexa9_0' is selected.
17:54:07 INFO  : The application 'D:/zybodevelopment/zybotimer/zybotimer.sdk/tiimerzybo/Debug/tiimerzybo.elf' is downloaded to processor 'ps7_cortexa9_0'.
17:54:07 INFO  : 'configparams force-mem-access 0' command is executed.
17:54:07 INFO  : ----------------XSDB Script----------------
connect -url tcp:127.0.0.1:3121
source D:/zybodevelopment/zybotimer/zybotimer.sdk/timerzybo_wrapper_hw_platform_0/ps7_init.tcl
targets -set -nocase -filter {name =~"APU*" && jtag_cable_name =~ "Digilent Zybo Z7 210351A822C9A"} -index 0
loadhw -hw D:/zybodevelopment/zybotimer/zybotimer.sdk/timerzybo_wrapper_hw_platform_0/system.hdf -mem-ranges [list {0x40000000 0xbfffffff}]
configparams force-mem-access 1
targets -set -nocase -filter {name =~"APU*" && jtag_cable_name =~ "Digilent Zybo Z7 210351A822C9A"} -index 0
stop
ps7_init
ps7_post_config
targets -set -nocase -filter {name =~ "ARM*#0" && jtag_cable_name =~ "Digilent Zybo Z7 210351A822C9A"} -index 0
rst -processor
targets -set -nocase -filter {name =~ "ARM*#0" && jtag_cable_name =~ "Digilent Zybo Z7 210351A822C9A"} -index 0
dow D:/zybodevelopment/zybotimer/zybotimer.sdk/tiimerzybo/Debug/tiimerzybo.elf
configparams force-mem-access 0
----------------End of Script----------------

17:54:07 INFO  : Memory regions updated for context APU
17:54:07 INFO  : Context for processor 'ps7_cortexa9_0' is selected.
17:54:07 INFO  : 'con' command is executed.
17:54:07 INFO  : ----------------XSDB Script (After Launch)----------------
targets -set -nocase -filter {name =~ "ARM*#0" && jtag_cable_name =~ "Digilent Zybo Z7 210351A822C9A"} -index 0
con
----------------End of Script----------------

17:54:07 INFO  : Launch script is exported to file 'D:\zybodevelopment\zybotimer\zybotimer.sdk\.sdk\launch_scripts\xilinx_c-c++_application_(system_debugger)\system_debugger_using_debug_tiimerzybo.elf_on_local.tcl'
17:54:22 INFO  : Disconnected from the channel tcfchan#12.
17:54:23 INFO  : 'targets -set -filter {jtag_cable_name =~ "Digilent Zybo Z7 210351A822C9A" && level==0} -index 1' command is executed.
17:54:23 INFO  : 'fpga -state' command is executed.
17:54:23 INFO  : Connected to target on host '127.0.0.1' and port '3121'.
17:54:23 INFO  : Jtag cable 'Digilent Zybo Z7 210351A822C9A' is selected.
17:54:23 INFO  : 'jtag frequency' command is executed.
17:54:23 INFO  : Sourcing of 'D:/zybodevelopment/zybotimer/zybotimer.sdk/timerzybo_wrapper_hw_platform_0/ps7_init.tcl' is done.
17:54:23 INFO  : Context for 'APU' is selected.
17:54:24 INFO  : Hardware design information is loaded from 'D:/zybodevelopment/zybotimer/zybotimer.sdk/timerzybo_wrapper_hw_platform_0/system.hdf'.
17:54:24 INFO  : 'configparams force-mem-access 1' command is executed.
17:54:24 INFO  : Context for 'APU' is selected.
17:54:24 INFO  : 'stop' command is executed.
17:54:25 INFO  : 'ps7_init' command is executed.
17:54:25 INFO  : 'ps7_post_config' command is executed.
17:54:25 INFO  : Context for processor 'ps7_cortexa9_0' is selected.
17:54:25 INFO  : Processor reset is completed for 'ps7_cortexa9_0'.
17:54:25 INFO  : Context for processor 'ps7_cortexa9_0' is selected.
17:54:25 INFO  : The application 'D:/zybodevelopment/zybotimer/zybotimer.sdk/tiimerzybo/Debug/tiimerzybo.elf' is downloaded to processor 'ps7_cortexa9_0'.
17:54:25 INFO  : 'configparams force-mem-access 0' command is executed.
17:54:25 INFO  : ----------------XSDB Script----------------
connect -url tcp:127.0.0.1:3121
source D:/zybodevelopment/zybotimer/zybotimer.sdk/timerzybo_wrapper_hw_platform_0/ps7_init.tcl
targets -set -nocase -filter {name =~"APU*" && jtag_cable_name =~ "Digilent Zybo Z7 210351A822C9A"} -index 0
loadhw -hw D:/zybodevelopment/zybotimer/zybotimer.sdk/timerzybo_wrapper_hw_platform_0/system.hdf -mem-ranges [list {0x40000000 0xbfffffff}]
configparams force-mem-access 1
targets -set -nocase -filter {name =~"APU*" && jtag_cable_name =~ "Digilent Zybo Z7 210351A822C9A"} -index 0
stop
ps7_init
ps7_post_config
targets -set -nocase -filter {name =~ "ARM*#0" && jtag_cable_name =~ "Digilent Zybo Z7 210351A822C9A"} -index 0
rst -processor
targets -set -nocase -filter {name =~ "ARM*#0" && jtag_cable_name =~ "Digilent Zybo Z7 210351A822C9A"} -index 0
dow D:/zybodevelopment/zybotimer/zybotimer.sdk/tiimerzybo/Debug/tiimerzybo.elf
configparams force-mem-access 0
----------------End of Script----------------

17:54:25 INFO  : Memory regions updated for context APU
17:54:25 INFO  : Context for processor 'ps7_cortexa9_0' is selected.
17:54:25 INFO  : 'con' command is executed.
17:54:25 INFO  : ----------------XSDB Script (After Launch)----------------
targets -set -nocase -filter {name =~ "ARM*#0" && jtag_cable_name =~ "Digilent Zybo Z7 210351A822C9A"} -index 0
con
----------------End of Script----------------

17:54:25 INFO  : Launch script is exported to file 'D:\zybodevelopment\zybotimer\zybotimer.sdk\.sdk\launch_scripts\xilinx_c-c++_application_(system_debugger)\system_debugger_using_debug_tiimerzybo.elf_on_local.tcl'
17:55:14 INFO  : Disconnected from the channel tcfchan#13.
17:55:15 INFO  : 'targets -set -filter {jtag_cable_name =~ "Digilent Zybo Z7 210351A822C9A" && level==0} -index 1' command is executed.
17:55:15 INFO  : 'fpga -state' command is executed.
17:55:17 INFO  : Connected to target on host '127.0.0.1' and port '3121'.
17:55:17 INFO  : Jtag cable 'Digilent Zybo Z7 210351A822C9A' is selected.
17:55:17 INFO  : 'jtag frequency' command is executed.
17:55:17 INFO  : Sourcing of 'D:/zybodevelopment/zybotimer/zybotimer.sdk/timerzybo_wrapper_hw_platform_0/ps7_init.tcl' is done.
17:55:18 INFO  : Context for 'APU' is selected.
17:55:19 INFO  : Hardware design information is loaded from 'D:/zybodevelopment/zybotimer/zybotimer.sdk/timerzybo_wrapper_hw_platform_0/system.hdf'.
17:55:19 INFO  : 'configparams force-mem-access 1' command is executed.
17:55:19 INFO  : Context for 'APU' is selected.
17:55:19 INFO  : 'stop' command is executed.
17:55:19 INFO  : 'ps7_init' command is executed.
17:55:19 INFO  : 'ps7_post_config' command is executed.
17:55:19 INFO  : Context for processor 'ps7_cortexa9_0' is selected.
17:55:20 INFO  : Processor reset is completed for 'ps7_cortexa9_0'.
17:55:20 INFO  : Context for processor 'ps7_cortexa9_0' is selected.
17:55:20 INFO  : The application 'D:/zybodevelopment/zybotimer/zybotimer.sdk/tiimerzybo/Debug/tiimerzybo.elf' is downloaded to processor 'ps7_cortexa9_0'.
17:55:20 INFO  : 'configparams force-mem-access 0' command is executed.
17:55:20 INFO  : ----------------XSDB Script----------------
connect -url tcp:127.0.0.1:3121
source D:/zybodevelopment/zybotimer/zybotimer.sdk/timerzybo_wrapper_hw_platform_0/ps7_init.tcl
targets -set -nocase -filter {name =~"APU*" && jtag_cable_name =~ "Digilent Zybo Z7 210351A822C9A"} -index 0
loadhw -hw D:/zybodevelopment/zybotimer/zybotimer.sdk/timerzybo_wrapper_hw_platform_0/system.hdf -mem-ranges [list {0x40000000 0xbfffffff}]
configparams force-mem-access 1
targets -set -nocase -filter {name =~"APU*" && jtag_cable_name =~ "Digilent Zybo Z7 210351A822C9A"} -index 0
stop
ps7_init
ps7_post_config
targets -set -nocase -filter {name =~ "ARM*#0" && jtag_cable_name =~ "Digilent Zybo Z7 210351A822C9A"} -index 0
rst -processor
targets -set -nocase -filter {name =~ "ARM*#0" && jtag_cable_name =~ "Digilent Zybo Z7 210351A822C9A"} -index 0
dow D:/zybodevelopment/zybotimer/zybotimer.sdk/tiimerzybo/Debug/tiimerzybo.elf
configparams force-mem-access 0
----------------End of Script----------------

17:55:20 INFO  : Memory regions updated for context APU
17:55:20 INFO  : Context for processor 'ps7_cortexa9_0' is selected.
17:55:20 INFO  : 'con' command is executed.
17:55:20 INFO  : ----------------XSDB Script (After Launch)----------------
targets -set -nocase -filter {name =~ "ARM*#0" && jtag_cable_name =~ "Digilent Zybo Z7 210351A822C9A"} -index 0
con
----------------End of Script----------------

17:55:20 INFO  : Launch script is exported to file 'D:\zybodevelopment\zybotimer\zybotimer.sdk\.sdk\launch_scripts\xilinx_c-c++_application_(system_debugger)\system_debugger_using_debug_tiimerzybo.elf_on_local.tcl'
17:55:43 INFO  : Disconnected from the channel tcfchan#14.
17:55:45 INFO  : 'targets -set -filter {jtag_cable_name =~ "Digilent Zybo Z7 210351A822C9A" && level==0} -index 1' command is executed.
17:55:45 INFO  : 'fpga -state' command is executed.
17:55:45 INFO  : Connected to target on host '127.0.0.1' and port '3121'.
17:55:46 INFO  : Jtag cable 'Digilent Zybo Z7 210351A822C9A' is selected.
17:55:46 INFO  : 'jtag frequency' command is executed.
17:55:46 INFO  : Sourcing of 'D:/zybodevelopment/zybotimer/zybotimer.sdk/timerzybo_wrapper_hw_platform_0/ps7_init.tcl' is done.
17:55:46 INFO  : Context for 'APU' is selected.
17:55:48 INFO  : Hardware design information is loaded from 'D:/zybodevelopment/zybotimer/zybotimer.sdk/timerzybo_wrapper_hw_platform_0/system.hdf'.
17:55:48 INFO  : 'configparams force-mem-access 1' command is executed.
17:55:48 INFO  : Context for 'APU' is selected.
17:55:48 INFO  : 'stop' command is executed.
17:55:48 INFO  : 'ps7_init' command is executed.
17:55:48 INFO  : 'ps7_post_config' command is executed.
17:55:48 INFO  : Context for processor 'ps7_cortexa9_0' is selected.
17:55:48 INFO  : Processor reset is completed for 'ps7_cortexa9_0'.
17:55:48 INFO  : Context for processor 'ps7_cortexa9_0' is selected.
17:55:48 INFO  : The application 'D:/zybodevelopment/zybotimer/zybotimer.sdk/tiimerzybo/Debug/tiimerzybo.elf' is downloaded to processor 'ps7_cortexa9_0'.
17:55:48 INFO  : 'configparams force-mem-access 0' command is executed.
17:55:48 INFO  : ----------------XSDB Script----------------
connect -url tcp:127.0.0.1:3121
source D:/zybodevelopment/zybotimer/zybotimer.sdk/timerzybo_wrapper_hw_platform_0/ps7_init.tcl
targets -set -nocase -filter {name =~"APU*" && jtag_cable_name =~ "Digilent Zybo Z7 210351A822C9A"} -index 0
loadhw -hw D:/zybodevelopment/zybotimer/zybotimer.sdk/timerzybo_wrapper_hw_platform_0/system.hdf -mem-ranges [list {0x40000000 0xbfffffff}]
configparams force-mem-access 1
targets -set -nocase -filter {name =~"APU*" && jtag_cable_name =~ "Digilent Zybo Z7 210351A822C9A"} -index 0
stop
ps7_init
ps7_post_config
targets -set -nocase -filter {name =~ "ARM*#0" && jtag_cable_name =~ "Digilent Zybo Z7 210351A822C9A"} -index 0
rst -processor
targets -set -nocase -filter {name =~ "ARM*#0" && jtag_cable_name =~ "Digilent Zybo Z7 210351A822C9A"} -index 0
dow D:/zybodevelopment/zybotimer/zybotimer.sdk/tiimerzybo/Debug/tiimerzybo.elf
configparams force-mem-access 0
----------------End of Script----------------

17:55:49 INFO  : Memory regions updated for context APU
17:55:49 INFO  : Context for processor 'ps7_cortexa9_0' is selected.
17:55:49 INFO  : 'con' command is executed.
17:55:49 INFO  : ----------------XSDB Script (After Launch)----------------
targets -set -nocase -filter {name =~ "ARM*#0" && jtag_cable_name =~ "Digilent Zybo Z7 210351A822C9A"} -index 0
con
----------------End of Script----------------

17:55:49 INFO  : Launch script is exported to file 'D:\zybodevelopment\zybotimer\zybotimer.sdk\.sdk\launch_scripts\xilinx_c-c++_application_(system_debugger)\system_debugger_using_debug_tiimerzybo.elf_on_local.tcl'
17:56:32 INFO  : Disconnected from the channel tcfchan#15.
17:56:33 INFO  : 'targets -set -filter {jtag_cable_name =~ "Digilent Zybo Z7 210351A822C9A" && level==0} -index 1' command is executed.
17:56:33 INFO  : 'fpga -state' command is executed.
17:56:34 INFO  : Connected to target on host '127.0.0.1' and port '3121'.
17:56:34 INFO  : Jtag cable 'Digilent Zybo Z7 210351A822C9A' is selected.
17:56:34 INFO  : 'jtag frequency' command is executed.
17:56:34 INFO  : Sourcing of 'D:/zybodevelopment/zybotimer/zybotimer.sdk/timerzybo_wrapper_hw_platform_0/ps7_init.tcl' is done.
17:56:34 INFO  : Context for 'APU' is selected.
17:56:36 INFO  : Hardware design information is loaded from 'D:/zybodevelopment/zybotimer/zybotimer.sdk/timerzybo_wrapper_hw_platform_0/system.hdf'.
17:56:36 INFO  : 'configparams force-mem-access 1' command is executed.
17:56:36 INFO  : Context for 'APU' is selected.
17:56:36 INFO  : 'stop' command is executed.
17:56:36 INFO  : 'ps7_init' command is executed.
17:56:36 INFO  : 'ps7_post_config' command is executed.
17:56:36 INFO  : Context for processor 'ps7_cortexa9_0' is selected.
17:56:36 INFO  : Processor reset is completed for 'ps7_cortexa9_0'.
17:56:36 INFO  : Context for processor 'ps7_cortexa9_0' is selected.
17:56:36 INFO  : The application 'D:/zybodevelopment/zybotimer/zybotimer.sdk/tiimerzybo/Debug/tiimerzybo.elf' is downloaded to processor 'ps7_cortexa9_0'.
17:56:36 INFO  : 'configparams force-mem-access 0' command is executed.
17:56:36 INFO  : ----------------XSDB Script----------------
connect -url tcp:127.0.0.1:3121
source D:/zybodevelopment/zybotimer/zybotimer.sdk/timerzybo_wrapper_hw_platform_0/ps7_init.tcl
targets -set -nocase -filter {name =~"APU*" && jtag_cable_name =~ "Digilent Zybo Z7 210351A822C9A"} -index 0
loadhw -hw D:/zybodevelopment/zybotimer/zybotimer.sdk/timerzybo_wrapper_hw_platform_0/system.hdf -mem-ranges [list {0x40000000 0xbfffffff}]
configparams force-mem-access 1
targets -set -nocase -filter {name =~"APU*" && jtag_cable_name =~ "Digilent Zybo Z7 210351A822C9A"} -index 0
stop
ps7_init
ps7_post_config
targets -set -nocase -filter {name =~ "ARM*#0" && jtag_cable_name =~ "Digilent Zybo Z7 210351A822C9A"} -index 0
rst -processor
targets -set -nocase -filter {name =~ "ARM*#0" && jtag_cable_name =~ "Digilent Zybo Z7 210351A822C9A"} -index 0
dow D:/zybodevelopment/zybotimer/zybotimer.sdk/tiimerzybo/Debug/tiimerzybo.elf
configparams force-mem-access 0
----------------End of Script----------------

17:56:36 INFO  : Memory regions updated for context APU
17:56:36 INFO  : Context for processor 'ps7_cortexa9_0' is selected.
17:56:36 INFO  : 'con' command is executed.
17:56:36 INFO  : ----------------XSDB Script (After Launch)----------------
targets -set -nocase -filter {name =~ "ARM*#0" && jtag_cable_name =~ "Digilent Zybo Z7 210351A822C9A"} -index 0
con
----------------End of Script----------------

17:56:36 INFO  : Launch script is exported to file 'D:\zybodevelopment\zybotimer\zybotimer.sdk\.sdk\launch_scripts\xilinx_c-c++_application_(system_debugger)\system_debugger_using_debug_tiimerzybo.elf_on_local.tcl'
17:57:24 INFO  : Disconnected from the channel tcfchan#16.
17:57:25 INFO  : 'targets -set -filter {jtag_cable_name =~ "Digilent Zybo Z7 210351A822C9A" && level==0} -index 1' command is executed.
17:57:25 INFO  : 'fpga -state' command is executed.
17:57:26 INFO  : Connected to target on host '127.0.0.1' and port '3121'.
17:57:26 INFO  : Jtag cable 'Digilent Zybo Z7 210351A822C9A' is selected.
17:57:26 INFO  : 'jtag frequency' command is executed.
17:57:26 INFO  : Sourcing of 'D:/zybodevelopment/zybotimer/zybotimer.sdk/timerzybo_wrapper_hw_platform_0/ps7_init.tcl' is done.
17:57:26 INFO  : Context for 'APU' is selected.
17:57:27 INFO  : Hardware design information is loaded from 'D:/zybodevelopment/zybotimer/zybotimer.sdk/timerzybo_wrapper_hw_platform_0/system.hdf'.
17:57:27 INFO  : 'configparams force-mem-access 1' command is executed.
17:57:27 INFO  : Context for 'APU' is selected.
17:57:27 INFO  : 'stop' command is executed.
17:57:28 INFO  : 'ps7_init' command is executed.
17:57:28 INFO  : 'ps7_post_config' command is executed.
17:57:28 INFO  : Context for processor 'ps7_cortexa9_0' is selected.
17:57:28 INFO  : Processor reset is completed for 'ps7_cortexa9_0'.
17:57:28 INFO  : Context for processor 'ps7_cortexa9_0' is selected.
17:57:28 INFO  : The application 'D:/zybodevelopment/zybotimer/zybotimer.sdk/tiimerzybo/Debug/tiimerzybo.elf' is downloaded to processor 'ps7_cortexa9_0'.
17:57:28 INFO  : 'configparams force-mem-access 0' command is executed.
17:57:28 INFO  : ----------------XSDB Script----------------
connect -url tcp:127.0.0.1:3121
source D:/zybodevelopment/zybotimer/zybotimer.sdk/timerzybo_wrapper_hw_platform_0/ps7_init.tcl
targets -set -nocase -filter {name =~"APU*" && jtag_cable_name =~ "Digilent Zybo Z7 210351A822C9A"} -index 0
loadhw -hw D:/zybodevelopment/zybotimer/zybotimer.sdk/timerzybo_wrapper_hw_platform_0/system.hdf -mem-ranges [list {0x40000000 0xbfffffff}]
configparams force-mem-access 1
targets -set -nocase -filter {name =~"APU*" && jtag_cable_name =~ "Digilent Zybo Z7 210351A822C9A"} -index 0
stop
ps7_init
ps7_post_config
targets -set -nocase -filter {name =~ "ARM*#0" && jtag_cable_name =~ "Digilent Zybo Z7 210351A822C9A"} -index 0
rst -processor
targets -set -nocase -filter {name =~ "ARM*#0" && jtag_cable_name =~ "Digilent Zybo Z7 210351A822C9A"} -index 0
dow D:/zybodevelopment/zybotimer/zybotimer.sdk/tiimerzybo/Debug/tiimerzybo.elf
configparams force-mem-access 0
----------------End of Script----------------

17:57:28 INFO  : Memory regions updated for context APU
17:57:28 INFO  : Context for processor 'ps7_cortexa9_0' is selected.
17:57:28 INFO  : 'con' command is executed.
17:57:28 INFO  : ----------------XSDB Script (After Launch)----------------
targets -set -nocase -filter {name =~ "ARM*#0" && jtag_cable_name =~ "Digilent Zybo Z7 210351A822C9A"} -index 0
con
----------------End of Script----------------

17:57:28 INFO  : Launch script is exported to file 'D:\zybodevelopment\zybotimer\zybotimer.sdk\.sdk\launch_scripts\xilinx_c-c++_application_(system_debugger)\system_debugger_using_debug_tiimerzybo.elf_on_local.tcl'
17:57:45 INFO  : Disconnected from the channel tcfchan#17.
17:57:46 INFO  : 'targets -set -filter {jtag_cable_name =~ "Digilent Zybo Z7 210351A822C9A" && level==0} -index 1' command is executed.
17:57:46 INFO  : 'fpga -state' command is executed.
17:57:47 INFO  : Connected to target on host '127.0.0.1' and port '3121'.
17:57:47 INFO  : Jtag cable 'Digilent Zybo Z7 210351A822C9A' is selected.
17:57:47 INFO  : 'jtag frequency' command is executed.
17:57:47 INFO  : Sourcing of 'D:/zybodevelopment/zybotimer/zybotimer.sdk/timerzybo_wrapper_hw_platform_0/ps7_init.tcl' is done.
17:57:47 INFO  : Context for 'APU' is selected.
17:57:49 INFO  : Hardware design information is loaded from 'D:/zybodevelopment/zybotimer/zybotimer.sdk/timerzybo_wrapper_hw_platform_0/system.hdf'.
17:57:49 INFO  : 'configparams force-mem-access 1' command is executed.
17:57:49 INFO  : Context for 'APU' is selected.
17:57:49 INFO  : 'stop' command is executed.
17:57:49 INFO  : 'ps7_init' command is executed.
17:57:49 INFO  : 'ps7_post_config' command is executed.
17:57:49 INFO  : Context for processor 'ps7_cortexa9_0' is selected.
17:57:49 INFO  : Processor reset is completed for 'ps7_cortexa9_0'.
17:57:49 INFO  : Context for processor 'ps7_cortexa9_0' is selected.
17:57:50 INFO  : The application 'D:/zybodevelopment/zybotimer/zybotimer.sdk/tiimerzybo/Debug/tiimerzybo.elf' is downloaded to processor 'ps7_cortexa9_0'.
17:57:50 INFO  : 'configparams force-mem-access 0' command is executed.
17:57:50 INFO  : ----------------XSDB Script----------------
connect -url tcp:127.0.0.1:3121
source D:/zybodevelopment/zybotimer/zybotimer.sdk/timerzybo_wrapper_hw_platform_0/ps7_init.tcl
targets -set -nocase -filter {name =~"APU*" && jtag_cable_name =~ "Digilent Zybo Z7 210351A822C9A"} -index 0
loadhw -hw D:/zybodevelopment/zybotimer/zybotimer.sdk/timerzybo_wrapper_hw_platform_0/system.hdf -mem-ranges [list {0x40000000 0xbfffffff}]
configparams force-mem-access 1
targets -set -nocase -filter {name =~"APU*" && jtag_cable_name =~ "Digilent Zybo Z7 210351A822C9A"} -index 0
stop
ps7_init
ps7_post_config
targets -set -nocase -filter {name =~ "ARM*#0" && jtag_cable_name =~ "Digilent Zybo Z7 210351A822C9A"} -index 0
rst -processor
targets -set -nocase -filter {name =~ "ARM*#0" && jtag_cable_name =~ "Digilent Zybo Z7 210351A822C9A"} -index 0
dow D:/zybodevelopment/zybotimer/zybotimer.sdk/tiimerzybo/Debug/tiimerzybo.elf
configparams force-mem-access 0
----------------End of Script----------------

17:57:50 INFO  : Memory regions updated for context APU
17:57:50 INFO  : Context for processor 'ps7_cortexa9_0' is selected.
17:57:50 INFO  : 'con' command is executed.
17:57:50 INFO  : ----------------XSDB Script (After Launch)----------------
targets -set -nocase -filter {name =~ "ARM*#0" && jtag_cable_name =~ "Digilent Zybo Z7 210351A822C9A"} -index 0
con
----------------End of Script----------------

17:57:50 INFO  : Launch script is exported to file 'D:\zybodevelopment\zybotimer\zybotimer.sdk\.sdk\launch_scripts\xilinx_c-c++_application_(system_debugger)\system_debugger_using_debug_tiimerzybo.elf_on_local.tcl'
17:58:40 INFO  : Disconnected from the channel tcfchan#18.
17:58:41 INFO  : 'targets -set -filter {jtag_cable_name =~ "Digilent Zybo Z7 210351A822C9A" && level==0} -index 1' command is executed.
17:58:41 INFO  : 'fpga -state' command is executed.
17:58:42 INFO  : Connected to target on host '127.0.0.1' and port '3121'.
17:58:43 INFO  : Jtag cable 'Digilent Zybo Z7 210351A822C9A' is selected.
17:58:43 INFO  : 'jtag frequency' command is executed.
17:58:43 INFO  : Sourcing of 'D:/zybodevelopment/zybotimer/zybotimer.sdk/timerzybo_wrapper_hw_platform_0/ps7_init.tcl' is done.
17:58:43 INFO  : Context for 'APU' is selected.
17:58:44 INFO  : Hardware design information is loaded from 'D:/zybodevelopment/zybotimer/zybotimer.sdk/timerzybo_wrapper_hw_platform_0/system.hdf'.
17:58:44 INFO  : 'configparams force-mem-access 1' command is executed.
17:58:44 INFO  : Context for 'APU' is selected.
17:58:44 INFO  : 'stop' command is executed.
17:58:44 INFO  : 'ps7_init' command is executed.
17:58:44 INFO  : 'ps7_post_config' command is executed.
17:58:45 INFO  : Context for processor 'ps7_cortexa9_0' is selected.
17:58:45 INFO  : Processor reset is completed for 'ps7_cortexa9_0'.
17:58:45 INFO  : Context for processor 'ps7_cortexa9_0' is selected.
17:58:45 INFO  : The application 'D:/zybodevelopment/zybotimer/zybotimer.sdk/tiimerzybo/Debug/tiimerzybo.elf' is downloaded to processor 'ps7_cortexa9_0'.
17:58:45 INFO  : 'configparams force-mem-access 0' command is executed.
17:58:45 INFO  : ----------------XSDB Script----------------
connect -url tcp:127.0.0.1:3121
source D:/zybodevelopment/zybotimer/zybotimer.sdk/timerzybo_wrapper_hw_platform_0/ps7_init.tcl
targets -set -nocase -filter {name =~"APU*" && jtag_cable_name =~ "Digilent Zybo Z7 210351A822C9A"} -index 0
loadhw -hw D:/zybodevelopment/zybotimer/zybotimer.sdk/timerzybo_wrapper_hw_platform_0/system.hdf -mem-ranges [list {0x40000000 0xbfffffff}]
configparams force-mem-access 1
targets -set -nocase -filter {name =~"APU*" && jtag_cable_name =~ "Digilent Zybo Z7 210351A822C9A"} -index 0
stop
ps7_init
ps7_post_config
targets -set -nocase -filter {name =~ "ARM*#0" && jtag_cable_name =~ "Digilent Zybo Z7 210351A822C9A"} -index 0
rst -processor
targets -set -nocase -filter {name =~ "ARM*#0" && jtag_cable_name =~ "Digilent Zybo Z7 210351A822C9A"} -index 0
dow D:/zybodevelopment/zybotimer/zybotimer.sdk/tiimerzybo/Debug/tiimerzybo.elf
configparams force-mem-access 0
----------------End of Script----------------

17:58:45 INFO  : Memory regions updated for context APU
17:58:45 INFO  : Context for processor 'ps7_cortexa9_0' is selected.
17:58:45 INFO  : 'con' command is executed.
17:58:45 INFO  : ----------------XSDB Script (After Launch)----------------
targets -set -nocase -filter {name =~ "ARM*#0" && jtag_cable_name =~ "Digilent Zybo Z7 210351A822C9A"} -index 0
con
----------------End of Script----------------

17:58:45 INFO  : Launch script is exported to file 'D:\zybodevelopment\zybotimer\zybotimer.sdk\.sdk\launch_scripts\xilinx_c-c++_application_(system_debugger)\system_debugger_using_debug_tiimerzybo.elf_on_local.tcl'
18:02:03 INFO  : Disconnected from the channel tcfchan#19.
18:02:05 INFO  : 'targets -set -filter {jtag_cable_name =~ "Digilent Zybo Z7 210351A822C9A" && level==0} -index 1' command is executed.
18:02:05 INFO  : 'fpga -state' command is executed.
18:02:09 INFO  : Connected to target on host '127.0.0.1' and port '3121'.
18:02:09 INFO  : Jtag cable 'Digilent Zybo Z7 210351A822C9A' is selected.
18:02:09 INFO  : 'jtag frequency' command is executed.
18:02:09 INFO  : Sourcing of 'D:/zybodevelopment/zybotimer/zybotimer.sdk/timerzybo_wrapper_hw_platform_0/ps7_init.tcl' is done.
18:02:10 INFO  : Context for 'APU' is selected.
18:02:12 INFO  : Hardware design information is loaded from 'D:/zybodevelopment/zybotimer/zybotimer.sdk/timerzybo_wrapper_hw_platform_0/system.hdf'.
18:02:12 INFO  : 'configparams force-mem-access 1' command is executed.
18:02:13 INFO  : Context for 'APU' is selected.
18:02:13 INFO  : 'stop' command is executed.
18:02:13 INFO  : 'ps7_init' command is executed.
18:02:13 INFO  : 'ps7_post_config' command is executed.
18:02:13 INFO  : Context for processor 'ps7_cortexa9_0' is selected.
18:02:13 INFO  : Processor reset is completed for 'ps7_cortexa9_0'.
18:02:13 INFO  : Context for processor 'ps7_cortexa9_0' is selected.
18:02:13 INFO  : The application 'D:/zybodevelopment/zybotimer/zybotimer.sdk/tiimerzybo/Debug/tiimerzybo.elf' is downloaded to processor 'ps7_cortexa9_0'.
18:02:13 INFO  : 'configparams force-mem-access 0' command is executed.
18:02:13 INFO  : ----------------XSDB Script----------------
connect -url tcp:127.0.0.1:3121
source D:/zybodevelopment/zybotimer/zybotimer.sdk/timerzybo_wrapper_hw_platform_0/ps7_init.tcl
targets -set -nocase -filter {name =~"APU*" && jtag_cable_name =~ "Digilent Zybo Z7 210351A822C9A"} -index 0
loadhw -hw D:/zybodevelopment/zybotimer/zybotimer.sdk/timerzybo_wrapper_hw_platform_0/system.hdf -mem-ranges [list {0x40000000 0xbfffffff}]
configparams force-mem-access 1
targets -set -nocase -filter {name =~"APU*" && jtag_cable_name =~ "Digilent Zybo Z7 210351A822C9A"} -index 0
stop
ps7_init
ps7_post_config
targets -set -nocase -filter {name =~ "ARM*#0" && jtag_cable_name =~ "Digilent Zybo Z7 210351A822C9A"} -index 0
rst -processor
targets -set -nocase -filter {name =~ "ARM*#0" && jtag_cable_name =~ "Digilent Zybo Z7 210351A822C9A"} -index 0
dow D:/zybodevelopment/zybotimer/zybotimer.sdk/tiimerzybo/Debug/tiimerzybo.elf
configparams force-mem-access 0
----------------End of Script----------------

18:02:13 INFO  : Memory regions updated for context APU
18:02:14 INFO  : Context for processor 'ps7_cortexa9_0' is selected.
18:02:14 INFO  : 'con' command is executed.
18:02:14 INFO  : ----------------XSDB Script (After Launch)----------------
targets -set -nocase -filter {name =~ "ARM*#0" && jtag_cable_name =~ "Digilent Zybo Z7 210351A822C9A"} -index 0
con
----------------End of Script----------------

18:02:14 INFO  : Launch script is exported to file 'D:\zybodevelopment\zybotimer\zybotimer.sdk\.sdk\launch_scripts\xilinx_c-c++_application_(system_debugger)\system_debugger_using_debug_tiimerzybo.elf_on_local.tcl'
18:03:09 INFO  : Disconnected from the channel tcfchan#20.
18:03:10 INFO  : 'targets -set -filter {jtag_cable_name =~ "Digilent Zybo Z7 210351A822C9A" && level==0} -index 1' command is executed.
18:03:10 INFO  : 'fpga -state' command is executed.
18:03:11 INFO  : Connected to target on host '127.0.0.1' and port '3121'.
18:03:11 INFO  : Jtag cable 'Digilent Zybo Z7 210351A822C9A' is selected.
18:03:11 INFO  : 'jtag frequency' command is executed.
18:03:11 INFO  : Sourcing of 'D:/zybodevelopment/zybotimer/zybotimer.sdk/timerzybo_wrapper_hw_platform_0/ps7_init.tcl' is done.
18:03:11 INFO  : Context for 'APU' is selected.
18:03:13 INFO  : Hardware design information is loaded from 'D:/zybodevelopment/zybotimer/zybotimer.sdk/timerzybo_wrapper_hw_platform_0/system.hdf'.
18:03:13 INFO  : 'configparams force-mem-access 1' command is executed.
18:03:13 INFO  : Context for 'APU' is selected.
18:03:13 INFO  : 'stop' command is executed.
18:03:13 INFO  : 'ps7_init' command is executed.
18:03:13 INFO  : 'ps7_post_config' command is executed.
18:03:13 INFO  : Context for processor 'ps7_cortexa9_0' is selected.
18:03:13 INFO  : Processor reset is completed for 'ps7_cortexa9_0'.
18:03:13 INFO  : Context for processor 'ps7_cortexa9_0' is selected.
18:03:13 INFO  : The application 'D:/zybodevelopment/zybotimer/zybotimer.sdk/tiimerzybo/Debug/tiimerzybo.elf' is downloaded to processor 'ps7_cortexa9_0'.
18:03:13 INFO  : 'configparams force-mem-access 0' command is executed.
18:03:13 INFO  : ----------------XSDB Script----------------
connect -url tcp:127.0.0.1:3121
source D:/zybodevelopment/zybotimer/zybotimer.sdk/timerzybo_wrapper_hw_platform_0/ps7_init.tcl
targets -set -nocase -filter {name =~"APU*" && jtag_cable_name =~ "Digilent Zybo Z7 210351A822C9A"} -index 0
loadhw -hw D:/zybodevelopment/zybotimer/zybotimer.sdk/timerzybo_wrapper_hw_platform_0/system.hdf -mem-ranges [list {0x40000000 0xbfffffff}]
configparams force-mem-access 1
targets -set -nocase -filter {name =~"APU*" && jtag_cable_name =~ "Digilent Zybo Z7 210351A822C9A"} -index 0
stop
ps7_init
ps7_post_config
targets -set -nocase -filter {name =~ "ARM*#0" && jtag_cable_name =~ "Digilent Zybo Z7 210351A822C9A"} -index 0
rst -processor
targets -set -nocase -filter {name =~ "ARM*#0" && jtag_cable_name =~ "Digilent Zybo Z7 210351A822C9A"} -index 0
dow D:/zybodevelopment/zybotimer/zybotimer.sdk/tiimerzybo/Debug/tiimerzybo.elf
configparams force-mem-access 0
----------------End of Script----------------

18:03:14 INFO  : Memory regions updated for context APU
18:03:14 INFO  : Context for processor 'ps7_cortexa9_0' is selected.
18:03:14 INFO  : 'con' command is executed.
18:03:14 INFO  : ----------------XSDB Script (After Launch)----------------
targets -set -nocase -filter {name =~ "ARM*#0" && jtag_cable_name =~ "Digilent Zybo Z7 210351A822C9A"} -index 0
con
----------------End of Script----------------

18:03:14 INFO  : Launch script is exported to file 'D:\zybodevelopment\zybotimer\zybotimer.sdk\.sdk\launch_scripts\xilinx_c-c++_application_(system_debugger)\system_debugger_using_debug_tiimerzybo.elf_on_local.tcl'
18:34:25 INFO  : Disconnected from the channel tcfchan#21.
18:36:38 INFO  : 'targets -set -filter {jtag_cable_name =~ "Digilent Zybo Z7 210351A822C9A" && level==0} -index 1' command is executed.
18:36:38 INFO  : 'fpga -state' command is executed.
18:36:40 INFO  : Connected to target on host '127.0.0.1' and port '3121'.
18:36:40 INFO  : Jtag cable 'Digilent Zybo Z7 210351A822C9A' is selected.
18:36:40 INFO  : 'jtag frequency' command is executed.
18:36:40 INFO  : Sourcing of 'D:/zybodevelopment/zybotimer/zybotimer.sdk/timerzybo_wrapper_hw_platform_0/ps7_init.tcl' is done.
18:36:41 INFO  : Context for 'APU' is selected.
18:36:41 INFO  : Hardware design information is loaded from 'D:/zybodevelopment/zybotimer/zybotimer.sdk/timerzybo_wrapper_hw_platform_0/system.hdf'.
18:36:41 INFO  : 'configparams force-mem-access 1' command is executed.
18:36:41 INFO  : Context for 'APU' is selected.
18:36:42 INFO  : 'stop' command is executed.
18:36:43 INFO  : 'ps7_init' command is executed.
18:36:43 INFO  : 'ps7_post_config' command is executed.
18:36:43 INFO  : Context for processor 'ps7_cortexa9_0' is selected.
18:36:43 INFO  : Processor reset is completed for 'ps7_cortexa9_0'.
18:36:43 INFO  : Context for processor 'ps7_cortexa9_0' is selected.
18:36:44 INFO  : The application 'D:/zybodevelopment/zybotimer/zybotimer.sdk/tiimerzybo/Debug/tiimerzybo.elf' is downloaded to processor 'ps7_cortexa9_0'.
18:36:44 INFO  : 'configparams force-mem-access 0' command is executed.
18:36:44 INFO  : ----------------XSDB Script----------------
connect -url tcp:127.0.0.1:3121
source D:/zybodevelopment/zybotimer/zybotimer.sdk/timerzybo_wrapper_hw_platform_0/ps7_init.tcl
targets -set -nocase -filter {name =~"APU*" && jtag_cable_name =~ "Digilent Zybo Z7 210351A822C9A"} -index 0
loadhw -hw D:/zybodevelopment/zybotimer/zybotimer.sdk/timerzybo_wrapper_hw_platform_0/system.hdf -mem-ranges [list {0x40000000 0xbfffffff}]
configparams force-mem-access 1
targets -set -nocase -filter {name =~"APU*" && jtag_cable_name =~ "Digilent Zybo Z7 210351A822C9A"} -index 0
stop
ps7_init
ps7_post_config
targets -set -nocase -filter {name =~ "ARM*#0" && jtag_cable_name =~ "Digilent Zybo Z7 210351A822C9A"} -index 0
rst -processor
targets -set -nocase -filter {name =~ "ARM*#0" && jtag_cable_name =~ "Digilent Zybo Z7 210351A822C9A"} -index 0
dow D:/zybodevelopment/zybotimer/zybotimer.sdk/tiimerzybo/Debug/tiimerzybo.elf
configparams force-mem-access 0
----------------End of Script----------------

18:36:44 INFO  : Memory regions updated for context APU
18:36:44 INFO  : Context for processor 'ps7_cortexa9_0' is selected.
18:36:44 INFO  : 'con' command is executed.
18:36:44 INFO  : ----------------XSDB Script (After Launch)----------------
targets -set -nocase -filter {name =~ "ARM*#0" && jtag_cable_name =~ "Digilent Zybo Z7 210351A822C9A"} -index 0
con
----------------End of Script----------------

18:36:44 INFO  : Launch script is exported to file 'D:\zybodevelopment\zybotimer\zybotimer.sdk\.sdk\launch_scripts\xilinx_c-c++_application_(system_debugger)\system_debugger_using_debug_tiimerzybo.elf_on_local.tcl'
18:41:30 INFO  : Disconnected from the channel tcfchan#22.
18:41:43 INFO  : 'targets -set -filter {jtag_cable_name =~ "Digilent Zybo Z7 210351A822C9A" && level==0} -index 1' command is executed.
18:41:45 INFO  : 'fpga -state' command is executed.
18:41:48 INFO  : Connected to target on host '127.0.0.1' and port '3121'.
18:41:48 INFO  : Jtag cable 'Digilent Zybo Z7 210351A822C9A' is selected.
18:41:48 INFO  : 'jtag frequency' command is executed.
18:41:48 INFO  : Sourcing of 'D:/zybodevelopment/zybotimer/zybotimer.sdk/timerzybo_wrapper_hw_platform_0/ps7_init.tcl' is done.
18:41:49 INFO  : Context for 'APU' is selected.
18:41:49 INFO  : Hardware design information is loaded from 'D:/zybodevelopment/zybotimer/zybotimer.sdk/timerzybo_wrapper_hw_platform_0/system.hdf'.
18:41:49 INFO  : 'configparams force-mem-access 1' command is executed.
18:41:50 INFO  : Context for 'APU' is selected.
18:41:50 INFO  : 'stop' command is executed.
18:41:51 INFO  : 'ps7_init' command is executed.
18:41:51 INFO  : 'ps7_post_config' command is executed.
18:41:51 INFO  : Context for processor 'ps7_cortexa9_0' is selected.
18:41:51 INFO  : Processor reset is completed for 'ps7_cortexa9_0'.
18:41:51 INFO  : Context for processor 'ps7_cortexa9_0' is selected.
18:41:52 INFO  : The application 'D:/zybodevelopment/zybotimer/zybotimer.sdk/tiimerzybo/Debug/tiimerzybo.elf' is downloaded to processor 'ps7_cortexa9_0'.
18:41:52 INFO  : 'configparams force-mem-access 0' command is executed.
18:41:52 INFO  : ----------------XSDB Script----------------
connect -url tcp:127.0.0.1:3121
source D:/zybodevelopment/zybotimer/zybotimer.sdk/timerzybo_wrapper_hw_platform_0/ps7_init.tcl
targets -set -nocase -filter {name =~"APU*" && jtag_cable_name =~ "Digilent Zybo Z7 210351A822C9A"} -index 0
loadhw -hw D:/zybodevelopment/zybotimer/zybotimer.sdk/timerzybo_wrapper_hw_platform_0/system.hdf -mem-ranges [list {0x40000000 0xbfffffff}]
configparams force-mem-access 1
targets -set -nocase -filter {name =~"APU*" && jtag_cable_name =~ "Digilent Zybo Z7 210351A822C9A"} -index 0
stop
ps7_init
ps7_post_config
targets -set -nocase -filter {name =~ "ARM*#0" && jtag_cable_name =~ "Digilent Zybo Z7 210351A822C9A"} -index 0
rst -processor
targets -set -nocase -filter {name =~ "ARM*#0" && jtag_cable_name =~ "Digilent Zybo Z7 210351A822C9A"} -index 0
dow D:/zybodevelopment/zybotimer/zybotimer.sdk/tiimerzybo/Debug/tiimerzybo.elf
configparams force-mem-access 0
----------------End of Script----------------

18:41:52 INFO  : Memory regions updated for context APU
18:41:52 INFO  : Context for processor 'ps7_cortexa9_0' is selected.
18:41:52 INFO  : 'con' command is executed.
18:41:52 INFO  : ----------------XSDB Script (After Launch)----------------
targets -set -nocase -filter {name =~ "ARM*#0" && jtag_cable_name =~ "Digilent Zybo Z7 210351A822C9A"} -index 0
con
----------------End of Script----------------

18:41:52 INFO  : Launch script is exported to file 'D:\zybodevelopment\zybotimer\zybotimer.sdk\.sdk\launch_scripts\xilinx_c-c++_application_(system_debugger)\system_debugger_using_debug_tiimerzybo.elf_on_local.tcl'
18:43:36 INFO  : Disconnected from the channel tcfchan#23.
18:43:39 INFO  : 'targets -set -filter {jtag_cable_name =~ "Digilent Zybo Z7 210351A822C9A" && level==0} -index 1' command is executed.
18:43:39 INFO  : 'fpga -state' command is executed.
18:43:40 INFO  : Connected to target on host '127.0.0.1' and port '3121'.
18:43:41 INFO  : Jtag cable 'Digilent Zybo Z7 210351A822C9A' is selected.
18:43:41 INFO  : 'jtag frequency' command is executed.
18:43:41 INFO  : Sourcing of 'D:/zybodevelopment/zybotimer/zybotimer.sdk/timerzybo_wrapper_hw_platform_0/ps7_init.tcl' is done.
18:43:41 INFO  : Context for 'APU' is selected.
18:43:44 INFO  : Hardware design information is loaded from 'D:/zybodevelopment/zybotimer/zybotimer.sdk/timerzybo_wrapper_hw_platform_0/system.hdf'.
18:43:44 INFO  : 'configparams force-mem-access 1' command is executed.
18:43:45 INFO  : Context for 'APU' is selected.
18:43:45 INFO  : 'stop' command is executed.
18:43:45 INFO  : 'ps7_init' command is executed.
18:43:45 INFO  : 'ps7_post_config' command is executed.
18:43:46 INFO  : Context for processor 'ps7_cortexa9_0' is selected.
18:43:46 INFO  : Processor reset is completed for 'ps7_cortexa9_0'.
18:43:46 INFO  : Context for processor 'ps7_cortexa9_0' is selected.
18:43:47 INFO  : The application 'D:/zybodevelopment/zybotimer/zybotimer.sdk/tiimerzybo/Debug/tiimerzybo.elf' is downloaded to processor 'ps7_cortexa9_0'.
18:43:47 INFO  : 'configparams force-mem-access 0' command is executed.
18:43:47 INFO  : ----------------XSDB Script----------------
connect -url tcp:127.0.0.1:3121
source D:/zybodevelopment/zybotimer/zybotimer.sdk/timerzybo_wrapper_hw_platform_0/ps7_init.tcl
targets -set -nocase -filter {name =~"APU*" && jtag_cable_name =~ "Digilent Zybo Z7 210351A822C9A"} -index 0
loadhw -hw D:/zybodevelopment/zybotimer/zybotimer.sdk/timerzybo_wrapper_hw_platform_0/system.hdf -mem-ranges [list {0x40000000 0xbfffffff}]
configparams force-mem-access 1
targets -set -nocase -filter {name =~"APU*" && jtag_cable_name =~ "Digilent Zybo Z7 210351A822C9A"} -index 0
stop
ps7_init
ps7_post_config
targets -set -nocase -filter {name =~ "ARM*#0" && jtag_cable_name =~ "Digilent Zybo Z7 210351A822C9A"} -index 0
rst -processor
targets -set -nocase -filter {name =~ "ARM*#0" && jtag_cable_name =~ "Digilent Zybo Z7 210351A822C9A"} -index 0
dow D:/zybodevelopment/zybotimer/zybotimer.sdk/tiimerzybo/Debug/tiimerzybo.elf
configparams force-mem-access 0
----------------End of Script----------------

18:43:47 INFO  : Memory regions updated for context APU
18:43:47 INFO  : Context for processor 'ps7_cortexa9_0' is selected.
18:43:47 INFO  : 'con' command is executed.
18:43:47 INFO  : ----------------XSDB Script (After Launch)----------------
targets -set -nocase -filter {name =~ "ARM*#0" && jtag_cable_name =~ "Digilent Zybo Z7 210351A822C9A"} -index 0
con
----------------End of Script----------------

18:43:47 INFO  : Launch script is exported to file 'D:\zybodevelopment\zybotimer\zybotimer.sdk\.sdk\launch_scripts\xilinx_c-c++_application_(system_debugger)\system_debugger_using_debug_tiimerzybo.elf_on_local.tcl'
18:44:20 INFO  : Disconnected from the channel tcfchan#24.
18:45:16 INFO  : Connected to target on host '127.0.0.1' and port '3121'.
18:46:47 INFO  : 'targets -set -filter {jtag_cable_name =~ "Digilent Zybo Z7 210351A822C9A" && level==0} -index 1' command is executed.
18:46:47 INFO  : 'fpga -state' command is executed.
18:46:49 INFO  : Connected to target on host '127.0.0.1' and port '3121'.
18:46:49 INFO  : Jtag cable 'Digilent Zybo Z7 210351A822C9A' is selected.
18:46:49 INFO  : 'jtag frequency' command is executed.
18:46:49 INFO  : Sourcing of 'D:/zybodevelopment/zybotimer/zybotimer.sdk/timerzybo_wrapper_hw_platform_0/ps7_init.tcl' is done.
18:46:49 INFO  : Context for 'APU' is selected.
18:46:49 INFO  : Hardware design information is loaded from 'D:/zybodevelopment/zybotimer/zybotimer.sdk/timerzybo_wrapper_hw_platform_0/system.hdf'.
18:46:49 INFO  : 'configparams force-mem-access 1' command is executed.
18:46:49 INFO  : Context for 'APU' is selected.
18:46:49 INFO  : 'stop' command is executed.
18:46:50 INFO  : 'ps7_init' command is executed.
18:46:50 INFO  : 'ps7_post_config' command is executed.
18:46:50 INFO  : Context for processor 'ps7_cortexa9_0' is selected.
18:46:50 INFO  : Processor reset is completed for 'ps7_cortexa9_0'.
18:46:50 INFO  : Context for processor 'ps7_cortexa9_0' is selected.
18:46:50 INFO  : The application 'D:/zybodevelopment/zybotimer/zybotimer.sdk/tiimerzybo/Debug/tiimerzybo.elf' is downloaded to processor 'ps7_cortexa9_0'.
18:46:50 INFO  : 'configparams force-mem-access 0' command is executed.
18:46:50 INFO  : ----------------XSDB Script----------------
connect -url tcp:127.0.0.1:3121
source D:/zybodevelopment/zybotimer/zybotimer.sdk/timerzybo_wrapper_hw_platform_0/ps7_init.tcl
targets -set -nocase -filter {name =~"APU*" && jtag_cable_name =~ "Digilent Zybo Z7 210351A822C9A"} -index 0
loadhw -hw D:/zybodevelopment/zybotimer/zybotimer.sdk/timerzybo_wrapper_hw_platform_0/system.hdf -mem-ranges [list {0x40000000 0xbfffffff}]
configparams force-mem-access 1
targets -set -nocase -filter {name =~"APU*" && jtag_cable_name =~ "Digilent Zybo Z7 210351A822C9A"} -index 0
stop
ps7_init
ps7_post_config
targets -set -nocase -filter {name =~ "ARM*#0" && jtag_cable_name =~ "Digilent Zybo Z7 210351A822C9A"} -index 0
rst -processor
targets -set -nocase -filter {name =~ "ARM*#0" && jtag_cable_name =~ "Digilent Zybo Z7 210351A822C9A"} -index 0
dow D:/zybodevelopment/zybotimer/zybotimer.sdk/tiimerzybo/Debug/tiimerzybo.elf
configparams force-mem-access 0
----------------End of Script----------------

18:46:50 INFO  : Memory regions updated for context APU
18:46:50 INFO  : Context for processor 'ps7_cortexa9_0' is selected.
18:46:50 INFO  : 'con' command is executed.
18:46:50 INFO  : ----------------XSDB Script (After Launch)----------------
targets -set -nocase -filter {name =~ "ARM*#0" && jtag_cable_name =~ "Digilent Zybo Z7 210351A822C9A"} -index 0
con
----------------End of Script----------------

18:46:50 INFO  : Launch script is exported to file 'D:\zybodevelopment\zybotimer\zybotimer.sdk\.sdk\launch_scripts\xilinx_c-c++_application_(system_debugger)\system_debugger_using_debug_tiimerzybo.elf_on_local.tcl'
