16:47:49 INFO  : Registering command handlers for SDK TCF services
16:47:50 INFO  : Launching XSCT server: xsct.bat -interactive D:\zybodevelopment\psledblink\psledblink.sdk\temp_xsdb_launch_script.tcl
16:47:54 INFO  : XSCT server has started successfully.
16:47:54 INFO  : Successfully done setting XSCT server connection channel  
16:47:56 INFO  : Successfully done setting SDK workspace  
16:47:56 INFO  : Processing command line option -hwspec D:/zybodevelopment/psledblink/psledblink.sdk/psledblink_wrapper.hdf.
17:10:07 INFO  : 'targets -set -filter {jtag_cable_name =~ "Digilent Zybo Z7 210351A822C9A" && level==0} -index 1' command is executed.
17:10:07 INFO  : 'fpga -state' command is executed.
17:10:09 INFO  : Connected to target on host '127.0.0.1' and port '3121'.
17:10:10 INFO  : Jtag cable 'Digilent Zybo Z7 210351A822C9A' is selected.
17:10:10 INFO  : 'jtag frequency' command is executed.
17:10:10 INFO  : Sourcing of 'D:/zybodevelopment/psledblink/psledblink.sdk/psledblink_wrapper_hw_platform_0/ps7_init.tcl' is done.
17:10:10 INFO  : Context for 'APU' is selected.
17:10:10 INFO  : Hardware design information is loaded from 'D:/zybodevelopment/psledblink/psledblink.sdk/psledblink_wrapper_hw_platform_0/system.hdf'.
17:10:10 INFO  : 'configparams force-mem-access 1' command is executed.
17:10:10 INFO  : Context for 'APU' is selected.
17:10:10 INFO  : 'stop' command is executed.
17:10:11 INFO  : 'ps7_init' command is executed.
17:10:11 INFO  : 'ps7_post_config' command is executed.
17:10:11 INFO  : Context for processor 'ps7_cortexa9_0' is selected.
17:10:11 INFO  : Processor reset is completed for 'ps7_cortexa9_0'.
17:10:11 INFO  : Context for processor 'ps7_cortexa9_0' is selected.
17:10:12 INFO  : The application 'D:/zybodevelopment/psledblink/psledblink.sdk/psledblink/Debug/psledblink.elf' is downloaded to processor 'ps7_cortexa9_0'.
17:10:12 INFO  : 'configparams force-mem-access 0' command is executed.
17:10:12 INFO  : ----------------XSDB Script----------------
connect -url tcp:127.0.0.1:3121
source D:/zybodevelopment/psledblink/psledblink.sdk/psledblink_wrapper_hw_platform_0/ps7_init.tcl
targets -set -nocase -filter {name =~"APU*" && jtag_cable_name =~ "Digilent Zybo Z7 210351A822C9A"} -index 0
loadhw -hw D:/zybodevelopment/psledblink/psledblink.sdk/psledblink_wrapper_hw_platform_0/system.hdf -mem-ranges [list {0x40000000 0xbfffffff}]
configparams force-mem-access 1
targets -set -nocase -filter {name =~"APU*" && jtag_cable_name =~ "Digilent Zybo Z7 210351A822C9A"} -index 0
stop
ps7_init
ps7_post_config
targets -set -nocase -filter {name =~ "ARM*#0" && jtag_cable_name =~ "Digilent Zybo Z7 210351A822C9A"} -index 0
rst -processor
targets -set -nocase -filter {name =~ "ARM*#0" && jtag_cable_name =~ "Digilent Zybo Z7 210351A822C9A"} -index 0
dow D:/zybodevelopment/psledblink/psledblink.sdk/psledblink/Debug/psledblink.elf
configparams force-mem-access 0
----------------End of Script----------------

17:10:12 INFO  : Memory regions updated for context APU
17:10:13 INFO  : Context for processor 'ps7_cortexa9_0' is selected.
17:10:13 INFO  : 'con' command is executed.
17:10:13 INFO  : ----------------XSDB Script (After Launch)----------------
targets -set -nocase -filter {name =~ "ARM*#0" && jtag_cable_name =~ "Digilent Zybo Z7 210351A822C9A"} -index 0
con
----------------End of Script----------------

17:10:13 INFO  : Launch script is exported to file 'D:\zybodevelopment\psledblink\psledblink.sdk\.sdk\launch_scripts\xilinx_c-c++_application_(system_debugger)\system_debugger_using_debug_psledblink.elf_on_local.tcl'
17:11:06 INFO  : Disconnected from the channel tcfchan#1.
17:11:07 INFO  : 'targets -set -filter {jtag_cable_name =~ "Digilent Zybo Z7 210351A822C9A" && level==0} -index 1' command is executed.
17:11:07 INFO  : 'fpga -state' command is executed.
17:11:08 INFO  : Connected to target on host '127.0.0.1' and port '3121'.
17:11:08 INFO  : Jtag cable 'Digilent Zybo Z7 210351A822C9A' is selected.
17:11:08 INFO  : 'jtag frequency' command is executed.
17:11:08 INFO  : Sourcing of 'D:/zybodevelopment/psledblink/psledblink.sdk/psledblink_wrapper_hw_platform_0/ps7_init.tcl' is done.
17:11:08 INFO  : Context for 'APU' is selected.
17:11:10 INFO  : Hardware design information is loaded from 'D:/zybodevelopment/psledblink/psledblink.sdk/psledblink_wrapper_hw_platform_0/system.hdf'.
17:11:10 INFO  : 'configparams force-mem-access 1' command is executed.
17:11:10 INFO  : Context for 'APU' is selected.
17:11:10 INFO  : 'stop' command is executed.
17:11:10 INFO  : 'ps7_init' command is executed.
17:11:10 INFO  : 'ps7_post_config' command is executed.
17:11:10 INFO  : Context for processor 'ps7_cortexa9_0' is selected.
17:11:10 INFO  : Processor reset is completed for 'ps7_cortexa9_0'.
17:11:10 INFO  : Context for processor 'ps7_cortexa9_0' is selected.
17:11:10 INFO  : The application 'D:/zybodevelopment/psledblink/psledblink.sdk/psledblink/Debug/psledblink.elf' is downloaded to processor 'ps7_cortexa9_0'.
17:11:10 INFO  : 'configparams force-mem-access 0' command is executed.
17:11:10 INFO  : ----------------XSDB Script----------------
connect -url tcp:127.0.0.1:3121
source D:/zybodevelopment/psledblink/psledblink.sdk/psledblink_wrapper_hw_platform_0/ps7_init.tcl
targets -set -nocase -filter {name =~"APU*" && jtag_cable_name =~ "Digilent Zybo Z7 210351A822C9A"} -index 0
loadhw -hw D:/zybodevelopment/psledblink/psledblink.sdk/psledblink_wrapper_hw_platform_0/system.hdf -mem-ranges [list {0x40000000 0xbfffffff}]
configparams force-mem-access 1
targets -set -nocase -filter {name =~"APU*" && jtag_cable_name =~ "Digilent Zybo Z7 210351A822C9A"} -index 0
stop
ps7_init
ps7_post_config
targets -set -nocase -filter {name =~ "ARM*#0" && jtag_cable_name =~ "Digilent Zybo Z7 210351A822C9A"} -index 0
rst -processor
targets -set -nocase -filter {name =~ "ARM*#0" && jtag_cable_name =~ "Digilent Zybo Z7 210351A822C9A"} -index 0
dow D:/zybodevelopment/psledblink/psledblink.sdk/psledblink/Debug/psledblink.elf
configparams force-mem-access 0
----------------End of Script----------------

17:11:10 INFO  : Memory regions updated for context APU
17:11:10 INFO  : Context for processor 'ps7_cortexa9_0' is selected.
17:11:10 INFO  : 'con' command is executed.
17:11:10 INFO  : ----------------XSDB Script (After Launch)----------------
targets -set -nocase -filter {name =~ "ARM*#0" && jtag_cable_name =~ "Digilent Zybo Z7 210351A822C9A"} -index 0
con
----------------End of Script----------------

17:11:10 INFO  : Launch script is exported to file 'D:\zybodevelopment\psledblink\psledblink.sdk\.sdk\launch_scripts\xilinx_c-c++_application_(system_debugger)\system_debugger_using_debug_psledblink.elf_on_local.tcl'
17:13:28 INFO  : Disconnected from the channel tcfchan#2.
17:13:29 INFO  : 'targets -set -filter {jtag_cable_name =~ "Digilent Zybo Z7 210351A822C9A" && level==0} -index 1' command is executed.
17:13:29 INFO  : 'fpga -state' command is executed.
17:13:30 INFO  : Connected to target on host '127.0.0.1' and port '3121'.
17:13:30 INFO  : Jtag cable 'Digilent Zybo Z7 210351A822C9A' is selected.
17:13:30 INFO  : 'jtag frequency' command is executed.
17:13:30 INFO  : Sourcing of 'D:/zybodevelopment/psledblink/psledblink.sdk/psledblink_wrapper_hw_platform_0/ps7_init.tcl' is done.
17:13:30 INFO  : Context for 'APU' is selected.
17:13:31 INFO  : Hardware design information is loaded from 'D:/zybodevelopment/psledblink/psledblink.sdk/psledblink_wrapper_hw_platform_0/system.hdf'.
17:13:31 INFO  : 'configparams force-mem-access 1' command is executed.
17:13:31 INFO  : Context for 'APU' is selected.
17:13:31 INFO  : 'stop' command is executed.
17:13:31 INFO  : 'ps7_init' command is executed.
17:13:31 INFO  : 'ps7_post_config' command is executed.
17:13:31 INFO  : Context for processor 'ps7_cortexa9_0' is selected.
17:13:32 INFO  : Processor reset is completed for 'ps7_cortexa9_0'.
17:13:32 INFO  : Context for processor 'ps7_cortexa9_0' is selected.
17:13:32 INFO  : The application 'D:/zybodevelopment/psledblink/psledblink.sdk/psledblink/Debug/psledblink.elf' is downloaded to processor 'ps7_cortexa9_0'.
17:13:32 INFO  : 'configparams force-mem-access 0' command is executed.
17:13:32 INFO  : ----------------XSDB Script----------------
connect -url tcp:127.0.0.1:3121
source D:/zybodevelopment/psledblink/psledblink.sdk/psledblink_wrapper_hw_platform_0/ps7_init.tcl
targets -set -nocase -filter {name =~"APU*" && jtag_cable_name =~ "Digilent Zybo Z7 210351A822C9A"} -index 0
loadhw -hw D:/zybodevelopment/psledblink/psledblink.sdk/psledblink_wrapper_hw_platform_0/system.hdf -mem-ranges [list {0x40000000 0xbfffffff}]
configparams force-mem-access 1
targets -set -nocase -filter {name =~"APU*" && jtag_cable_name =~ "Digilent Zybo Z7 210351A822C9A"} -index 0
stop
ps7_init
ps7_post_config
targets -set -nocase -filter {name =~ "ARM*#0" && jtag_cable_name =~ "Digilent Zybo Z7 210351A822C9A"} -index 0
rst -processor
targets -set -nocase -filter {name =~ "ARM*#0" && jtag_cable_name =~ "Digilent Zybo Z7 210351A822C9A"} -index 0
dow D:/zybodevelopment/psledblink/psledblink.sdk/psledblink/Debug/psledblink.elf
configparams force-mem-access 0
----------------End of Script----------------

17:13:32 INFO  : Memory regions updated for context APU
17:13:32 INFO  : Context for processor 'ps7_cortexa9_0' is selected.
17:13:32 INFO  : 'con' command is executed.
17:13:32 INFO  : ----------------XSDB Script (After Launch)----------------
targets -set -nocase -filter {name =~ "ARM*#0" && jtag_cable_name =~ "Digilent Zybo Z7 210351A822C9A"} -index 0
con
----------------End of Script----------------

17:13:32 INFO  : Launch script is exported to file 'D:\zybodevelopment\psledblink\psledblink.sdk\.sdk\launch_scripts\xilinx_c-c++_application_(system_debugger)\system_debugger_using_debug_psledblink.elf_on_local.tcl'
17:13:53 INFO  : Disconnected from the channel tcfchan#3.
17:13:54 INFO  : 'targets -set -filter {jtag_cable_name =~ "Digilent Zybo Z7 210351A822C9A" && level==0} -index 1' command is executed.
17:13:54 INFO  : 'fpga -state' command is executed.
17:13:56 INFO  : Connected to target on host '127.0.0.1' and port '3121'.
17:13:56 INFO  : Jtag cable 'Digilent Zybo Z7 210351A822C9A' is selected.
17:13:56 INFO  : 'jtag frequency' command is executed.
17:13:56 INFO  : Sourcing of 'D:/zybodevelopment/psledblink/psledblink.sdk/psledblink_wrapper_hw_platform_0/ps7_init.tcl' is done.
17:13:56 INFO  : Context for 'APU' is selected.
17:13:58 INFO  : Hardware design information is loaded from 'D:/zybodevelopment/psledblink/psledblink.sdk/psledblink_wrapper_hw_platform_0/system.hdf'.
17:13:58 INFO  : 'configparams force-mem-access 1' command is executed.
17:13:58 INFO  : Context for 'APU' is selected.
17:13:58 INFO  : 'stop' command is executed.
17:13:58 INFO  : 'ps7_init' command is executed.
17:13:58 INFO  : 'ps7_post_config' command is executed.
17:13:58 INFO  : Context for processor 'ps7_cortexa9_0' is selected.
17:13:58 INFO  : Processor reset is completed for 'ps7_cortexa9_0'.
17:13:58 INFO  : Context for processor 'ps7_cortexa9_0' is selected.
17:13:58 INFO  : The application 'D:/zybodevelopment/psledblink/psledblink.sdk/psledblink/Debug/psledblink.elf' is downloaded to processor 'ps7_cortexa9_0'.
17:13:58 INFO  : 'configparams force-mem-access 0' command is executed.
17:13:58 INFO  : ----------------XSDB Script----------------
connect -url tcp:127.0.0.1:3121
source D:/zybodevelopment/psledblink/psledblink.sdk/psledblink_wrapper_hw_platform_0/ps7_init.tcl
targets -set -nocase -filter {name =~"APU*" && jtag_cable_name =~ "Digilent Zybo Z7 210351A822C9A"} -index 0
loadhw -hw D:/zybodevelopment/psledblink/psledblink.sdk/psledblink_wrapper_hw_platform_0/system.hdf -mem-ranges [list {0x40000000 0xbfffffff}]
configparams force-mem-access 1
targets -set -nocase -filter {name =~"APU*" && jtag_cable_name =~ "Digilent Zybo Z7 210351A822C9A"} -index 0
stop
ps7_init
ps7_post_config
targets -set -nocase -filter {name =~ "ARM*#0" && jtag_cable_name =~ "Digilent Zybo Z7 210351A822C9A"} -index 0
rst -processor
targets -set -nocase -filter {name =~ "ARM*#0" && jtag_cable_name =~ "Digilent Zybo Z7 210351A822C9A"} -index 0
dow D:/zybodevelopment/psledblink/psledblink.sdk/psledblink/Debug/psledblink.elf
configparams force-mem-access 0
----------------End of Script----------------

17:13:58 INFO  : Memory regions updated for context APU
17:13:58 INFO  : Context for processor 'ps7_cortexa9_0' is selected.
17:13:58 INFO  : 'con' command is executed.
17:13:58 INFO  : ----------------XSDB Script (After Launch)----------------
targets -set -nocase -filter {name =~ "ARM*#0" && jtag_cable_name =~ "Digilent Zybo Z7 210351A822C9A"} -index 0
con
----------------End of Script----------------

17:13:58 INFO  : Launch script is exported to file 'D:\zybodevelopment\psledblink\psledblink.sdk\.sdk\launch_scripts\xilinx_c-c++_application_(system_debugger)\system_debugger_using_debug_psledblink.elf_on_local.tcl'
17:14:12 INFO  : Disconnected from the channel tcfchan#4.
17:14:13 INFO  : 'targets -set -filter {jtag_cable_name =~ "Digilent Zybo Z7 210351A822C9A" && level==0} -index 1' command is executed.
17:14:13 INFO  : 'fpga -state' command is executed.
17:14:14 INFO  : Connected to target on host '127.0.0.1' and port '3121'.
17:14:14 INFO  : Jtag cable 'Digilent Zybo Z7 210351A822C9A' is selected.
17:14:14 INFO  : 'jtag frequency' command is executed.
17:14:14 INFO  : Sourcing of 'D:/zybodevelopment/psledblink/psledblink.sdk/psledblink_wrapper_hw_platform_0/ps7_init.tcl' is done.
17:14:14 INFO  : Context for 'APU' is selected.
17:14:15 INFO  : Hardware design information is loaded from 'D:/zybodevelopment/psledblink/psledblink.sdk/psledblink_wrapper_hw_platform_0/system.hdf'.
17:14:15 INFO  : 'configparams force-mem-access 1' command is executed.
17:14:15 INFO  : Context for 'APU' is selected.
17:14:15 INFO  : 'stop' command is executed.
17:14:16 INFO  : 'ps7_init' command is executed.
17:14:16 INFO  : 'ps7_post_config' command is executed.
17:14:16 INFO  : Context for processor 'ps7_cortexa9_0' is selected.
17:14:16 INFO  : Processor reset is completed for 'ps7_cortexa9_0'.
17:14:16 INFO  : Context for processor 'ps7_cortexa9_0' is selected.
17:14:16 INFO  : The application 'D:/zybodevelopment/psledblink/psledblink.sdk/psledblink/Debug/psledblink.elf' is downloaded to processor 'ps7_cortexa9_0'.
17:14:16 INFO  : 'configparams force-mem-access 0' command is executed.
17:14:16 INFO  : ----------------XSDB Script----------------
connect -url tcp:127.0.0.1:3121
source D:/zybodevelopment/psledblink/psledblink.sdk/psledblink_wrapper_hw_platform_0/ps7_init.tcl
targets -set -nocase -filter {name =~"APU*" && jtag_cable_name =~ "Digilent Zybo Z7 210351A822C9A"} -index 0
loadhw -hw D:/zybodevelopment/psledblink/psledblink.sdk/psledblink_wrapper_hw_platform_0/system.hdf -mem-ranges [list {0x40000000 0xbfffffff}]
configparams force-mem-access 1
targets -set -nocase -filter {name =~"APU*" && jtag_cable_name =~ "Digilent Zybo Z7 210351A822C9A"} -index 0
stop
ps7_init
ps7_post_config
targets -set -nocase -filter {name =~ "ARM*#0" && jtag_cable_name =~ "Digilent Zybo Z7 210351A822C9A"} -index 0
rst -processor
targets -set -nocase -filter {name =~ "ARM*#0" && jtag_cable_name =~ "Digilent Zybo Z7 210351A822C9A"} -index 0
dow D:/zybodevelopment/psledblink/psledblink.sdk/psledblink/Debug/psledblink.elf
configparams force-mem-access 0
----------------End of Script----------------

17:14:16 INFO  : Memory regions updated for context APU
17:14:16 INFO  : Context for processor 'ps7_cortexa9_0' is selected.
17:14:16 INFO  : 'con' command is executed.
17:14:16 INFO  : ----------------XSDB Script (After Launch)----------------
targets -set -nocase -filter {name =~ "ARM*#0" && jtag_cable_name =~ "Digilent Zybo Z7 210351A822C9A"} -index 0
con
----------------End of Script----------------

17:14:16 INFO  : Launch script is exported to file 'D:\zybodevelopment\psledblink\psledblink.sdk\.sdk\launch_scripts\xilinx_c-c++_application_(system_debugger)\system_debugger_using_debug_psledblink.elf_on_local.tcl'
17:14:53 INFO  : Disconnected from the channel tcfchan#5.
17:14:54 INFO  : 'targets -set -filter {jtag_cable_name =~ "Digilent Zybo Z7 210351A822C9A" && level==0} -index 1' command is executed.
17:14:54 INFO  : 'fpga -state' command is executed.
17:15:00 INFO  : Connected to target on host '127.0.0.1' and port '3121'.
17:15:00 INFO  : Jtag cable 'Digilent Zybo Z7 210351A822C9A' is selected.
17:15:00 INFO  : 'jtag frequency' command is executed.
17:15:00 INFO  : Sourcing of 'D:/zybodevelopment/psledblink/psledblink.sdk/psledblink_wrapper_hw_platform_0/ps7_init.tcl' is done.
17:15:00 INFO  : Context for 'APU' is selected.
17:15:02 INFO  : Hardware design information is loaded from 'D:/zybodevelopment/psledblink/psledblink.sdk/psledblink_wrapper_hw_platform_0/system.hdf'.
17:15:02 INFO  : 'configparams force-mem-access 1' command is executed.
17:15:02 INFO  : Context for 'APU' is selected.
17:15:02 INFO  : 'stop' command is executed.
17:15:02 INFO  : 'ps7_init' command is executed.
17:15:02 INFO  : 'ps7_post_config' command is executed.
17:15:02 INFO  : Context for processor 'ps7_cortexa9_0' is selected.
17:15:02 INFO  : Processor reset is completed for 'ps7_cortexa9_0'.
17:15:02 INFO  : Context for processor 'ps7_cortexa9_0' is selected.
17:15:02 INFO  : The application 'D:/zybodevelopment/psledblink/psledblink.sdk/psledblink/Debug/psledblink.elf' is downloaded to processor 'ps7_cortexa9_0'.
17:15:02 INFO  : 'configparams force-mem-access 0' command is executed.
17:15:02 INFO  : ----------------XSDB Script----------------
connect -url tcp:127.0.0.1:3121
source D:/zybodevelopment/psledblink/psledblink.sdk/psledblink_wrapper_hw_platform_0/ps7_init.tcl
targets -set -nocase -filter {name =~"APU*" && jtag_cable_name =~ "Digilent Zybo Z7 210351A822C9A"} -index 0
loadhw -hw D:/zybodevelopment/psledblink/psledblink.sdk/psledblink_wrapper_hw_platform_0/system.hdf -mem-ranges [list {0x40000000 0xbfffffff}]
configparams force-mem-access 1
targets -set -nocase -filter {name =~"APU*" && jtag_cable_name =~ "Digilent Zybo Z7 210351A822C9A"} -index 0
stop
ps7_init
ps7_post_config
targets -set -nocase -filter {name =~ "ARM*#0" && jtag_cable_name =~ "Digilent Zybo Z7 210351A822C9A"} -index 0
rst -processor
targets -set -nocase -filter {name =~ "ARM*#0" && jtag_cable_name =~ "Digilent Zybo Z7 210351A822C9A"} -index 0
dow D:/zybodevelopment/psledblink/psledblink.sdk/psledblink/Debug/psledblink.elf
configparams force-mem-access 0
----------------End of Script----------------

17:15:02 INFO  : Memory regions updated for context APU
17:15:02 INFO  : Context for processor 'ps7_cortexa9_0' is selected.
17:15:02 INFO  : 'con' command is executed.
17:15:02 INFO  : ----------------XSDB Script (After Launch)----------------
targets -set -nocase -filter {name =~ "ARM*#0" && jtag_cable_name =~ "Digilent Zybo Z7 210351A822C9A"} -index 0
con
----------------End of Script----------------

17:15:02 INFO  : Launch script is exported to file 'D:\zybodevelopment\psledblink\psledblink.sdk\.sdk\launch_scripts\xilinx_c-c++_application_(system_debugger)\system_debugger_using_debug_psledblink.elf_on_local.tcl'
20:51:29 INFO  : Disconnected from the channel tcfchan#6.
20:51:32 INFO  : 'targets -set -filter {jtag_cable_name =~ "Digilent Zybo Z7 210351A822C9A" && level==0} -index 1' command is executed.
20:51:32 INFO  : 'fpga -state' command is executed.
20:51:33 INFO  : Connected to target on host '127.0.0.1' and port '3121'.
20:51:34 INFO  : Jtag cable 'Digilent Zybo Z7 210351A822C9A' is selected.
20:51:34 INFO  : 'jtag frequency' command is executed.
20:51:34 INFO  : Sourcing of 'D:/zybodevelopment/psledblink/psledblink.sdk/psledblink_wrapper_hw_platform_0/ps7_init.tcl' is done.
20:51:34 INFO  : Context for 'APU' is selected.
20:51:36 INFO  : Hardware design information is loaded from 'D:/zybodevelopment/psledblink/psledblink.sdk/psledblink_wrapper_hw_platform_0/system.hdf'.
20:51:36 INFO  : 'configparams force-mem-access 1' command is executed.
20:51:36 INFO  : Context for 'APU' is selected.
20:51:37 INFO  : 'stop' command is executed.
20:51:37 INFO  : 'ps7_init' command is executed.
20:51:37 INFO  : 'ps7_post_config' command is executed.
20:51:37 INFO  : Context for processor 'ps7_cortexa9_0' is selected.
20:51:37 INFO  : Processor reset is completed for 'ps7_cortexa9_0'.
20:51:37 INFO  : Context for processor 'ps7_cortexa9_0' is selected.
20:51:37 INFO  : The application 'D:/zybodevelopment/psledblink/psledblink.sdk/psledblink/Debug/psledblink.elf' is downloaded to processor 'ps7_cortexa9_0'.
20:51:37 INFO  : 'configparams force-mem-access 0' command is executed.
20:51:37 INFO  : ----------------XSDB Script----------------
connect -url tcp:127.0.0.1:3121
source D:/zybodevelopment/psledblink/psledblink.sdk/psledblink_wrapper_hw_platform_0/ps7_init.tcl
targets -set -nocase -filter {name =~"APU*" && jtag_cable_name =~ "Digilent Zybo Z7 210351A822C9A"} -index 0
loadhw -hw D:/zybodevelopment/psledblink/psledblink.sdk/psledblink_wrapper_hw_platform_0/system.hdf -mem-ranges [list {0x40000000 0xbfffffff}]
configparams force-mem-access 1
targets -set -nocase -filter {name =~"APU*" && jtag_cable_name =~ "Digilent Zybo Z7 210351A822C9A"} -index 0
stop
ps7_init
ps7_post_config
targets -set -nocase -filter {name =~ "ARM*#0" && jtag_cable_name =~ "Digilent Zybo Z7 210351A822C9A"} -index 0
rst -processor
targets -set -nocase -filter {name =~ "ARM*#0" && jtag_cable_name =~ "Digilent Zybo Z7 210351A822C9A"} -index 0
dow D:/zybodevelopment/psledblink/psledblink.sdk/psledblink/Debug/psledblink.elf
configparams force-mem-access 0
----------------End of Script----------------

20:51:37 INFO  : Memory regions updated for context APU
20:51:37 INFO  : Context for processor 'ps7_cortexa9_0' is selected.
20:51:37 INFO  : 'con' command is executed.
20:51:37 INFO  : ----------------XSDB Script (After Launch)----------------
targets -set -nocase -filter {name =~ "ARM*#0" && jtag_cable_name =~ "Digilent Zybo Z7 210351A822C9A"} -index 0
con
----------------End of Script----------------

20:51:37 INFO  : Launch script is exported to file 'D:\zybodevelopment\psledblink\psledblink.sdk\.sdk\launch_scripts\xilinx_c-c++_application_(system_debugger)\system_debugger_using_debug_psledblink.elf_on_local.tcl'
21:05:26 INFO  : Disconnected from the channel tcfchan#7.
21:05:27 INFO  : 'targets -set -filter {jtag_cable_name =~ "Digilent Zybo Z7 210351A822C9A" && level==0} -index 1' command is executed.
21:05:27 INFO  : 'fpga -state' command is executed.
21:05:28 INFO  : Connected to target on host '127.0.0.1' and port '3121'.
21:05:28 INFO  : Jtag cable 'Digilent Zybo Z7 210351A822C9A' is selected.
21:05:28 INFO  : 'jtag frequency' command is executed.
21:05:28 INFO  : Sourcing of 'D:/zybodevelopment/psledblink/psledblink.sdk/psledblink_wrapper_hw_platform_0/ps7_init.tcl' is done.
21:05:28 INFO  : Context for 'APU' is selected.
21:05:30 INFO  : Hardware design information is loaded from 'D:/zybodevelopment/psledblink/psledblink.sdk/psledblink_wrapper_hw_platform_0/system.hdf'.
21:05:30 INFO  : 'configparams force-mem-access 1' command is executed.
21:05:30 INFO  : Context for 'APU' is selected.
21:05:30 INFO  : 'stop' command is executed.
21:05:31 INFO  : 'ps7_init' command is executed.
21:05:31 INFO  : 'ps7_post_config' command is executed.
21:05:31 INFO  : Context for processor 'ps7_cortexa9_0' is selected.
21:05:31 INFO  : Processor reset is completed for 'ps7_cortexa9_0'.
21:05:31 INFO  : Context for processor 'ps7_cortexa9_0' is selected.
21:05:31 INFO  : The application 'D:/zybodevelopment/psledblink/psledblink.sdk/psledblink/Debug/psledblink.elf' is downloaded to processor 'ps7_cortexa9_0'.
21:05:31 INFO  : 'configparams force-mem-access 0' command is executed.
21:05:31 INFO  : ----------------XSDB Script----------------
connect -url tcp:127.0.0.1:3121
source D:/zybodevelopment/psledblink/psledblink.sdk/psledblink_wrapper_hw_platform_0/ps7_init.tcl
targets -set -nocase -filter {name =~"APU*" && jtag_cable_name =~ "Digilent Zybo Z7 210351A822C9A"} -index 0
loadhw -hw D:/zybodevelopment/psledblink/psledblink.sdk/psledblink_wrapper_hw_platform_0/system.hdf -mem-ranges [list {0x40000000 0xbfffffff}]
configparams force-mem-access 1
targets -set -nocase -filter {name =~"APU*" && jtag_cable_name =~ "Digilent Zybo Z7 210351A822C9A"} -index 0
stop
ps7_init
ps7_post_config
targets -set -nocase -filter {name =~ "ARM*#0" && jtag_cable_name =~ "Digilent Zybo Z7 210351A822C9A"} -index 0
rst -processor
targets -set -nocase -filter {name =~ "ARM*#0" && jtag_cable_name =~ "Digilent Zybo Z7 210351A822C9A"} -index 0
dow D:/zybodevelopment/psledblink/psledblink.sdk/psledblink/Debug/psledblink.elf
configparams force-mem-access 0
----------------End of Script----------------

21:05:31 INFO  : Memory regions updated for context APU
21:05:31 INFO  : Context for processor 'ps7_cortexa9_0' is selected.
21:05:31 INFO  : 'con' command is executed.
21:05:31 INFO  : ----------------XSDB Script (After Launch)----------------
targets -set -nocase -filter {name =~ "ARM*#0" && jtag_cable_name =~ "Digilent Zybo Z7 210351A822C9A"} -index 0
con
----------------End of Script----------------

21:05:31 INFO  : Launch script is exported to file 'D:\zybodevelopment\psledblink\psledblink.sdk\.sdk\launch_scripts\xilinx_c-c++_application_(system_debugger)\system_debugger_using_debug_psledblink.elf_on_local.tcl'
21:06:04 INFO  : Disconnected from the channel tcfchan#8.
21:06:05 INFO  : 'targets -set -filter {jtag_cable_name =~ "Digilent Zybo Z7 210351A822C9A" && level==0} -index 1' command is executed.
21:06:05 INFO  : 'fpga -state' command is executed.
21:06:07 INFO  : Connected to target on host '127.0.0.1' and port '3121'.
21:06:07 INFO  : Jtag cable 'Digilent Zybo Z7 210351A822C9A' is selected.
21:06:07 INFO  : 'jtag frequency' command is executed.
21:06:07 INFO  : Sourcing of 'D:/zybodevelopment/psledblink/psledblink.sdk/psledblink_wrapper_hw_platform_0/ps7_init.tcl' is done.
21:06:07 INFO  : Context for 'APU' is selected.
21:06:08 INFO  : Hardware design information is loaded from 'D:/zybodevelopment/psledblink/psledblink.sdk/psledblink_wrapper_hw_platform_0/system.hdf'.
21:06:08 INFO  : 'configparams force-mem-access 1' command is executed.
21:06:08 INFO  : Context for 'APU' is selected.
21:06:08 INFO  : 'stop' command is executed.
21:06:09 INFO  : 'ps7_init' command is executed.
21:06:09 INFO  : 'ps7_post_config' command is executed.
21:06:09 INFO  : Context for processor 'ps7_cortexa9_0' is selected.
21:06:09 INFO  : Processor reset is completed for 'ps7_cortexa9_0'.
21:06:09 INFO  : Context for processor 'ps7_cortexa9_0' is selected.
21:06:09 INFO  : The application 'D:/zybodevelopment/psledblink/psledblink.sdk/psledblink/Debug/psledblink.elf' is downloaded to processor 'ps7_cortexa9_0'.
21:06:09 INFO  : 'configparams force-mem-access 0' command is executed.
21:06:09 INFO  : ----------------XSDB Script----------------
connect -url tcp:127.0.0.1:3121
source D:/zybodevelopment/psledblink/psledblink.sdk/psledblink_wrapper_hw_platform_0/ps7_init.tcl
targets -set -nocase -filter {name =~"APU*" && jtag_cable_name =~ "Digilent Zybo Z7 210351A822C9A"} -index 0
loadhw -hw D:/zybodevelopment/psledblink/psledblink.sdk/psledblink_wrapper_hw_platform_0/system.hdf -mem-ranges [list {0x40000000 0xbfffffff}]
configparams force-mem-access 1
targets -set -nocase -filter {name =~"APU*" && jtag_cable_name =~ "Digilent Zybo Z7 210351A822C9A"} -index 0
stop
ps7_init
ps7_post_config
targets -set -nocase -filter {name =~ "ARM*#0" && jtag_cable_name =~ "Digilent Zybo Z7 210351A822C9A"} -index 0
rst -processor
targets -set -nocase -filter {name =~ "ARM*#0" && jtag_cable_name =~ "Digilent Zybo Z7 210351A822C9A"} -index 0
dow D:/zybodevelopment/psledblink/psledblink.sdk/psledblink/Debug/psledblink.elf
configparams force-mem-access 0
----------------End of Script----------------

21:06:09 INFO  : Memory regions updated for context APU
21:06:09 INFO  : Context for processor 'ps7_cortexa9_0' is selected.
21:06:09 INFO  : 'con' command is executed.
21:06:09 INFO  : ----------------XSDB Script (After Launch)----------------
targets -set -nocase -filter {name =~ "ARM*#0" && jtag_cable_name =~ "Digilent Zybo Z7 210351A822C9A"} -index 0
con
----------------End of Script----------------

21:06:09 INFO  : Launch script is exported to file 'D:\zybodevelopment\psledblink\psledblink.sdk\.sdk\launch_scripts\xilinx_c-c++_application_(system_debugger)\system_debugger_using_debug_psledblink.elf_on_local.tcl'
21:06:28 INFO  : Disconnected from the channel tcfchan#9.
21:06:29 INFO  : 'targets -set -filter {jtag_cable_name =~ "Digilent Zybo Z7 210351A822C9A" && level==0} -index 1' command is executed.
21:06:29 INFO  : 'fpga -state' command is executed.
21:06:30 INFO  : Connected to target on host '127.0.0.1' and port '3121'.
21:06:30 INFO  : Jtag cable 'Digilent Zybo Z7 210351A822C9A' is selected.
21:06:30 INFO  : 'jtag frequency' command is executed.
21:06:30 INFO  : Sourcing of 'D:/zybodevelopment/psledblink/psledblink.sdk/psledblink_wrapper_hw_platform_0/ps7_init.tcl' is done.
21:06:31 INFO  : Context for 'APU' is selected.
21:06:32 INFO  : Hardware design information is loaded from 'D:/zybodevelopment/psledblink/psledblink.sdk/psledblink_wrapper_hw_platform_0/system.hdf'.
21:06:32 INFO  : 'configparams force-mem-access 1' command is executed.
21:06:32 INFO  : Context for 'APU' is selected.
21:06:32 INFO  : 'stop' command is executed.
21:06:32 INFO  : 'ps7_init' command is executed.
21:06:32 INFO  : 'ps7_post_config' command is executed.
21:06:32 INFO  : Context for processor 'ps7_cortexa9_0' is selected.
21:06:32 INFO  : Processor reset is completed for 'ps7_cortexa9_0'.
21:06:32 INFO  : Context for processor 'ps7_cortexa9_0' is selected.
21:06:32 INFO  : The application 'D:/zybodevelopment/psledblink/psledblink.sdk/psledblink/Debug/psledblink.elf' is downloaded to processor 'ps7_cortexa9_0'.
21:06:32 INFO  : 'configparams force-mem-access 0' command is executed.
21:06:32 INFO  : ----------------XSDB Script----------------
connect -url tcp:127.0.0.1:3121
source D:/zybodevelopment/psledblink/psledblink.sdk/psledblink_wrapper_hw_platform_0/ps7_init.tcl
targets -set -nocase -filter {name =~"APU*" && jtag_cable_name =~ "Digilent Zybo Z7 210351A822C9A"} -index 0
loadhw -hw D:/zybodevelopment/psledblink/psledblink.sdk/psledblink_wrapper_hw_platform_0/system.hdf -mem-ranges [list {0x40000000 0xbfffffff}]
configparams force-mem-access 1
targets -set -nocase -filter {name =~"APU*" && jtag_cable_name =~ "Digilent Zybo Z7 210351A822C9A"} -index 0
stop
ps7_init
ps7_post_config
targets -set -nocase -filter {name =~ "ARM*#0" && jtag_cable_name =~ "Digilent Zybo Z7 210351A822C9A"} -index 0
rst -processor
targets -set -nocase -filter {name =~ "ARM*#0" && jtag_cable_name =~ "Digilent Zybo Z7 210351A822C9A"} -index 0
dow D:/zybodevelopment/psledblink/psledblink.sdk/psledblink/Debug/psledblink.elf
configparams force-mem-access 0
----------------End of Script----------------

21:06:33 INFO  : Memory regions updated for context APU
21:06:33 INFO  : Context for processor 'ps7_cortexa9_0' is selected.
21:06:33 INFO  : 'con' command is executed.
21:06:33 INFO  : ----------------XSDB Script (After Launch)----------------
targets -set -nocase -filter {name =~ "ARM*#0" && jtag_cable_name =~ "Digilent Zybo Z7 210351A822C9A"} -index 0
con
----------------End of Script----------------

21:06:33 INFO  : Launch script is exported to file 'D:\zybodevelopment\psledblink\psledblink.sdk\.sdk\launch_scripts\xilinx_c-c++_application_(system_debugger)\system_debugger_using_debug_psledblink.elf_on_local.tcl'
21:06:57 INFO  : Disconnected from the channel tcfchan#10.
21:06:58 INFO  : 'targets -set -filter {jtag_cable_name =~ "Digilent Zybo Z7 210351A822C9A" && level==0} -index 1' command is executed.
21:06:58 INFO  : 'fpga -state' command is executed.
21:06:59 INFO  : Connected to target on host '127.0.0.1' and port '3121'.
21:06:59 INFO  : Jtag cable 'Digilent Zybo Z7 210351A822C9A' is selected.
21:06:59 INFO  : 'jtag frequency' command is executed.
21:06:59 INFO  : Sourcing of 'D:/zybodevelopment/psledblink/psledblink.sdk/psledblink_wrapper_hw_platform_0/ps7_init.tcl' is done.
21:06:59 INFO  : Context for 'APU' is selected.
21:07:00 INFO  : Hardware design information is loaded from 'D:/zybodevelopment/psledblink/psledblink.sdk/psledblink_wrapper_hw_platform_0/system.hdf'.
21:07:00 INFO  : 'configparams force-mem-access 1' command is executed.
21:07:00 INFO  : Context for 'APU' is selected.
21:07:00 INFO  : 'stop' command is executed.
21:07:01 INFO  : 'ps7_init' command is executed.
21:07:01 INFO  : 'ps7_post_config' command is executed.
21:07:01 INFO  : Context for processor 'ps7_cortexa9_0' is selected.
21:07:01 INFO  : Processor reset is completed for 'ps7_cortexa9_0'.
21:07:01 INFO  : Context for processor 'ps7_cortexa9_0' is selected.
21:07:01 INFO  : The application 'D:/zybodevelopment/psledblink/psledblink.sdk/psledblink/Debug/psledblink.elf' is downloaded to processor 'ps7_cortexa9_0'.
21:07:01 INFO  : 'configparams force-mem-access 0' command is executed.
21:07:01 INFO  : ----------------XSDB Script----------------
connect -url tcp:127.0.0.1:3121
source D:/zybodevelopment/psledblink/psledblink.sdk/psledblink_wrapper_hw_platform_0/ps7_init.tcl
targets -set -nocase -filter {name =~"APU*" && jtag_cable_name =~ "Digilent Zybo Z7 210351A822C9A"} -index 0
loadhw -hw D:/zybodevelopment/psledblink/psledblink.sdk/psledblink_wrapper_hw_platform_0/system.hdf -mem-ranges [list {0x40000000 0xbfffffff}]
configparams force-mem-access 1
targets -set -nocase -filter {name =~"APU*" && jtag_cable_name =~ "Digilent Zybo Z7 210351A822C9A"} -index 0
stop
ps7_init
ps7_post_config
targets -set -nocase -filter {name =~ "ARM*#0" && jtag_cable_name =~ "Digilent Zybo Z7 210351A822C9A"} -index 0
rst -processor
targets -set -nocase -filter {name =~ "ARM*#0" && jtag_cable_name =~ "Digilent Zybo Z7 210351A822C9A"} -index 0
dow D:/zybodevelopment/psledblink/psledblink.sdk/psledblink/Debug/psledblink.elf
configparams force-mem-access 0
----------------End of Script----------------

21:07:01 INFO  : Memory regions updated for context APU
21:07:01 INFO  : Context for processor 'ps7_cortexa9_0' is selected.
21:07:01 INFO  : 'con' command is executed.
21:07:01 INFO  : ----------------XSDB Script (After Launch)----------------
targets -set -nocase -filter {name =~ "ARM*#0" && jtag_cable_name =~ "Digilent Zybo Z7 210351A822C9A"} -index 0
con
----------------End of Script----------------

21:07:01 INFO  : Launch script is exported to file 'D:\zybodevelopment\psledblink\psledblink.sdk\.sdk\launch_scripts\xilinx_c-c++_application_(system_debugger)\system_debugger_using_debug_psledblink.elf_on_local.tcl'
21:07:18 INFO  : Disconnected from the channel tcfchan#11.
21:07:19 INFO  : 'targets -set -filter {jtag_cable_name =~ "Digilent Zybo Z7 210351A822C9A" && level==0} -index 1' command is executed.
21:07:19 INFO  : 'fpga -state' command is executed.
21:07:21 INFO  : Memory regions updated for context APU
21:21:20 INFO  : 'targets -set -filter {jtag_cable_name =~ "Digilent Zybo Z7 210351A822C9A" && level==0} -index 1' command is executed.
21:21:20 INFO  : 'fpga -state' command is executed.
21:21:22 INFO  : Memory regions updated for context APU
21:21:41 INFO  : 'targets -set -filter {jtag_cable_name =~ "Digilent Zybo Z7 210351A822C9A" && level==0} -index 1' command is executed.
21:21:41 INFO  : 'fpga -state' command is executed.
21:21:43 INFO  : Connected to target on host '127.0.0.1' and port '3121'.
21:21:43 INFO  : Jtag cable 'Digilent Zybo Z7 210351A822C9A' is selected.
21:21:43 INFO  : 'jtag frequency' command is executed.
21:21:43 INFO  : Sourcing of 'D:/zybodevelopment/psledblink/psledblink.sdk/psledblink_wrapper_hw_platform_0/ps7_init.tcl' is done.
21:21:43 INFO  : Context for 'APU' is selected.
21:21:43 INFO  : Hardware design information is loaded from 'D:/zybodevelopment/psledblink/psledblink.sdk/psledblink_wrapper_hw_platform_0/system.hdf'.
21:21:43 INFO  : 'configparams force-mem-access 1' command is executed.
21:21:43 INFO  : Context for 'APU' is selected.
21:21:43 INFO  : 'stop' command is executed.
21:21:43 INFO  : 'ps7_init' command is executed.
21:21:43 INFO  : 'ps7_post_config' command is executed.
21:21:43 INFO  : Context for processor 'ps7_cortexa9_0' is selected.
21:21:43 INFO  : Processor reset is completed for 'ps7_cortexa9_0'.
21:21:43 INFO  : Context for processor 'ps7_cortexa9_0' is selected.
21:21:44 INFO  : The application 'D:/zybodevelopment/psledblink/psledblink.sdk/psledblink/Debug/psledblink.elf' is downloaded to processor 'ps7_cortexa9_0'.
21:21:44 INFO  : 'configparams force-mem-access 0' command is executed.
21:21:44 INFO  : ----------------XSDB Script----------------
connect -url tcp:127.0.0.1:3121
source D:/zybodevelopment/psledblink/psledblink.sdk/psledblink_wrapper_hw_platform_0/ps7_init.tcl
targets -set -nocase -filter {name =~"APU*" && jtag_cable_name =~ "Digilent Zybo Z7 210351A822C9A"} -index 0
loadhw -hw D:/zybodevelopment/psledblink/psledblink.sdk/psledblink_wrapper_hw_platform_0/system.hdf -mem-ranges [list {0x40000000 0xbfffffff}]
configparams force-mem-access 1
targets -set -nocase -filter {name =~"APU*" && jtag_cable_name =~ "Digilent Zybo Z7 210351A822C9A"} -index 0
stop
ps7_init
ps7_post_config
targets -set -nocase -filter {name =~ "ARM*#0" && jtag_cable_name =~ "Digilent Zybo Z7 210351A822C9A"} -index 0
rst -processor
targets -set -nocase -filter {name =~ "ARM*#0" && jtag_cable_name =~ "Digilent Zybo Z7 210351A822C9A"} -index 0
dow D:/zybodevelopment/psledblink/psledblink.sdk/psledblink/Debug/psledblink.elf
configparams force-mem-access 0
----------------End of Script----------------

21:21:44 INFO  : Memory regions updated for context APU
21:21:44 INFO  : Context for processor 'ps7_cortexa9_0' is selected.
21:21:44 INFO  : 'con' command is executed.
21:21:44 INFO  : ----------------XSDB Script (After Launch)----------------
targets -set -nocase -filter {name =~ "ARM*#0" && jtag_cable_name =~ "Digilent Zybo Z7 210351A822C9A"} -index 0
con
----------------End of Script----------------

21:21:44 INFO  : Launch script is exported to file 'D:\zybodevelopment\psledblink\psledblink.sdk\.sdk\launch_scripts\xilinx_c-c++_application_(system_debugger)\system_debugger_using_debug_psledblink.elf_on_local.tcl'
21:22:06 INFO  : Disconnected from the channel tcfchan#12.
21:22:07 INFO  : 'targets -set -filter {jtag_cable_name =~ "Digilent Zybo Z7 210351A822C9A" && level==0} -index 1' command is executed.
21:22:07 INFO  : 'fpga -state' command is executed.
21:22:08 INFO  : Connected to target on host '127.0.0.1' and port '3121'.
21:22:08 INFO  : Jtag cable 'Digilent Zybo Z7 210351A822C9A' is selected.
21:22:08 INFO  : 'jtag frequency' command is executed.
21:22:08 INFO  : Sourcing of 'D:/zybodevelopment/psledblink/psledblink.sdk/psledblink_wrapper_hw_platform_0/ps7_init.tcl' is done.
21:22:08 INFO  : Context for 'APU' is selected.
21:22:10 INFO  : Hardware design information is loaded from 'D:/zybodevelopment/psledblink/psledblink.sdk/psledblink_wrapper_hw_platform_0/system.hdf'.
21:22:10 INFO  : 'configparams force-mem-access 1' command is executed.
21:22:10 INFO  : Context for 'APU' is selected.
21:22:10 INFO  : 'stop' command is executed.
21:22:10 INFO  : 'ps7_init' command is executed.
21:22:10 INFO  : 'ps7_post_config' command is executed.
21:22:10 INFO  : Context for processor 'ps7_cortexa9_0' is selected.
21:22:10 INFO  : Processor reset is completed for 'ps7_cortexa9_0'.
21:22:10 INFO  : Context for processor 'ps7_cortexa9_0' is selected.
21:22:10 INFO  : The application 'D:/zybodevelopment/psledblink/psledblink.sdk/psledblink/Debug/psledblink.elf' is downloaded to processor 'ps7_cortexa9_0'.
21:22:10 INFO  : 'configparams force-mem-access 0' command is executed.
21:22:10 INFO  : ----------------XSDB Script----------------
connect -url tcp:127.0.0.1:3121
source D:/zybodevelopment/psledblink/psledblink.sdk/psledblink_wrapper_hw_platform_0/ps7_init.tcl
targets -set -nocase -filter {name =~"APU*" && jtag_cable_name =~ "Digilent Zybo Z7 210351A822C9A"} -index 0
loadhw -hw D:/zybodevelopment/psledblink/psledblink.sdk/psledblink_wrapper_hw_platform_0/system.hdf -mem-ranges [list {0x40000000 0xbfffffff}]
configparams force-mem-access 1
targets -set -nocase -filter {name =~"APU*" && jtag_cable_name =~ "Digilent Zybo Z7 210351A822C9A"} -index 0
stop
ps7_init
ps7_post_config
targets -set -nocase -filter {name =~ "ARM*#0" && jtag_cable_name =~ "Digilent Zybo Z7 210351A822C9A"} -index 0
rst -processor
targets -set -nocase -filter {name =~ "ARM*#0" && jtag_cable_name =~ "Digilent Zybo Z7 210351A822C9A"} -index 0
dow D:/zybodevelopment/psledblink/psledblink.sdk/psledblink/Debug/psledblink.elf
configparams force-mem-access 0
----------------End of Script----------------

21:22:10 INFO  : Memory regions updated for context APU
21:22:10 INFO  : Context for processor 'ps7_cortexa9_0' is selected.
21:22:10 INFO  : 'con' command is executed.
21:22:10 INFO  : ----------------XSDB Script (After Launch)----------------
targets -set -nocase -filter {name =~ "ARM*#0" && jtag_cable_name =~ "Digilent Zybo Z7 210351A822C9A"} -index 0
con
----------------End of Script----------------

21:22:10 INFO  : Launch script is exported to file 'D:\zybodevelopment\psledblink\psledblink.sdk\.sdk\launch_scripts\xilinx_c-c++_application_(system_debugger)\system_debugger_using_debug_psledblink.elf_on_local.tcl'
21:22:45 INFO  : Disconnected from the channel tcfchan#13.
21:22:47 INFO  : 'targets -set -filter {jtag_cable_name =~ "Digilent Zybo Z7 210351A822C9A" && level==0} -index 1' command is executed.
21:22:47 INFO  : 'fpga -state' command is executed.
21:22:49 INFO  : Connected to target on host '127.0.0.1' and port '3121'.
21:22:49 INFO  : Jtag cable 'Digilent Zybo Z7 210351A822C9A' is selected.
21:22:49 INFO  : 'jtag frequency' command is executed.
21:22:49 INFO  : Sourcing of 'D:/zybodevelopment/psledblink/psledblink.sdk/psledblink_wrapper_hw_platform_0/ps7_init.tcl' is done.
21:22:50 INFO  : Context for 'APU' is selected.
21:22:51 INFO  : Hardware design information is loaded from 'D:/zybodevelopment/psledblink/psledblink.sdk/psledblink_wrapper_hw_platform_0/system.hdf'.
21:22:51 INFO  : 'configparams force-mem-access 1' command is executed.
21:22:51 INFO  : Context for 'APU' is selected.
21:22:51 INFO  : 'stop' command is executed.
21:22:51 INFO  : 'ps7_init' command is executed.
21:22:51 INFO  : 'ps7_post_config' command is executed.
21:22:51 INFO  : Context for processor 'ps7_cortexa9_0' is selected.
21:22:52 INFO  : Processor reset is completed for 'ps7_cortexa9_0'.
21:22:52 INFO  : Context for processor 'ps7_cortexa9_0' is selected.
21:22:52 INFO  : The application 'D:/zybodevelopment/psledblink/psledblink.sdk/psledblink/Debug/psledblink.elf' is downloaded to processor 'ps7_cortexa9_0'.
21:22:52 INFO  : 'configparams force-mem-access 0' command is executed.
21:22:52 INFO  : ----------------XSDB Script----------------
connect -url tcp:127.0.0.1:3121
source D:/zybodevelopment/psledblink/psledblink.sdk/psledblink_wrapper_hw_platform_0/ps7_init.tcl
targets -set -nocase -filter {name =~"APU*" && jtag_cable_name =~ "Digilent Zybo Z7 210351A822C9A"} -index 0
loadhw -hw D:/zybodevelopment/psledblink/psledblink.sdk/psledblink_wrapper_hw_platform_0/system.hdf -mem-ranges [list {0x40000000 0xbfffffff}]
configparams force-mem-access 1
targets -set -nocase -filter {name =~"APU*" && jtag_cable_name =~ "Digilent Zybo Z7 210351A822C9A"} -index 0
stop
ps7_init
ps7_post_config
targets -set -nocase -filter {name =~ "ARM*#0" && jtag_cable_name =~ "Digilent Zybo Z7 210351A822C9A"} -index 0
rst -processor
targets -set -nocase -filter {name =~ "ARM*#0" && jtag_cable_name =~ "Digilent Zybo Z7 210351A822C9A"} -index 0
dow D:/zybodevelopment/psledblink/psledblink.sdk/psledblink/Debug/psledblink.elf
configparams force-mem-access 0
----------------End of Script----------------

21:22:52 INFO  : Memory regions updated for context APU
21:22:52 INFO  : Context for processor 'ps7_cortexa9_0' is selected.
21:22:52 INFO  : 'con' command is executed.
21:22:52 INFO  : ----------------XSDB Script (After Launch)----------------
targets -set -nocase -filter {name =~ "ARM*#0" && jtag_cable_name =~ "Digilent Zybo Z7 210351A822C9A"} -index 0
con
----------------End of Script----------------

21:22:52 INFO  : Launch script is exported to file 'D:\zybodevelopment\psledblink\psledblink.sdk\.sdk\launch_scripts\xilinx_c-c++_application_(system_debugger)\system_debugger_using_debug_psledblink.elf_on_local.tcl'
21:26:15 INFO  : Disconnected from the channel tcfchan#14.
21:26:16 INFO  : 'targets -set -filter {jtag_cable_name =~ "Digilent Zybo Z7 210351A822C9A" && level==0} -index 1' command is executed.
21:26:16 INFO  : 'fpga -state' command is executed.
21:26:18 INFO  : Connected to target on host '127.0.0.1' and port '3121'.
21:26:18 INFO  : Jtag cable 'Digilent Zybo Z7 210351A822C9A' is selected.
21:26:18 INFO  : 'jtag frequency' command is executed.
21:26:18 INFO  : Sourcing of 'D:/zybodevelopment/psledblink/psledblink.sdk/psledblink_wrapper_hw_platform_0/ps7_init.tcl' is done.
21:26:18 INFO  : Context for 'APU' is selected.
21:26:20 INFO  : Hardware design information is loaded from 'D:/zybodevelopment/psledblink/psledblink.sdk/psledblink_wrapper_hw_platform_0/system.hdf'.
21:26:20 INFO  : 'configparams force-mem-access 1' command is executed.
21:26:20 INFO  : Context for 'APU' is selected.
21:26:20 INFO  : 'stop' command is executed.
21:26:20 INFO  : 'ps7_init' command is executed.
21:26:20 INFO  : 'ps7_post_config' command is executed.
21:26:20 INFO  : Context for processor 'ps7_cortexa9_0' is selected.
21:26:20 INFO  : Processor reset is completed for 'ps7_cortexa9_0'.
21:26:20 INFO  : Context for processor 'ps7_cortexa9_0' is selected.
21:26:20 INFO  : The application 'D:/zybodevelopment/psledblink/psledblink.sdk/psledblink/Debug/psledblink.elf' is downloaded to processor 'ps7_cortexa9_0'.
21:26:20 INFO  : 'configparams force-mem-access 0' command is executed.
21:26:20 INFO  : ----------------XSDB Script----------------
connect -url tcp:127.0.0.1:3121
source D:/zybodevelopment/psledblink/psledblink.sdk/psledblink_wrapper_hw_platform_0/ps7_init.tcl
targets -set -nocase -filter {name =~"APU*" && jtag_cable_name =~ "Digilent Zybo Z7 210351A822C9A"} -index 0
loadhw -hw D:/zybodevelopment/psledblink/psledblink.sdk/psledblink_wrapper_hw_platform_0/system.hdf -mem-ranges [list {0x40000000 0xbfffffff}]
configparams force-mem-access 1
targets -set -nocase -filter {name =~"APU*" && jtag_cable_name =~ "Digilent Zybo Z7 210351A822C9A"} -index 0
stop
ps7_init
ps7_post_config
targets -set -nocase -filter {name =~ "ARM*#0" && jtag_cable_name =~ "Digilent Zybo Z7 210351A822C9A"} -index 0
rst -processor
targets -set -nocase -filter {name =~ "ARM*#0" && jtag_cable_name =~ "Digilent Zybo Z7 210351A822C9A"} -index 0
dow D:/zybodevelopment/psledblink/psledblink.sdk/psledblink/Debug/psledblink.elf
configparams force-mem-access 0
----------------End of Script----------------

21:26:20 INFO  : Memory regions updated for context APU
21:26:20 INFO  : Context for processor 'ps7_cortexa9_0' is selected.
21:26:20 INFO  : 'con' command is executed.
21:26:20 INFO  : ----------------XSDB Script (After Launch)----------------
targets -set -nocase -filter {name =~ "ARM*#0" && jtag_cable_name =~ "Digilent Zybo Z7 210351A822C9A"} -index 0
con
----------------End of Script----------------

21:26:20 INFO  : Launch script is exported to file 'D:\zybodevelopment\psledblink\psledblink.sdk\.sdk\launch_scripts\xilinx_c-c++_application_(system_debugger)\system_debugger_using_debug_psledblink.elf_on_local.tcl'
21:27:54 INFO  : Disconnected from the channel tcfchan#15.
21:27:55 INFO  : 'targets -set -filter {jtag_cable_name =~ "Digilent Zybo Z7 210351A822C9A" && level==0} -index 1' command is executed.
21:27:55 INFO  : 'fpga -state' command is executed.
21:27:58 INFO  : Connected to target on host '127.0.0.1' and port '3121'.
21:27:58 INFO  : Jtag cable 'Digilent Zybo Z7 210351A822C9A' is selected.
21:27:58 INFO  : 'jtag frequency' command is executed.
21:27:58 INFO  : Sourcing of 'D:/zybodevelopment/psledblink/psledblink.sdk/psledblink_wrapper_hw_platform_0/ps7_init.tcl' is done.
21:27:58 INFO  : Context for 'APU' is selected.
21:27:59 INFO  : Hardware design information is loaded from 'D:/zybodevelopment/psledblink/psledblink.sdk/psledblink_wrapper_hw_platform_0/system.hdf'.
21:27:59 INFO  : 'configparams force-mem-access 1' command is executed.
21:28:00 INFO  : Context for 'APU' is selected.
21:28:00 INFO  : 'stop' command is executed.
21:28:00 INFO  : 'ps7_init' command is executed.
21:28:00 INFO  : 'ps7_post_config' command is executed.
21:28:00 INFO  : Context for processor 'ps7_cortexa9_0' is selected.
21:28:00 INFO  : Processor reset is completed for 'ps7_cortexa9_0'.
21:28:00 INFO  : Context for processor 'ps7_cortexa9_0' is selected.
21:28:00 INFO  : The application 'D:/zybodevelopment/psledblink/psledblink.sdk/psledblink/Debug/psledblink.elf' is downloaded to processor 'ps7_cortexa9_0'.
21:28:00 INFO  : 'configparams force-mem-access 0' command is executed.
21:28:00 INFO  : ----------------XSDB Script----------------
connect -url tcp:127.0.0.1:3121
source D:/zybodevelopment/psledblink/psledblink.sdk/psledblink_wrapper_hw_platform_0/ps7_init.tcl
targets -set -nocase -filter {name =~"APU*" && jtag_cable_name =~ "Digilent Zybo Z7 210351A822C9A"} -index 0
loadhw -hw D:/zybodevelopment/psledblink/psledblink.sdk/psledblink_wrapper_hw_platform_0/system.hdf -mem-ranges [list {0x40000000 0xbfffffff}]
configparams force-mem-access 1
targets -set -nocase -filter {name =~"APU*" && jtag_cable_name =~ "Digilent Zybo Z7 210351A822C9A"} -index 0
stop
ps7_init
ps7_post_config
targets -set -nocase -filter {name =~ "ARM*#0" && jtag_cable_name =~ "Digilent Zybo Z7 210351A822C9A"} -index 0
rst -processor
targets -set -nocase -filter {name =~ "ARM*#0" && jtag_cable_name =~ "Digilent Zybo Z7 210351A822C9A"} -index 0
dow D:/zybodevelopment/psledblink/psledblink.sdk/psledblink/Debug/psledblink.elf
configparams force-mem-access 0
----------------End of Script----------------

21:28:00 INFO  : Memory regions updated for context APU
21:28:00 INFO  : Context for processor 'ps7_cortexa9_0' is selected.
21:28:00 INFO  : 'con' command is executed.
21:28:00 INFO  : ----------------XSDB Script (After Launch)----------------
targets -set -nocase -filter {name =~ "ARM*#0" && jtag_cable_name =~ "Digilent Zybo Z7 210351A822C9A"} -index 0
con
----------------End of Script----------------

21:28:00 INFO  : Launch script is exported to file 'D:\zybodevelopment\psledblink\psledblink.sdk\.sdk\launch_scripts\xilinx_c-c++_application_(system_debugger)\system_debugger_using_debug_psledblink.elf_on_local.tcl'
21:28:30 INFO  : Disconnected from the channel tcfchan#16.
21:28:32 INFO  : 'targets -set -filter {jtag_cable_name =~ "Digilent Zybo Z7 210351A822C9A" && level==0} -index 1' command is executed.
21:28:32 INFO  : 'fpga -state' command is executed.
21:28:33 INFO  : Connected to target on host '127.0.0.1' and port '3121'.
21:28:33 INFO  : Jtag cable 'Digilent Zybo Z7 210351A822C9A' is selected.
21:28:33 INFO  : 'jtag frequency' command is executed.
21:28:33 INFO  : Sourcing of 'D:/zybodevelopment/psledblink/psledblink.sdk/psledblink_wrapper_hw_platform_0/ps7_init.tcl' is done.
21:28:34 INFO  : Context for 'APU' is selected.
21:28:35 INFO  : Hardware design information is loaded from 'D:/zybodevelopment/psledblink/psledblink.sdk/psledblink_wrapper_hw_platform_0/system.hdf'.
21:28:35 INFO  : 'configparams force-mem-access 1' command is executed.
21:28:36 INFO  : Context for 'APU' is selected.
21:28:36 INFO  : 'stop' command is executed.
21:28:37 INFO  : 'ps7_init' command is executed.
21:28:37 INFO  : 'ps7_post_config' command is executed.
21:28:37 INFO  : Context for processor 'ps7_cortexa9_0' is selected.
21:28:37 INFO  : Processor reset is completed for 'ps7_cortexa9_0'.
21:28:37 INFO  : Context for processor 'ps7_cortexa9_0' is selected.
21:28:38 INFO  : The application 'D:/zybodevelopment/psledblink/psledblink.sdk/psledblink/Debug/psledblink.elf' is downloaded to processor 'ps7_cortexa9_0'.
21:28:38 INFO  : 'configparams force-mem-access 0' command is executed.
21:28:38 INFO  : ----------------XSDB Script----------------
connect -url tcp:127.0.0.1:3121
source D:/zybodevelopment/psledblink/psledblink.sdk/psledblink_wrapper_hw_platform_0/ps7_init.tcl
targets -set -nocase -filter {name =~"APU*" && jtag_cable_name =~ "Digilent Zybo Z7 210351A822C9A"} -index 0
loadhw -hw D:/zybodevelopment/psledblink/psledblink.sdk/psledblink_wrapper_hw_platform_0/system.hdf -mem-ranges [list {0x40000000 0xbfffffff}]
configparams force-mem-access 1
targets -set -nocase -filter {name =~"APU*" && jtag_cable_name =~ "Digilent Zybo Z7 210351A822C9A"} -index 0
stop
ps7_init
ps7_post_config
targets -set -nocase -filter {name =~ "ARM*#0" && jtag_cable_name =~ "Digilent Zybo Z7 210351A822C9A"} -index 0
rst -processor
targets -set -nocase -filter {name =~ "ARM*#0" && jtag_cable_name =~ "Digilent Zybo Z7 210351A822C9A"} -index 0
dow D:/zybodevelopment/psledblink/psledblink.sdk/psledblink/Debug/psledblink.elf
configparams force-mem-access 0
----------------End of Script----------------

21:28:38 INFO  : Memory regions updated for context APU
21:28:38 INFO  : Context for processor 'ps7_cortexa9_0' is selected.
21:28:38 INFO  : 'con' command is executed.
21:28:38 INFO  : ----------------XSDB Script (After Launch)----------------
targets -set -nocase -filter {name =~ "ARM*#0" && jtag_cable_name =~ "Digilent Zybo Z7 210351A822C9A"} -index 0
con
----------------End of Script----------------

21:28:38 INFO  : Launch script is exported to file 'D:\zybodevelopment\psledblink\psledblink.sdk\.sdk\launch_scripts\xilinx_c-c++_application_(system_debugger)\system_debugger_using_debug_psledblink.elf_on_local.tcl'
21:31:31 INFO  : Disconnected from the channel tcfchan#17.
21:38:37 INFO  : 'targets -set -filter {jtag_cable_name =~ "Digilent Zybo Z7 210351A822C9A" && level==0} -index 1' command is executed.
21:38:37 INFO  : 'fpga -state' command is executed.
21:38:40 INFO  : Connected to target on host '127.0.0.1' and port '3121'.
21:38:40 INFO  : Jtag cable 'Digilent Zybo Z7 210351A822C9A' is selected.
21:38:40 INFO  : 'jtag frequency' command is executed.
21:38:40 INFO  : Sourcing of 'D:/zybodevelopment/psledblink/psledblink.sdk/psledblink_wrapper_hw_platform_0/ps7_init.tcl' is done.
21:38:40 INFO  : Context for 'APU' is selected.
21:38:40 INFO  : Hardware design information is loaded from 'D:/zybodevelopment/psledblink/psledblink.sdk/psledblink_wrapper_hw_platform_0/system.hdf'.
21:38:40 INFO  : 'configparams force-mem-access 1' command is executed.
21:38:40 INFO  : Context for 'APU' is selected.
21:38:40 INFO  : 'stop' command is executed.
21:38:40 INFO  : 'ps7_init' command is executed.
21:38:40 INFO  : 'ps7_post_config' command is executed.
21:38:40 INFO  : Context for processor 'ps7_cortexa9_0' is selected.
21:38:40 INFO  : Processor reset is completed for 'ps7_cortexa9_0'.
21:38:40 INFO  : Context for processor 'ps7_cortexa9_0' is selected.
21:38:41 INFO  : The application 'D:/zybodevelopment/psledblink/psledblink.sdk/psledblink/Debug/psledblink.elf' is downloaded to processor 'ps7_cortexa9_0'.
21:38:41 INFO  : 'configparams force-mem-access 0' command is executed.
21:38:41 INFO  : ----------------XSDB Script----------------
connect -url tcp:127.0.0.1:3121
source D:/zybodevelopment/psledblink/psledblink.sdk/psledblink_wrapper_hw_platform_0/ps7_init.tcl
targets -set -nocase -filter {name =~"APU*" && jtag_cable_name =~ "Digilent Zybo Z7 210351A822C9A"} -index 0
loadhw -hw D:/zybodevelopment/psledblink/psledblink.sdk/psledblink_wrapper_hw_platform_0/system.hdf -mem-ranges [list {0x40000000 0xbfffffff}]
configparams force-mem-access 1
targets -set -nocase -filter {name =~"APU*" && jtag_cable_name =~ "Digilent Zybo Z7 210351A822C9A"} -index 0
stop
ps7_init
ps7_post_config
targets -set -nocase -filter {name =~ "ARM*#0" && jtag_cable_name =~ "Digilent Zybo Z7 210351A822C9A"} -index 0
rst -processor
targets -set -nocase -filter {name =~ "ARM*#0" && jtag_cable_name =~ "Digilent Zybo Z7 210351A822C9A"} -index 0
dow D:/zybodevelopment/psledblink/psledblink.sdk/psledblink/Debug/psledblink.elf
configparams force-mem-access 0
----------------End of Script----------------

21:38:41 INFO  : Memory regions updated for context APU
21:38:41 INFO  : Context for processor 'ps7_cortexa9_0' is selected.
21:38:41 INFO  : 'con' command is executed.
21:38:41 INFO  : ----------------XSDB Script (After Launch)----------------
targets -set -nocase -filter {name =~ "ARM*#0" && jtag_cable_name =~ "Digilent Zybo Z7 210351A822C9A"} -index 0
con
----------------End of Script----------------

21:38:41 INFO  : Launch script is exported to file 'D:\zybodevelopment\psledblink\psledblink.sdk\.sdk\launch_scripts\xilinx_c-c++_application_(system_debugger)\system_debugger_using_debug_psledblink.elf_on_local.tcl'
