20:35:03 INFO  : Registering command handlers for SDK TCF services
20:35:03 INFO  : Launching XSCT server: xsct.bat -interactive D:\zybodevelopment\ledblinky\ledblinky.sdk\temp_xsdb_launch_script.tcl
20:35:06 INFO  : XSCT server has started successfully.
20:35:06 INFO  : Successfully done setting XSCT server connection channel  
20:35:07 INFO  : Successfully done setting SDK workspace  
20:35:07 INFO  : Processing command line option -hwspec D:/zybodevelopment/ledblinky/ledblinky.sdk/ledbllinky_wrapper.hdf.
20:42:18 INFO  : 'targets -set -filter {jtag_cable_name =~ "Digilent Zybo Z7 210351A822C9A" && level==0} -index 1' command is executed.
20:42:18 INFO  : 'fpga -state' command is executed.
20:42:19 INFO  : Connected to target on host '127.0.0.1' and port '3121'.
20:42:19 INFO  : Jtag cable 'Digilent Zybo Z7 210351A822C9A' is selected.
20:42:19 INFO  : 'jtag frequency' command is executed.
20:42:19 INFO  : Sourcing of 'D:/zybodevelopment/ledblinky/ledblinky.sdk/ledbllinky_wrapper_hw_platform_0/ps7_init.tcl' is done.
20:42:19 INFO  : Context for 'APU' is selected.
20:42:19 INFO  : Hardware design information is loaded from 'D:/zybodevelopment/ledblinky/ledblinky.sdk/ledbllinky_wrapper_hw_platform_0/system.hdf'.
20:42:20 INFO  : 'configparams force-mem-access 1' command is executed.
20:42:20 INFO  : Context for 'APU' is selected.
20:42:20 INFO  : 'stop' command is executed.
20:42:20 INFO  : 'ps7_init' command is executed.
20:42:20 INFO  : 'ps7_post_config' command is executed.
20:42:20 INFO  : Context for processor 'ps7_cortexa9_0' is selected.
20:42:20 INFO  : Processor reset is completed for 'ps7_cortexa9_0'.
20:42:20 INFO  : Context for processor 'ps7_cortexa9_0' is selected.
20:42:20 INFO  : The application 'D:/zybodevelopment/ledblinky/ledblinky.sdk/ledblinky/Debug/ledblinky.elf' is downloaded to processor 'ps7_cortexa9_0'.
20:42:20 INFO  : 'configparams force-mem-access 0' command is executed.
20:42:20 INFO  : ----------------XSDB Script----------------
connect -url tcp:127.0.0.1:3121
source D:/zybodevelopment/ledblinky/ledblinky.sdk/ledbllinky_wrapper_hw_platform_0/ps7_init.tcl
targets -set -nocase -filter {name =~"APU*" && jtag_cable_name =~ "Digilent Zybo Z7 210351A822C9A"} -index 0
loadhw -hw D:/zybodevelopment/ledblinky/ledblinky.sdk/ledbllinky_wrapper_hw_platform_0/system.hdf -mem-ranges [list {0x40000000 0xbfffffff}]
configparams force-mem-access 1
targets -set -nocase -filter {name =~"APU*" && jtag_cable_name =~ "Digilent Zybo Z7 210351A822C9A"} -index 0
stop
ps7_init
ps7_post_config
targets -set -nocase -filter {name =~ "ARM*#0" && jtag_cable_name =~ "Digilent Zybo Z7 210351A822C9A"} -index 0
rst -processor
targets -set -nocase -filter {name =~ "ARM*#0" && jtag_cable_name =~ "Digilent Zybo Z7 210351A822C9A"} -index 0
dow D:/zybodevelopment/ledblinky/ledblinky.sdk/ledblinky/Debug/ledblinky.elf
configparams force-mem-access 0
----------------End of Script----------------

20:42:20 INFO  : Memory regions updated for context APU
20:42:20 INFO  : Context for processor 'ps7_cortexa9_0' is selected.
20:42:20 INFO  : 'con' command is executed.
20:42:20 INFO  : ----------------XSDB Script (After Launch)----------------
targets -set -nocase -filter {name =~ "ARM*#0" && jtag_cable_name =~ "Digilent Zybo Z7 210351A822C9A"} -index 0
con
----------------End of Script----------------

20:42:20 INFO  : Launch script is exported to file 'D:\zybodevelopment\ledblinky\ledblinky.sdk\.sdk\launch_scripts\xilinx_c-c++_application_(system_debugger)\system_debugger_using_debug_ledblinky.elf_on_local.tcl'
20:42:54 INFO  : Disconnected from the channel tcfchan#1.
20:42:55 INFO  : 'targets -set -filter {jtag_cable_name =~ "Digilent Zybo Z7 210351A822C9A" && level==0} -index 1' command is executed.
20:42:55 INFO  : 'fpga -state' command is executed.
20:42:57 INFO  : Connected to target on host '127.0.0.1' and port '3121'.
20:42:57 INFO  : Jtag cable 'Digilent Zybo Z7 210351A822C9A' is selected.
20:42:57 INFO  : 'jtag frequency' command is executed.
20:42:57 INFO  : Sourcing of 'D:/zybodevelopment/ledblinky/ledblinky.sdk/ledbllinky_wrapper_hw_platform_0/ps7_init.tcl' is done.
20:42:57 INFO  : Context for 'APU' is selected.
20:42:59 INFO  : Hardware design information is loaded from 'D:/zybodevelopment/ledblinky/ledblinky.sdk/ledbllinky_wrapper_hw_platform_0/system.hdf'.
20:42:59 INFO  : 'configparams force-mem-access 1' command is executed.
20:42:59 INFO  : Context for 'APU' is selected.
20:42:59 INFO  : 'stop' command is executed.
20:42:59 INFO  : 'ps7_init' command is executed.
20:42:59 INFO  : 'ps7_post_config' command is executed.
20:42:59 INFO  : Context for processor 'ps7_cortexa9_0' is selected.
20:42:59 INFO  : Processor reset is completed for 'ps7_cortexa9_0'.
20:42:59 INFO  : Context for processor 'ps7_cortexa9_0' is selected.
20:42:59 INFO  : The application 'D:/zybodevelopment/ledblinky/ledblinky.sdk/ledblinky/Debug/ledblinky.elf' is downloaded to processor 'ps7_cortexa9_0'.
20:42:59 INFO  : 'configparams force-mem-access 0' command is executed.
20:42:59 INFO  : ----------------XSDB Script----------------
connect -url tcp:127.0.0.1:3121
source D:/zybodevelopment/ledblinky/ledblinky.sdk/ledbllinky_wrapper_hw_platform_0/ps7_init.tcl
targets -set -nocase -filter {name =~"APU*" && jtag_cable_name =~ "Digilent Zybo Z7 210351A822C9A"} -index 0
loadhw -hw D:/zybodevelopment/ledblinky/ledblinky.sdk/ledbllinky_wrapper_hw_platform_0/system.hdf -mem-ranges [list {0x40000000 0xbfffffff}]
configparams force-mem-access 1
targets -set -nocase -filter {name =~"APU*" && jtag_cable_name =~ "Digilent Zybo Z7 210351A822C9A"} -index 0
stop
ps7_init
ps7_post_config
targets -set -nocase -filter {name =~ "ARM*#0" && jtag_cable_name =~ "Digilent Zybo Z7 210351A822C9A"} -index 0
rst -processor
targets -set -nocase -filter {name =~ "ARM*#0" && jtag_cable_name =~ "Digilent Zybo Z7 210351A822C9A"} -index 0
dow D:/zybodevelopment/ledblinky/ledblinky.sdk/ledblinky/Debug/ledblinky.elf
configparams force-mem-access 0
----------------End of Script----------------

20:43:00 INFO  : Memory regions updated for context APU
20:43:00 INFO  : Context for processor 'ps7_cortexa9_0' is selected.
20:43:00 INFO  : 'con' command is executed.
20:43:00 INFO  : ----------------XSDB Script (After Launch)----------------
targets -set -nocase -filter {name =~ "ARM*#0" && jtag_cable_name =~ "Digilent Zybo Z7 210351A822C9A"} -index 0
con
----------------End of Script----------------

20:43:00 INFO  : Launch script is exported to file 'D:\zybodevelopment\ledblinky\ledblinky.sdk\.sdk\launch_scripts\xilinx_c-c++_application_(system_debugger)\system_debugger_using_debug_ledblinky.elf_on_local.tcl'
20:47:24 INFO  : Disconnected from the channel tcfchan#2.
20:47:25 INFO  : 'targets -set -filter {jtag_cable_name =~ "Digilent Zybo Z7 210351A822C9A" && level==0} -index 1' command is executed.
20:47:25 INFO  : 'fpga -state' command is executed.
20:47:26 INFO  : Connected to target on host '127.0.0.1' and port '3121'.
20:47:26 INFO  : Jtag cable 'Digilent Zybo Z7 210351A822C9A' is selected.
20:47:26 INFO  : 'jtag frequency' command is executed.
20:47:26 INFO  : Sourcing of 'D:/zybodevelopment/ledblinky/ledblinky.sdk/ledbllinky_wrapper_hw_platform_0/ps7_init.tcl' is done.
20:47:26 INFO  : Context for 'APU' is selected.
20:47:28 INFO  : Hardware design information is loaded from 'D:/zybodevelopment/ledblinky/ledblinky.sdk/ledbllinky_wrapper_hw_platform_0/system.hdf'.
20:47:28 INFO  : 'configparams force-mem-access 1' command is executed.
20:47:28 INFO  : Context for 'APU' is selected.
20:47:28 INFO  : 'stop' command is executed.
20:47:29 INFO  : 'ps7_init' command is executed.
20:47:29 INFO  : 'ps7_post_config' command is executed.
20:47:29 INFO  : Context for processor 'ps7_cortexa9_0' is selected.
20:47:29 INFO  : Processor reset is completed for 'ps7_cortexa9_0'.
20:47:29 INFO  : Context for processor 'ps7_cortexa9_0' is selected.
20:47:32 ERROR : Memory write error at 0x100000. APB AP transaction error, DAP status f0000021
20:47:32 INFO  : ----------------XSDB Script----------------
connect -url tcp:127.0.0.1:3121
source D:/zybodevelopment/ledblinky/ledblinky.sdk/ledbllinky_wrapper_hw_platform_0/ps7_init.tcl
targets -set -nocase -filter {name =~"APU*" && jtag_cable_name =~ "Digilent Zybo Z7 210351A822C9A"} -index 0
loadhw -hw D:/zybodevelopment/ledblinky/ledblinky.sdk/ledbllinky_wrapper_hw_platform_0/system.hdf -mem-ranges [list {0x40000000 0xbfffffff}]
configparams force-mem-access 1
targets -set -nocase -filter {name =~"APU*" && jtag_cable_name =~ "Digilent Zybo Z7 210351A822C9A"} -index 0
stop
ps7_init
ps7_post_config
targets -set -nocase -filter {name =~ "ARM*#0" && jtag_cable_name =~ "Digilent Zybo Z7 210351A822C9A"} -index 0
rst -processor
targets -set -nocase -filter {name =~ "ARM*#0" && jtag_cable_name =~ "Digilent Zybo Z7 210351A822C9A"} -index 0
dow D:/zybodevelopment/ledblinky/ledblinky.sdk/ledblinky/Debug/ledblinky.elf
----------------End of Script----------------

20:47:46 INFO  : 'targets -set -filter {jtag_cable_name =~ "Digilent Zybo Z7 210351A822C9A" && level==0} -index 1' command is executed.
20:47:46 INFO  : 'fpga -state' command is executed.
20:47:48 INFO  : Connected to target on host '127.0.0.1' and port '3121'.
20:47:48 INFO  : Jtag cable 'Digilent Zybo Z7 210351A822C9A' is selected.
20:47:48 INFO  : 'jtag frequency' command is executed.
20:47:48 INFO  : Sourcing of 'D:/zybodevelopment/ledblinky/ledblinky.sdk/ledbllinky_wrapper_hw_platform_0/ps7_init.tcl' is done.
20:47:48 INFO  : Context for 'APU' is selected.
20:47:48 INFO  : Hardware design information is loaded from 'D:/zybodevelopment/ledblinky/ledblinky.sdk/ledbllinky_wrapper_hw_platform_0/system.hdf'.
20:47:48 INFO  : 'configparams force-mem-access 1' command is executed.
20:47:48 INFO  : Context for 'APU' is selected.
20:47:49 INFO  : 'stop' command is executed.
20:47:49 INFO  : 'ps7_init' command is executed.
20:47:49 INFO  : 'ps7_post_config' command is executed.
20:47:49 INFO  : Context for processor 'ps7_cortexa9_0' is selected.
20:47:50 INFO  : Processor reset is completed for 'ps7_cortexa9_0'.
20:47:50 INFO  : Context for processor 'ps7_cortexa9_0' is selected.
20:47:50 INFO  : The application 'D:/zybodevelopment/ledblinky/ledblinky.sdk/ledblinky/Debug/ledblinky.elf' is downloaded to processor 'ps7_cortexa9_0'.
20:47:50 INFO  : 'configparams force-mem-access 0' command is executed.
20:47:50 INFO  : ----------------XSDB Script----------------
connect -url tcp:127.0.0.1:3121
source D:/zybodevelopment/ledblinky/ledblinky.sdk/ledbllinky_wrapper_hw_platform_0/ps7_init.tcl
targets -set -nocase -filter {name =~"APU*" && jtag_cable_name =~ "Digilent Zybo Z7 210351A822C9A"} -index 0
loadhw -hw D:/zybodevelopment/ledblinky/ledblinky.sdk/ledbllinky_wrapper_hw_platform_0/system.hdf -mem-ranges [list {0x40000000 0xbfffffff}]
configparams force-mem-access 1
targets -set -nocase -filter {name =~"APU*" && jtag_cable_name =~ "Digilent Zybo Z7 210351A822C9A"} -index 0
stop
ps7_init
ps7_post_config
targets -set -nocase -filter {name =~ "ARM*#0" && jtag_cable_name =~ "Digilent Zybo Z7 210351A822C9A"} -index 0
rst -processor
targets -set -nocase -filter {name =~ "ARM*#0" && jtag_cable_name =~ "Digilent Zybo Z7 210351A822C9A"} -index 0
dow D:/zybodevelopment/ledblinky/ledblinky.sdk/ledblinky/Debug/ledblinky.elf
configparams force-mem-access 0
----------------End of Script----------------

20:47:50 INFO  : Memory regions updated for context APU
20:47:50 INFO  : Context for processor 'ps7_cortexa9_0' is selected.
20:47:50 INFO  : 'con' command is executed.
20:47:50 INFO  : ----------------XSDB Script (After Launch)----------------
targets -set -nocase -filter {name =~ "ARM*#0" && jtag_cable_name =~ "Digilent Zybo Z7 210351A822C9A"} -index 0
con
----------------End of Script----------------

20:47:50 INFO  : Launch script is exported to file 'D:\zybodevelopment\ledblinky\ledblinky.sdk\.sdk\launch_scripts\xilinx_c-c++_application_(system_debugger)\system_debugger_using_debug_ledblinky.elf_on_local.tcl'
20:56:31 INFO  : SDK has detected change in the last modified timestamps for source hardware specification file Source:1622397379288,  Project:1622395874341
20:56:31 INFO  : Project ledbllinky_wrapper_hw_platform_0's source hardware specification located at D:/zybodevelopment/ledblinky/ledblinky.sdk/ledbllinky_wrapper.hdf is now different from the local copy.
		 The local copy will be replaced with the source specification and your workspace will be updated.
20:56:56 INFO  : Copied contents of D:/zybodevelopment/ledblinky/ledblinky.sdk/ledbllinky_wrapper.hdf into \ledbllinky_wrapper_hw_platform_0\system.hdf.
20:56:59 INFO  : Synchronizing projects in the workspace with the hardware platform specification changes.
20:57:01 INFO  : 
20:57:02 INFO  : Updating hardware inferred compiler options for ledblinky.
20:57:02 INFO  : Clearing existing target manager status.
20:57:02 INFO  : Closing and re-opening the MSS file of ther project ledblinky_bsp
20:57:03 INFO  : Workspace synchronized with the new hardware specification file. Cleaning dependent projects...
20:57:04 WARN  : Linker script will not be updated automatically. Users need to update it manually.
20:57:38 INFO  : Disconnected from the channel tcfchan#3.
20:57:39 INFO  : 'targets -set -filter {jtag_cable_name =~ "Digilent Zybo Z7 210351A822C9A" && level==0} -index 1' command is executed.
20:57:39 INFO  : 'fpga -state' command is executed.
20:57:40 INFO  : Connected to target on host '127.0.0.1' and port '3121'.
20:57:41 INFO  : Jtag cable 'Digilent Zybo Z7 210351A822C9A' is selected.
20:57:41 INFO  : 'jtag frequency' command is executed.
20:57:41 INFO  : Sourcing of 'D:/zybodevelopment/ledblinky/ledblinky.sdk/ledbllinky_wrapper_hw_platform_0/ps7_init.tcl' is done.
20:57:41 INFO  : Context for 'APU' is selected.
20:57:41 INFO  : Hardware design information is loaded from 'D:/zybodevelopment/ledblinky/ledblinky.sdk/ledbllinky_wrapper_hw_platform_0/system.hdf'.
20:57:41 INFO  : 'configparams force-mem-access 1' command is executed.
20:57:41 INFO  : Context for 'APU' is selected.
20:57:41 INFO  : 'stop' command is executed.
20:57:41 INFO  : 'ps7_init' command is executed.
20:57:41 INFO  : 'ps7_post_config' command is executed.
20:57:41 INFO  : Context for processor 'ps7_cortexa9_0' is selected.
20:57:41 INFO  : Processor reset is completed for 'ps7_cortexa9_0'.
20:57:41 INFO  : Context for processor 'ps7_cortexa9_0' is selected.
20:57:41 INFO  : The application 'D:/zybodevelopment/ledblinky/ledblinky.sdk/ledblinky/Debug/ledblinky.elf' is downloaded to processor 'ps7_cortexa9_0'.
20:57:41 INFO  : 'configparams force-mem-access 0' command is executed.
20:57:41 INFO  : ----------------XSDB Script----------------
connect -url tcp:127.0.0.1:3121
source D:/zybodevelopment/ledblinky/ledblinky.sdk/ledbllinky_wrapper_hw_platform_0/ps7_init.tcl
targets -set -nocase -filter {name =~"APU*" && jtag_cable_name =~ "Digilent Zybo Z7 210351A822C9A"} -index 0
loadhw -hw D:/zybodevelopment/ledblinky/ledblinky.sdk/ledbllinky_wrapper_hw_platform_0/system.hdf -mem-ranges [list {0x40000000 0xbfffffff}]
configparams force-mem-access 1
targets -set -nocase -filter {name =~"APU*" && jtag_cable_name =~ "Digilent Zybo Z7 210351A822C9A"} -index 0
stop
ps7_init
ps7_post_config
targets -set -nocase -filter {name =~ "ARM*#0" && jtag_cable_name =~ "Digilent Zybo Z7 210351A822C9A"} -index 0
rst -processor
targets -set -nocase -filter {name =~ "ARM*#0" && jtag_cable_name =~ "Digilent Zybo Z7 210351A822C9A"} -index 0
dow D:/zybodevelopment/ledblinky/ledblinky.sdk/ledblinky/Debug/ledblinky.elf
configparams force-mem-access 0
----------------End of Script----------------

20:57:41 INFO  : Memory regions updated for context APU
20:57:41 INFO  : Context for processor 'ps7_cortexa9_0' is selected.
20:57:41 INFO  : 'con' command is executed.
20:57:41 INFO  : ----------------XSDB Script (After Launch)----------------
targets -set -nocase -filter {name =~ "ARM*#0" && jtag_cable_name =~ "Digilent Zybo Z7 210351A822C9A"} -index 0
con
----------------End of Script----------------

20:57:41 INFO  : Launch script is exported to file 'D:\zybodevelopment\ledblinky\ledblinky.sdk\.sdk\launch_scripts\xilinx_c-c++_application_(system_debugger)\system_debugger_using_debug_ledblinky.elf_on_local.tcl'
20:57:59 INFO  : Disconnected from the channel tcfchan#4.
20:58:01 INFO  : 'targets -set -filter {jtag_cable_name =~ "Digilent Zybo Z7 210351A822C9A" && level==0} -index 1' command is executed.
20:58:01 INFO  : 'fpga -state' command is executed.
20:58:01 INFO  : Connected to target on host '127.0.0.1' and port '3121'.
20:58:02 INFO  : Jtag cable 'Digilent Zybo Z7 210351A822C9A' is selected.
20:58:02 INFO  : 'jtag frequency' command is executed.
20:58:02 INFO  : Sourcing of 'D:/zybodevelopment/ledblinky/ledblinky.sdk/ledbllinky_wrapper_hw_platform_0/ps7_init.tcl' is done.
20:58:02 INFO  : Context for 'APU' is selected.
20:58:04 INFO  : Hardware design information is loaded from 'D:/zybodevelopment/ledblinky/ledblinky.sdk/ledbllinky_wrapper_hw_platform_0/system.hdf'.
20:58:04 INFO  : 'configparams force-mem-access 1' command is executed.
20:58:04 INFO  : Context for 'APU' is selected.
20:58:05 INFO  : 'stop' command is executed.
20:58:05 INFO  : 'ps7_init' command is executed.
20:58:05 INFO  : 'ps7_post_config' command is executed.
20:58:05 INFO  : Context for processor 'ps7_cortexa9_0' is selected.
20:58:05 INFO  : Processor reset is completed for 'ps7_cortexa9_0'.
20:58:05 INFO  : Context for processor 'ps7_cortexa9_0' is selected.
20:58:05 INFO  : The application 'D:/zybodevelopment/ledblinky/ledblinky.sdk/ledblinky/Debug/ledblinky.elf' is downloaded to processor 'ps7_cortexa9_0'.
20:58:05 INFO  : 'configparams force-mem-access 0' command is executed.
20:58:05 INFO  : ----------------XSDB Script----------------
connect -url tcp:127.0.0.1:3121
source D:/zybodevelopment/ledblinky/ledblinky.sdk/ledbllinky_wrapper_hw_platform_0/ps7_init.tcl
targets -set -nocase -filter {name =~"APU*" && jtag_cable_name =~ "Digilent Zybo Z7 210351A822C9A"} -index 0
loadhw -hw D:/zybodevelopment/ledblinky/ledblinky.sdk/ledbllinky_wrapper_hw_platform_0/system.hdf -mem-ranges [list {0x40000000 0xbfffffff}]
configparams force-mem-access 1
targets -set -nocase -filter {name =~"APU*" && jtag_cable_name =~ "Digilent Zybo Z7 210351A822C9A"} -index 0
stop
ps7_init
ps7_post_config
targets -set -nocase -filter {name =~ "ARM*#0" && jtag_cable_name =~ "Digilent Zybo Z7 210351A822C9A"} -index 0
rst -processor
targets -set -nocase -filter {name =~ "ARM*#0" && jtag_cable_name =~ "Digilent Zybo Z7 210351A822C9A"} -index 0
dow D:/zybodevelopment/ledblinky/ledblinky.sdk/ledblinky/Debug/ledblinky.elf
configparams force-mem-access 0
----------------End of Script----------------

20:58:05 INFO  : Memory regions updated for context APU
20:58:05 INFO  : Context for processor 'ps7_cortexa9_0' is selected.
20:58:05 INFO  : 'con' command is executed.
20:58:05 INFO  : ----------------XSDB Script (After Launch)----------------
targets -set -nocase -filter {name =~ "ARM*#0" && jtag_cable_name =~ "Digilent Zybo Z7 210351A822C9A"} -index 0
con
----------------End of Script----------------

20:58:05 INFO  : Launch script is exported to file 'D:\zybodevelopment\ledblinky\ledblinky.sdk\.sdk\launch_scripts\xilinx_c-c++_application_(system_debugger)\system_debugger_using_debug_ledblinky.elf_on_local.tcl'
21:01:29 INFO  : Disconnected from the channel tcfchan#5.
21:01:30 INFO  : 'targets -set -filter {jtag_cable_name =~ "Digilent Zybo Z7 210351A822C9A" && level==0} -index 1' command is executed.
21:01:30 INFO  : 'fpga -state' command is executed.
21:01:32 INFO  : Connected to target on host '127.0.0.1' and port '3121'.
21:01:32 INFO  : Jtag cable 'Digilent Zybo Z7 210351A822C9A' is selected.
21:01:32 INFO  : 'jtag frequency' command is executed.
21:01:32 INFO  : Sourcing of 'D:/zybodevelopment/ledblinky/ledblinky.sdk/ledbllinky_wrapper_hw_platform_0/ps7_init.tcl' is done.
21:01:32 INFO  : Context for 'APU' is selected.
21:01:32 INFO  : Hardware design information is loaded from 'D:/zybodevelopment/ledblinky/ledblinky.sdk/ledbllinky_wrapper_hw_platform_0/system.hdf'.
21:01:32 INFO  : 'configparams force-mem-access 1' command is executed.
21:01:32 INFO  : Context for 'APU' is selected.
21:01:32 INFO  : 'stop' command is executed.
21:01:33 INFO  : 'ps7_init' command is executed.
21:01:33 INFO  : 'ps7_post_config' command is executed.
21:01:33 INFO  : Context for processor 'ps7_cortexa9_0' is selected.
21:01:33 INFO  : Processor reset is completed for 'ps7_cortexa9_0'.
21:01:33 INFO  : Context for processor 'ps7_cortexa9_0' is selected.
21:01:33 INFO  : The application 'D:/zybodevelopment/ledblinky/ledblinky.sdk/ledblinky/Debug/ledblinky.elf' is downloaded to processor 'ps7_cortexa9_0'.
21:01:33 INFO  : 'configparams force-mem-access 0' command is executed.
21:01:33 INFO  : ----------------XSDB Script----------------
connect -url tcp:127.0.0.1:3121
source D:/zybodevelopment/ledblinky/ledblinky.sdk/ledbllinky_wrapper_hw_platform_0/ps7_init.tcl
targets -set -nocase -filter {name =~"APU*" && jtag_cable_name =~ "Digilent Zybo Z7 210351A822C9A"} -index 0
loadhw -hw D:/zybodevelopment/ledblinky/ledblinky.sdk/ledbllinky_wrapper_hw_platform_0/system.hdf -mem-ranges [list {0x40000000 0xbfffffff}]
configparams force-mem-access 1
targets -set -nocase -filter {name =~"APU*" && jtag_cable_name =~ "Digilent Zybo Z7 210351A822C9A"} -index 0
stop
ps7_init
ps7_post_config
targets -set -nocase -filter {name =~ "ARM*#0" && jtag_cable_name =~ "Digilent Zybo Z7 210351A822C9A"} -index 0
rst -processor
targets -set -nocase -filter {name =~ "ARM*#0" && jtag_cable_name =~ "Digilent Zybo Z7 210351A822C9A"} -index 0
dow D:/zybodevelopment/ledblinky/ledblinky.sdk/ledblinky/Debug/ledblinky.elf
configparams force-mem-access 0
----------------End of Script----------------

21:01:33 INFO  : Memory regions updated for context APU
21:01:33 INFO  : Context for processor 'ps7_cortexa9_0' is selected.
21:01:33 INFO  : 'con' command is executed.
21:01:33 INFO  : ----------------XSDB Script (After Launch)----------------
targets -set -nocase -filter {name =~ "ARM*#0" && jtag_cable_name =~ "Digilent Zybo Z7 210351A822C9A"} -index 0
con
----------------End of Script----------------

21:01:33 INFO  : Launch script is exported to file 'D:\zybodevelopment\ledblinky\ledblinky.sdk\.sdk\launch_scripts\xilinx_c-c++_application_(system_debugger)\system_debugger_using_debug_ledblinky.elf_on_local.tcl'
21:03:25 INFO  : Connected to target on host '127.0.0.1' and port '3121'.
21:03:25 INFO  : 'targets -set -filter {jtag_cable_name =~ "Digilent Zybo Z7 210351A822C9A" && level==0} -index 1' command is executed.
21:03:27 INFO  : FPGA configured successfully with bitstream "D:/zybodevelopment/ledblinky/ledblinky.sdk/ledbllinky_wrapper_hw_platform_0/ledbllinky_wrapper.bit"
21:03:52 INFO  : Disconnected from the channel tcfchan#6.
21:03:53 INFO  : 'targets -set -filter {jtag_cable_name =~ "Digilent Zybo Z7 210351A822C9A" && level==0} -index 1' command is executed.
21:03:53 INFO  : 'fpga -state' command is executed.
21:03:53 INFO  : Connected to target on host '127.0.0.1' and port '3121'.
21:03:53 INFO  : Jtag cable 'Digilent Zybo Z7 210351A822C9A' is selected.
21:03:53 INFO  : 'jtag frequency' command is executed.
21:03:53 INFO  : Sourcing of 'D:/zybodevelopment/ledblinky/ledblinky.sdk/ledbllinky_wrapper_hw_platform_0/ps7_init.tcl' is done.
21:03:53 INFO  : Context for 'APU' is selected.
21:03:53 INFO  : Hardware design information is loaded from 'D:/zybodevelopment/ledblinky/ledblinky.sdk/ledbllinky_wrapper_hw_platform_0/system.hdf'.
21:03:53 INFO  : 'configparams force-mem-access 1' command is executed.
21:03:53 INFO  : Context for 'APU' is selected.
21:03:53 INFO  : 'stop' command is executed.
21:03:53 INFO  : 'ps7_init' command is executed.
21:03:53 INFO  : 'ps7_post_config' command is executed.
21:03:53 INFO  : Context for processor 'ps7_cortexa9_0' is selected.
21:03:53 INFO  : Processor reset is completed for 'ps7_cortexa9_0'.
21:03:53 INFO  : Context for processor 'ps7_cortexa9_0' is selected.
21:03:54 INFO  : The application 'D:/zybodevelopment/ledblinky/ledblinky.sdk/ledblinky/Debug/ledblinky.elf' is downloaded to processor 'ps7_cortexa9_0'.
21:03:54 INFO  : 'configparams force-mem-access 0' command is executed.
21:03:54 INFO  : ----------------XSDB Script----------------
connect -url tcp:127.0.0.1:3121
source D:/zybodevelopment/ledblinky/ledblinky.sdk/ledbllinky_wrapper_hw_platform_0/ps7_init.tcl
targets -set -nocase -filter {name =~"APU*" && jtag_cable_name =~ "Digilent Zybo Z7 210351A822C9A"} -index 0
loadhw -hw D:/zybodevelopment/ledblinky/ledblinky.sdk/ledbllinky_wrapper_hw_platform_0/system.hdf -mem-ranges [list {0x40000000 0xbfffffff}]
configparams force-mem-access 1
targets -set -nocase -filter {name =~"APU*" && jtag_cable_name =~ "Digilent Zybo Z7 210351A822C9A"} -index 0
stop
ps7_init
ps7_post_config
targets -set -nocase -filter {name =~ "ARM*#0" && jtag_cable_name =~ "Digilent Zybo Z7 210351A822C9A"} -index 0
rst -processor
targets -set -nocase -filter {name =~ "ARM*#0" && jtag_cable_name =~ "Digilent Zybo Z7 210351A822C9A"} -index 0
dow D:/zybodevelopment/ledblinky/ledblinky.sdk/ledblinky/Debug/ledblinky.elf
configparams force-mem-access 0
----------------End of Script----------------

21:03:54 INFO  : Memory regions updated for context APU
21:03:54 INFO  : Context for processor 'ps7_cortexa9_0' is selected.
21:03:54 INFO  : 'con' command is executed.
21:03:54 INFO  : ----------------XSDB Script (After Launch)----------------
targets -set -nocase -filter {name =~ "ARM*#0" && jtag_cable_name =~ "Digilent Zybo Z7 210351A822C9A"} -index 0
con
----------------End of Script----------------

21:03:54 INFO  : Launch script is exported to file 'D:\zybodevelopment\ledblinky\ledblinky.sdk\.sdk\launch_scripts\xilinx_c-c++_application_(system_debugger)\system_debugger_using_debug_ledblinky.elf_on_local.tcl'
21:05:04 INFO  : Disconnected from the channel tcfchan#7.
21:05:05 INFO  : 'targets -set -filter {jtag_cable_name =~ "Digilent Zybo Z7 210351A822C9A" && level==0} -index 1' command is executed.
21:05:05 INFO  : 'fpga -state' command is executed.
21:05:07 INFO  : Connected to target on host '127.0.0.1' and port '3121'.
21:05:07 INFO  : Jtag cable 'Digilent Zybo Z7 210351A822C9A' is selected.
21:05:07 INFO  : 'jtag frequency' command is executed.
21:05:07 INFO  : Sourcing of 'D:/zybodevelopment/ledblinky/ledblinky.sdk/ledbllinky_wrapper_hw_platform_0/ps7_init.tcl' is done.
21:05:07 INFO  : Context for 'APU' is selected.
21:05:07 INFO  : Hardware design information is loaded from 'D:/zybodevelopment/ledblinky/ledblinky.sdk/ledbllinky_wrapper_hw_platform_0/system.hdf'.
21:05:07 INFO  : 'configparams force-mem-access 1' command is executed.
21:05:07 INFO  : Context for 'APU' is selected.
21:05:07 INFO  : 'stop' command is executed.
21:05:07 INFO  : 'ps7_init' command is executed.
21:05:07 INFO  : 'ps7_post_config' command is executed.
21:05:07 INFO  : Context for processor 'ps7_cortexa9_0' is selected.
21:05:07 INFO  : Processor reset is completed for 'ps7_cortexa9_0'.
21:05:07 INFO  : Context for processor 'ps7_cortexa9_0' is selected.
21:05:08 INFO  : The application 'D:/zybodevelopment/ledblinky/ledblinky.sdk/ledblinky/Debug/ledblinky.elf' is downloaded to processor 'ps7_cortexa9_0'.
21:05:08 INFO  : 'configparams force-mem-access 0' command is executed.
21:05:08 INFO  : ----------------XSDB Script----------------
connect -url tcp:127.0.0.1:3121
source D:/zybodevelopment/ledblinky/ledblinky.sdk/ledbllinky_wrapper_hw_platform_0/ps7_init.tcl
targets -set -nocase -filter {name =~"APU*" && jtag_cable_name =~ "Digilent Zybo Z7 210351A822C9A"} -index 0
loadhw -hw D:/zybodevelopment/ledblinky/ledblinky.sdk/ledbllinky_wrapper_hw_platform_0/system.hdf -mem-ranges [list {0x40000000 0xbfffffff}]
configparams force-mem-access 1
targets -set -nocase -filter {name =~"APU*" && jtag_cable_name =~ "Digilent Zybo Z7 210351A822C9A"} -index 0
stop
ps7_init
ps7_post_config
targets -set -nocase -filter {name =~ "ARM*#0" && jtag_cable_name =~ "Digilent Zybo Z7 210351A822C9A"} -index 0
rst -processor
targets -set -nocase -filter {name =~ "ARM*#0" && jtag_cable_name =~ "Digilent Zybo Z7 210351A822C9A"} -index 0
dow D:/zybodevelopment/ledblinky/ledblinky.sdk/ledblinky/Debug/ledblinky.elf
configparams force-mem-access 0
----------------End of Script----------------

21:05:08 INFO  : Memory regions updated for context APU
21:05:08 INFO  : Context for processor 'ps7_cortexa9_0' is selected.
21:05:08 INFO  : 'con' command is executed.
21:05:08 INFO  : ----------------XSDB Script (After Launch)----------------
targets -set -nocase -filter {name =~ "ARM*#0" && jtag_cable_name =~ "Digilent Zybo Z7 210351A822C9A"} -index 0
con
----------------End of Script----------------

21:05:08 INFO  : Launch script is exported to file 'D:\zybodevelopment\ledblinky\ledblinky.sdk\.sdk\launch_scripts\xilinx_c-c++_application_(system_debugger)\system_debugger_using_debug_ledblinky.elf_on_local.tcl'
21:05:33 INFO  : Connected to target on host '127.0.0.1' and port '3121'.
21:05:33 INFO  : 'targets -set -filter {jtag_cable_name =~ "Digilent Zybo Z7 210351A822C9A" && level==0} -index 1' command is executed.
21:05:35 INFO  : FPGA configured successfully with bitstream "D:/zybodevelopment/ledblinky/ledblinky.sdk/ledbllinky_wrapper_hw_platform_0/ledbllinky_wrapper.bit"
21:06:30 INFO  : Connected to target on host '127.0.0.1' and port '3121'.
21:06:30 INFO  : 'targets -set -filter {jtag_cable_name =~ "Digilent Zybo Z7 210351A822C9A" && level==0} -index 1' command is executed.
21:06:32 INFO  : FPGA configured successfully with bitstream "D:/zybodevelopment/ledblinky/ledblinky.sdk/ledbllinky_wrapper_hw_platform_0/ledbllinky_wrapper.bit"
22:20:54 INFO  : Disconnected from the channel tcfchan#8.
22:20:55 INFO  : 'targets -set -filter {jtag_cable_name =~ "Digilent Zybo Z7 210351A822C9A" && level==0} -index 1' command is executed.
22:20:55 INFO  : 'fpga -state' command is executed.
22:20:56 INFO  : Connected to target on host '127.0.0.1' and port '3121'.
22:20:57 INFO  : Jtag cable 'Digilent Zybo Z7 210351A822C9A' is selected.
22:20:57 INFO  : 'jtag frequency' command is executed.
22:20:57 INFO  : Sourcing of 'D:/zybodevelopment/ledblinky/ledblinky.sdk/ledbllinky_wrapper_hw_platform_0/ps7_init.tcl' is done.
22:20:57 INFO  : Context for 'APU' is selected.
22:20:57 INFO  : Hardware design information is loaded from 'D:/zybodevelopment/ledblinky/ledblinky.sdk/ledbllinky_wrapper_hw_platform_0/system.hdf'.
22:20:57 INFO  : 'configparams force-mem-access 1' command is executed.
22:20:57 INFO  : Context for 'APU' is selected.
22:20:57 INFO  : 'stop' command is executed.
22:20:57 INFO  : 'ps7_init' command is executed.
22:20:57 INFO  : 'ps7_post_config' command is executed.
22:20:57 INFO  : Context for processor 'ps7_cortexa9_0' is selected.
22:20:57 INFO  : Processor reset is completed for 'ps7_cortexa9_0'.
22:20:57 INFO  : Context for processor 'ps7_cortexa9_0' is selected.
22:20:57 INFO  : The application 'D:/zybodevelopment/ledblinky/ledblinky.sdk/ledblink/Debug/ledblink.elf' is downloaded to processor 'ps7_cortexa9_0'.
22:20:57 INFO  : 'configparams force-mem-access 0' command is executed.
22:20:57 INFO  : ----------------XSDB Script----------------
connect -url tcp:127.0.0.1:3121
source D:/zybodevelopment/ledblinky/ledblinky.sdk/ledbllinky_wrapper_hw_platform_0/ps7_init.tcl
targets -set -nocase -filter {name =~"APU*" && jtag_cable_name =~ "Digilent Zybo Z7 210351A822C9A"} -index 0
loadhw -hw D:/zybodevelopment/ledblinky/ledblinky.sdk/ledbllinky_wrapper_hw_platform_0/system.hdf -mem-ranges [list {0x40000000 0xbfffffff}]
configparams force-mem-access 1
targets -set -nocase -filter {name =~"APU*" && jtag_cable_name =~ "Digilent Zybo Z7 210351A822C9A"} -index 0
stop
ps7_init
ps7_post_config
targets -set -nocase -filter {name =~ "ARM*#0" && jtag_cable_name =~ "Digilent Zybo Z7 210351A822C9A"} -index 0
rst -processor
targets -set -nocase -filter {name =~ "ARM*#0" && jtag_cable_name =~ "Digilent Zybo Z7 210351A822C9A"} -index 0
dow D:/zybodevelopment/ledblinky/ledblinky.sdk/ledblink/Debug/ledblink.elf
configparams force-mem-access 0
----------------End of Script----------------

22:20:58 INFO  : Memory regions updated for context APU
22:20:58 INFO  : Context for processor 'ps7_cortexa9_0' is selected.
22:20:58 INFO  : 'con' command is executed.
22:20:58 INFO  : ----------------XSDB Script (After Launch)----------------
targets -set -nocase -filter {name =~ "ARM*#0" && jtag_cable_name =~ "Digilent Zybo Z7 210351A822C9A"} -index 0
con
----------------End of Script----------------

22:20:58 INFO  : Launch script is exported to file 'D:\zybodevelopment\ledblinky\ledblinky.sdk\.sdk\launch_scripts\xilinx_c-c++_application_(system_debugger)\system_debugger_using_debug_ledblink.elf_on_local.tcl'
22:21:08 INFO  : Connected to target on host '127.0.0.1' and port '3121'.
22:21:08 INFO  : 'targets -set -filter {jtag_cable_name =~ "Digilent Zybo Z7 210351A822C9A" && level==0} -index 1' command is executed.
22:21:10 INFO  : FPGA configured successfully with bitstream "D:/zybodevelopment/ledblinky/ledblinky.sdk/ledbllinky_wrapper_hw_platform_0/ledbllinky_wrapper.bit"
22:21:58 INFO  : Connected to target on host '127.0.0.1' and port '3121'.
22:21:58 INFO  : 'targets -set -filter {jtag_cable_name =~ "Digilent Zybo Z7 210351A822C9A" && level==0} -index 1' command is executed.
22:22:00 INFO  : FPGA configured successfully with bitstream "D:/zybodevelopment/ledblinky/ledblinky.sdk/ledbllinky_wrapper_hw_platform_0/ledbllinky_wrapper.bit"
22:22:25 INFO  : Connected to target on host '127.0.0.1' and port '3121'.
22:22:25 INFO  : 'targets -set -filter {jtag_cable_name =~ "Digilent Zybo Z7 210351A822C9A" && level==0} -index 1' command is executed.
22:22:28 INFO  : FPGA configured successfully with bitstream "D:/zybodevelopment/ledblinky/ledblinky.sdk/ledbllinky_wrapper_hw_platform_0/ledbllinky_wrapper.bit"
22:23:06 INFO  : Connected to target on host '127.0.0.1' and port '3121'.
22:23:08 INFO  : 'targets -set -filter {jtag_cable_name =~ "Digilent Zybo Z7 210351A822C9A" && level==0} -index 1' command is executed.
22:23:10 INFO  : FPGA configured successfully with bitstream "D:/zybodevelopment/ledblinky/ledblinky.sdk/ledbllinky_wrapper_hw_platform_0/ledbllinky_wrapper.bit"
22:23:20 INFO  : Disconnected from the channel tcfchan#9.
22:23:22 INFO  : 'targets -set -filter {jtag_cable_name =~ "Digilent Zybo Z7 210351A822C9A" && level==0} -index 1' command is executed.
22:23:22 INFO  : 'fpga -state' command is executed.
22:23:22 INFO  : Connected to target on host '127.0.0.1' and port '3121'.
22:23:22 INFO  : Jtag cable 'Digilent Zybo Z7 210351A822C9A' is selected.
22:23:22 INFO  : 'jtag frequency' command is executed.
22:23:22 INFO  : Sourcing of 'D:/zybodevelopment/ledblinky/ledblinky.sdk/ledbllinky_wrapper_hw_platform_0/ps7_init.tcl' is done.
22:23:22 INFO  : Context for 'APU' is selected.
22:23:22 INFO  : Hardware design information is loaded from 'D:/zybodevelopment/ledblinky/ledblinky.sdk/ledbllinky_wrapper_hw_platform_0/system.hdf'.
22:23:22 INFO  : 'configparams force-mem-access 1' command is executed.
22:23:22 INFO  : Context for 'APU' is selected.
22:23:22 INFO  : 'stop' command is executed.
22:23:23 INFO  : 'ps7_init' command is executed.
22:23:23 INFO  : 'ps7_post_config' command is executed.
22:23:23 INFO  : Context for processor 'ps7_cortexa9_0' is selected.
22:23:23 INFO  : Processor reset is completed for 'ps7_cortexa9_0'.
22:23:23 INFO  : Context for processor 'ps7_cortexa9_0' is selected.
22:23:23 INFO  : The application 'D:/zybodevelopment/ledblinky/ledblinky.sdk/ledblink/Debug/ledblink.elf' is downloaded to processor 'ps7_cortexa9_0'.
22:23:23 INFO  : 'configparams force-mem-access 0' command is executed.
22:23:23 INFO  : ----------------XSDB Script----------------
connect -url tcp:127.0.0.1:3121
source D:/zybodevelopment/ledblinky/ledblinky.sdk/ledbllinky_wrapper_hw_platform_0/ps7_init.tcl
targets -set -nocase -filter {name =~"APU*" && jtag_cable_name =~ "Digilent Zybo Z7 210351A822C9A"} -index 0
loadhw -hw D:/zybodevelopment/ledblinky/ledblinky.sdk/ledbllinky_wrapper_hw_platform_0/system.hdf -mem-ranges [list {0x40000000 0xbfffffff}]
configparams force-mem-access 1
targets -set -nocase -filter {name =~"APU*" && jtag_cable_name =~ "Digilent Zybo Z7 210351A822C9A"} -index 0
stop
ps7_init
ps7_post_config
targets -set -nocase -filter {name =~ "ARM*#0" && jtag_cable_name =~ "Digilent Zybo Z7 210351A822C9A"} -index 0
rst -processor
targets -set -nocase -filter {name =~ "ARM*#0" && jtag_cable_name =~ "Digilent Zybo Z7 210351A822C9A"} -index 0
dow D:/zybodevelopment/ledblinky/ledblinky.sdk/ledblink/Debug/ledblink.elf
configparams force-mem-access 0
----------------End of Script----------------

22:23:23 INFO  : Memory regions updated for context APU
22:23:23 INFO  : Context for processor 'ps7_cortexa9_0' is selected.
22:23:23 INFO  : 'con' command is executed.
22:23:23 INFO  : ----------------XSDB Script (After Launch)----------------
targets -set -nocase -filter {name =~ "ARM*#0" && jtag_cable_name =~ "Digilent Zybo Z7 210351A822C9A"} -index 0
con
----------------End of Script----------------

22:23:23 INFO  : Launch script is exported to file 'D:\zybodevelopment\ledblinky\ledblinky.sdk\.sdk\launch_scripts\xilinx_c-c++_application_(system_debugger)\system_debugger_using_debug_ledblink.elf_on_local.tcl'
22:23:53 INFO  : Disconnected from the channel tcfchan#10.
22:23:55 INFO  : 'targets -set -filter {jtag_cable_name =~ "Digilent Zybo Z7 210351A822C9A" && level==0} -index 1' command is executed.
22:23:55 INFO  : 'fpga -state' command is executed.
22:23:55 INFO  : Connected to target on host '127.0.0.1' and port '3121'.
22:23:55 INFO  : Jtag cable 'Digilent Zybo Z7 210351A822C9A' is selected.
22:23:55 INFO  : 'jtag frequency' command is executed.
22:23:55 INFO  : Sourcing of 'D:/zybodevelopment/ledblinky/ledblinky.sdk/ledbllinky_wrapper_hw_platform_0/ps7_init.tcl' is done.
22:23:55 INFO  : Context for 'APU' is selected.
22:23:55 INFO  : Hardware design information is loaded from 'D:/zybodevelopment/ledblinky/ledblinky.sdk/ledbllinky_wrapper_hw_platform_0/system.hdf'.
22:23:55 INFO  : 'configparams force-mem-access 1' command is executed.
22:23:55 INFO  : Context for 'APU' is selected.
22:23:55 INFO  : 'stop' command is executed.
22:23:55 INFO  : 'ps7_init' command is executed.
22:23:55 INFO  : 'ps7_post_config' command is executed.
22:23:55 INFO  : Context for processor 'ps7_cortexa9_0' is selected.
22:23:55 INFO  : Processor reset is completed for 'ps7_cortexa9_0'.
22:23:55 INFO  : Context for processor 'ps7_cortexa9_0' is selected.
22:23:56 INFO  : The application 'D:/zybodevelopment/ledblinky/ledblinky.sdk/ledblink/Debug/ledblink.elf' is downloaded to processor 'ps7_cortexa9_0'.
22:23:56 INFO  : 'configparams force-mem-access 0' command is executed.
22:23:56 INFO  : ----------------XSDB Script----------------
connect -url tcp:127.0.0.1:3121
source D:/zybodevelopment/ledblinky/ledblinky.sdk/ledbllinky_wrapper_hw_platform_0/ps7_init.tcl
targets -set -nocase -filter {name =~"APU*" && jtag_cable_name =~ "Digilent Zybo Z7 210351A822C9A"} -index 0
loadhw -hw D:/zybodevelopment/ledblinky/ledblinky.sdk/ledbllinky_wrapper_hw_platform_0/system.hdf -mem-ranges [list {0x40000000 0xbfffffff}]
configparams force-mem-access 1
targets -set -nocase -filter {name =~"APU*" && jtag_cable_name =~ "Digilent Zybo Z7 210351A822C9A"} -index 0
stop
ps7_init
ps7_post_config
targets -set -nocase -filter {name =~ "ARM*#0" && jtag_cable_name =~ "Digilent Zybo Z7 210351A822C9A"} -index 0
rst -processor
targets -set -nocase -filter {name =~ "ARM*#0" && jtag_cable_name =~ "Digilent Zybo Z7 210351A822C9A"} -index 0
dow D:/zybodevelopment/ledblinky/ledblinky.sdk/ledblink/Debug/ledblink.elf
configparams force-mem-access 0
----------------End of Script----------------

22:23:56 INFO  : Memory regions updated for context APU
22:23:56 INFO  : Context for processor 'ps7_cortexa9_0' is selected.
22:23:56 INFO  : 'con' command is executed.
22:23:56 INFO  : ----------------XSDB Script (After Launch)----------------
targets -set -nocase -filter {name =~ "ARM*#0" && jtag_cable_name =~ "Digilent Zybo Z7 210351A822C9A"} -index 0
con
----------------End of Script----------------

22:23:56 INFO  : Launch script is exported to file 'D:\zybodevelopment\ledblinky\ledblinky.sdk\.sdk\launch_scripts\xilinx_c-c++_application_(system_debugger)\system_debugger_using_debug_ledblink.elf_on_local.tcl'
