00:44:48 INFO  : Registering command handlers for SDK TCF services
00:44:50 INFO  : Launching XSCT server: xsct.bat -interactive D:\zybodevelopment\zybotimer\temp_xsdb_launch_script.tcl
00:44:55 INFO  : XSCT server has started successfully.
00:44:57 INFO  : Successfully done setting XSCT server connection channel  
00:44:57 INFO  : Successfully done setting SDK workspace  
00:58:34 INFO  : 'targets -set -filter {jtag_cable_name =~ "Digilent Zybo Z7 210351A822C9A" && level==0} -index 1' command is executed.
00:58:34 INFO  : 'fpga -state' command is executed.
00:58:37 INFO  : Connected to target on host '127.0.0.1' and port '3121'.
00:58:37 INFO  : Jtag cable 'Digilent Zybo Z7 210351A822C9A' is selected.
00:58:37 INFO  : 'jtag frequency' command is executed.
00:58:37 INFO  : Sourcing of 'D:/zybodevelopment/zybotimer/zybotimer.sdk/timerzybo_wrapper_hw_platform_0/ps7_init.tcl' is done.
00:58:37 INFO  : Context for 'APU' is selected.
00:58:37 INFO  : Hardware design information is loaded from 'D:/zybodevelopment/zybotimer/zybotimer.sdk/timerzybo_wrapper_hw_platform_0/system.hdf'.
00:58:37 INFO  : 'configparams force-mem-access 1' command is executed.
00:58:37 INFO  : Context for 'APU' is selected.
00:58:37 INFO  : 'stop' command is executed.
00:58:38 INFO  : 'ps7_init' command is executed.
00:58:38 INFO  : 'ps7_post_config' command is executed.
00:58:38 INFO  : Context for processor 'ps7_cortexa9_0' is selected.
00:58:38 INFO  : Processor reset is completed for 'ps7_cortexa9_0'.
00:58:38 INFO  : Context for processor 'ps7_cortexa9_0' is selected.
00:58:38 INFO  : The application 'D:/zybodevelopment/zybotimer/zybotimer.sdk/tiimerzybo/Debug/tiimerzybo.elf' is downloaded to processor 'ps7_cortexa9_0'.
00:58:38 INFO  : 'configparams force-mem-access 0' command is executed.
00:58:38 INFO  : ----------------XSDB Script----------------
connect -url tcp:127.0.0.1:3121
source D:/zybodevelopment/zybotimer/zybotimer.sdk/timerzybo_wrapper_hw_platform_0/ps7_init.tcl
targets -set -nocase -filter {name =~"APU*" && jtag_cable_name =~ "Digilent Zybo Z7 210351A822C9A"} -index 0
loadhw -hw D:/zybodevelopment/zybotimer/zybotimer.sdk/timerzybo_wrapper_hw_platform_0/system.hdf -mem-ranges [list {0x40000000 0xbfffffff}]
configparams force-mem-access 1
targets -set -nocase -filter {name =~"APU*" && jtag_cable_name =~ "Digilent Zybo Z7 210351A822C9A"} -index 0
stop
ps7_init
ps7_post_config
targets -set -nocase -filter {name =~ "ARM*#0" && jtag_cable_name =~ "Digilent Zybo Z7 210351A822C9A"} -index 0
rst -processor
targets -set -nocase -filter {name =~ "ARM*#0" && jtag_cable_name =~ "Digilent Zybo Z7 210351A822C9A"} -index 0
dow D:/zybodevelopment/zybotimer/zybotimer.sdk/tiimerzybo/Debug/tiimerzybo.elf
configparams force-mem-access 0
----------------End of Script----------------

00:58:38 INFO  : Memory regions updated for context APU
00:58:38 INFO  : Context for processor 'ps7_cortexa9_0' is selected.
00:58:38 INFO  : 'con' command is executed.
00:58:38 INFO  : ----------------XSDB Script (After Launch)----------------
targets -set -nocase -filter {name =~ "ARM*#0" && jtag_cable_name =~ "Digilent Zybo Z7 210351A822C9A"} -index 0
con
----------------End of Script----------------

00:58:38 INFO  : Launch script is exported to file 'D:\zybodevelopment\zybotimer\.sdk\launch_scripts\xilinx_c-c++_application_(system_debugger)\system_debugger_using_debug_tiimerzybo.elf_on_local.tcl'
01:00:10 INFO  : Disconnected from the channel tcfchan#1.
01:00:43 INFO  : 'targets -set -filter {jtag_cable_name =~ "Digilent Zybo Z7 210351A822C9A" && level==0} -index 1' command is executed.
01:00:43 INFO  : 'fpga -state' command is executed.
01:00:44 INFO  : Connected to target on host '127.0.0.1' and port '3121'.
01:00:44 INFO  : Jtag cable 'Digilent Zybo Z7 210351A822C9A' is selected.
01:00:44 INFO  : 'jtag frequency' command is executed.
01:00:44 INFO  : Sourcing of 'D:/zybodevelopment/zybotimer/zybotimer.sdk/timerzybo_wrapper_hw_platform_0/ps7_init.tcl' is done.
01:00:44 INFO  : Context for 'APU' is selected.
01:00:44 INFO  : Hardware design information is loaded from 'D:/zybodevelopment/zybotimer/zybotimer.sdk/timerzybo_wrapper_hw_platform_0/system.hdf'.
01:00:44 INFO  : 'configparams force-mem-access 1' command is executed.
01:00:44 INFO  : Context for 'APU' is selected.
01:00:44 INFO  : 'stop' command is executed.
01:00:45 INFO  : 'ps7_init' command is executed.
01:00:45 INFO  : 'ps7_post_config' command is executed.
01:00:45 INFO  : Context for processor 'ps7_cortexa9_0' is selected.
01:00:45 INFO  : Processor reset is completed for 'ps7_cortexa9_0'.
01:00:45 INFO  : Context for processor 'ps7_cortexa9_0' is selected.
01:00:45 INFO  : The application 'D:/zybodevelopment/zybotimer/zybotimer.sdk/tiimerzybo/Debug/tiimerzybo.elf' is downloaded to processor 'ps7_cortexa9_0'.
01:00:45 INFO  : 'configparams force-mem-access 0' command is executed.
01:00:45 INFO  : ----------------XSDB Script----------------
connect -url tcp:127.0.0.1:3121
source D:/zybodevelopment/zybotimer/zybotimer.sdk/timerzybo_wrapper_hw_platform_0/ps7_init.tcl
targets -set -nocase -filter {name =~"APU*" && jtag_cable_name =~ "Digilent Zybo Z7 210351A822C9A"} -index 0
loadhw -hw D:/zybodevelopment/zybotimer/zybotimer.sdk/timerzybo_wrapper_hw_platform_0/system.hdf -mem-ranges [list {0x40000000 0xbfffffff}]
configparams force-mem-access 1
targets -set -nocase -filter {name =~"APU*" && jtag_cable_name =~ "Digilent Zybo Z7 210351A822C9A"} -index 0
stop
ps7_init
ps7_post_config
targets -set -nocase -filter {name =~ "ARM*#0" && jtag_cable_name =~ "Digilent Zybo Z7 210351A822C9A"} -index 0
rst -processor
targets -set -nocase -filter {name =~ "ARM*#0" && jtag_cable_name =~ "Digilent Zybo Z7 210351A822C9A"} -index 0
dow D:/zybodevelopment/zybotimer/zybotimer.sdk/tiimerzybo/Debug/tiimerzybo.elf
configparams force-mem-access 0
----------------End of Script----------------

01:00:45 INFO  : Memory regions updated for context APU
01:00:45 INFO  : Context for processor 'ps7_cortexa9_0' is selected.
01:00:45 INFO  : 'con' command is executed.
01:00:45 INFO  : ----------------XSDB Script (After Launch)----------------
targets -set -nocase -filter {name =~ "ARM*#0" && jtag_cable_name =~ "Digilent Zybo Z7 210351A822C9A"} -index 0
con
----------------End of Script----------------

01:00:45 INFO  : Launch script is exported to file 'D:\zybodevelopment\zybotimer\.sdk\launch_scripts\xilinx_c-c++_application_(system_debugger)\system_debugger_using_debug_tiimerzybo.elf_on_local.tcl'
01:04:16 INFO  : Disconnected from the channel tcfchan#2.
01:04:17 INFO  : 'targets -set -filter {jtag_cable_name =~ "Digilent Zybo Z7 210351A822C9A" && level==0} -index 1' command is executed.
01:04:17 INFO  : 'fpga -state' command is executed.
01:04:19 INFO  : Connected to target on host '127.0.0.1' and port '3121'.
01:04:19 INFO  : Jtag cable 'Digilent Zybo Z7 210351A822C9A' is selected.
01:04:19 INFO  : 'jtag frequency' command is executed.
01:04:19 INFO  : Sourcing of 'D:/zybodevelopment/zybotimer/zybotimer.sdk/timerzybo_wrapper_hw_platform_0/ps7_init.tcl' is done.
01:04:19 INFO  : Context for 'APU' is selected.
01:04:21 INFO  : Hardware design information is loaded from 'D:/zybodevelopment/zybotimer/zybotimer.sdk/timerzybo_wrapper_hw_platform_0/system.hdf'.
01:04:21 INFO  : 'configparams force-mem-access 1' command is executed.
01:04:21 INFO  : Context for 'APU' is selected.
01:04:21 INFO  : 'stop' command is executed.
01:04:21 INFO  : 'ps7_init' command is executed.
01:04:21 INFO  : 'ps7_post_config' command is executed.
01:04:21 INFO  : Context for processor 'ps7_cortexa9_0' is selected.
01:04:21 INFO  : Processor reset is completed for 'ps7_cortexa9_0'.
01:04:21 INFO  : Context for processor 'ps7_cortexa9_0' is selected.
01:04:21 INFO  : The application 'D:/zybodevelopment/zybotimer/zybotimer.sdk/tiimerzybo/Debug/tiimerzybo.elf' is downloaded to processor 'ps7_cortexa9_0'.
01:04:21 INFO  : 'configparams force-mem-access 0' command is executed.
01:04:21 INFO  : ----------------XSDB Script----------------
connect -url tcp:127.0.0.1:3121
source D:/zybodevelopment/zybotimer/zybotimer.sdk/timerzybo_wrapper_hw_platform_0/ps7_init.tcl
targets -set -nocase -filter {name =~"APU*" && jtag_cable_name =~ "Digilent Zybo Z7 210351A822C9A"} -index 0
loadhw -hw D:/zybodevelopment/zybotimer/zybotimer.sdk/timerzybo_wrapper_hw_platform_0/system.hdf -mem-ranges [list {0x40000000 0xbfffffff}]
configparams force-mem-access 1
targets -set -nocase -filter {name =~"APU*" && jtag_cable_name =~ "Digilent Zybo Z7 210351A822C9A"} -index 0
stop
ps7_init
ps7_post_config
targets -set -nocase -filter {name =~ "ARM*#0" && jtag_cable_name =~ "Digilent Zybo Z7 210351A822C9A"} -index 0
rst -processor
targets -set -nocase -filter {name =~ "ARM*#0" && jtag_cable_name =~ "Digilent Zybo Z7 210351A822C9A"} -index 0
dow D:/zybodevelopment/zybotimer/zybotimer.sdk/tiimerzybo/Debug/tiimerzybo.elf
configparams force-mem-access 0
----------------End of Script----------------

01:04:21 INFO  : Memory regions updated for context APU
01:04:21 INFO  : Context for processor 'ps7_cortexa9_0' is selected.
01:04:21 INFO  : 'con' command is executed.
01:04:21 INFO  : ----------------XSDB Script (After Launch)----------------
targets -set -nocase -filter {name =~ "ARM*#0" && jtag_cable_name =~ "Digilent Zybo Z7 210351A822C9A"} -index 0
con
----------------End of Script----------------

01:04:21 INFO  : Launch script is exported to file 'D:\zybodevelopment\zybotimer\.sdk\launch_scripts\xilinx_c-c++_application_(system_debugger)\system_debugger_using_debug_tiimerzybo.elf_on_local.tcl'
02:15:28 INFO  : Disconnected from the channel tcfchan#3.
13:18:18 INFO  : Registering command handlers for SDK TCF services
13:18:19 INFO  : Launching XSCT server: xsct.bat -interactive D:\zybodevelopment\zybotimer\temp_xsdb_launch_script.tcl
13:18:23 INFO  : XSCT server has started successfully.
13:18:23 INFO  : Successfully done setting XSCT server connection channel  
13:18:23 INFO  : Successfully done setting SDK workspace  
13:22:53 INFO  : 'targets -set -filter {jtag_cable_name =~ "Digilent Zybo Z7 210351A822C9A" && level==0} -index 1' command is executed.
13:22:53 INFO  : 'fpga -state' command is executed.
13:22:54 INFO  : Connected to target on host '127.0.0.1' and port '3121'.
13:22:55 INFO  : Jtag cable 'Digilent Zybo Z7 210351A822C9A' is selected.
13:22:55 INFO  : 'jtag frequency' command is executed.
13:22:55 INFO  : Sourcing of 'D:/zybodevelopment/zybotimer/zybotimer.sdk/timerzybo_wrapper_hw_platform_0/ps7_init.tcl' is done.
13:22:56 INFO  : Context for 'APU' is selected.
13:22:56 INFO  : Hardware design information is loaded from 'D:/zybodevelopment/zybotimer/zybotimer.sdk/timerzybo_wrapper_hw_platform_0/system.hdf'.
13:22:56 INFO  : 'configparams force-mem-access 1' command is executed.
13:22:56 INFO  : Context for 'APU' is selected.
13:22:56 INFO  : 'stop' command is executed.
13:22:57 INFO  : 'ps7_init' command is executed.
13:22:57 INFO  : 'ps7_post_config' command is executed.
13:22:57 INFO  : Context for processor 'ps7_cortexa9_0' is selected.
13:22:57 INFO  : Processor reset is completed for 'ps7_cortexa9_0'.
13:22:57 INFO  : Context for processor 'ps7_cortexa9_0' is selected.
13:22:58 INFO  : The application 'D:/zybodevelopment/zybotimer/zybotimer.sdk/tiimerzybo/Debug/tiimerzybo.elf' is downloaded to processor 'ps7_cortexa9_0'.
13:22:58 INFO  : 'configparams force-mem-access 0' command is executed.
13:22:58 INFO  : ----------------XSDB Script----------------
connect -url tcp:127.0.0.1:3121
source D:/zybodevelopment/zybotimer/zybotimer.sdk/timerzybo_wrapper_hw_platform_0/ps7_init.tcl
targets -set -nocase -filter {name =~"APU*" && jtag_cable_name =~ "Digilent Zybo Z7 210351A822C9A"} -index 0
loadhw -hw D:/zybodevelopment/zybotimer/zybotimer.sdk/timerzybo_wrapper_hw_platform_0/system.hdf -mem-ranges [list {0x40000000 0xbfffffff}]
configparams force-mem-access 1
targets -set -nocase -filter {name =~"APU*" && jtag_cable_name =~ "Digilent Zybo Z7 210351A822C9A"} -index 0
stop
ps7_init
ps7_post_config
targets -set -nocase -filter {name =~ "ARM*#0" && jtag_cable_name =~ "Digilent Zybo Z7 210351A822C9A"} -index 0
rst -processor
targets -set -nocase -filter {name =~ "ARM*#0" && jtag_cable_name =~ "Digilent Zybo Z7 210351A822C9A"} -index 0
dow D:/zybodevelopment/zybotimer/zybotimer.sdk/tiimerzybo/Debug/tiimerzybo.elf
configparams force-mem-access 0
----------------End of Script----------------

13:22:58 INFO  : Memory regions updated for context APU
13:22:58 INFO  : Context for processor 'ps7_cortexa9_0' is selected.
13:22:58 INFO  : 'con' command is executed.
13:22:58 INFO  : ----------------XSDB Script (After Launch)----------------
targets -set -nocase -filter {name =~ "ARM*#0" && jtag_cable_name =~ "Digilent Zybo Z7 210351A822C9A"} -index 0
con
----------------End of Script----------------

13:22:58 INFO  : Launch script is exported to file 'D:\zybodevelopment\zybotimer\.sdk\launch_scripts\xilinx_c-c++_application_(system_debugger)\system_debugger_using_debug_tiimerzybo.elf_on_local.tcl'
13:26:12 INFO  : Disconnected from the channel tcfchan#1.
13:26:13 INFO  : 'targets -set -filter {jtag_cable_name =~ "Digilent Zybo Z7 210351A822C9A" && level==0} -index 1' command is executed.
13:26:13 INFO  : 'fpga -state' command is executed.
13:26:14 INFO  : Connected to target on host '127.0.0.1' and port '3121'.
13:26:14 INFO  : Jtag cable 'Digilent Zybo Z7 210351A822C9A' is selected.
13:26:14 INFO  : 'jtag frequency' command is executed.
13:26:15 INFO  : Sourcing of 'D:/zybodevelopment/zybotimer/zybotimer.sdk/timerzybo_wrapper_hw_platform_0/ps7_init.tcl' is done.
13:26:15 INFO  : Context for 'APU' is selected.
13:26:16 INFO  : Hardware design information is loaded from 'D:/zybodevelopment/zybotimer/zybotimer.sdk/timerzybo_wrapper_hw_platform_0/system.hdf'.
13:26:16 INFO  : 'configparams force-mem-access 1' command is executed.
13:26:16 INFO  : Context for 'APU' is selected.
13:26:16 INFO  : 'stop' command is executed.
13:26:17 INFO  : 'ps7_init' command is executed.
13:26:17 INFO  : 'ps7_post_config' command is executed.
13:26:17 INFO  : Context for processor 'ps7_cortexa9_0' is selected.
13:26:17 INFO  : Processor reset is completed for 'ps7_cortexa9_0'.
13:26:17 INFO  : Context for processor 'ps7_cortexa9_0' is selected.
13:26:17 INFO  : The application 'D:/zybodevelopment/zybotimer/zybotimer.sdk/tiimerzybo/Debug/tiimerzybo.elf' is downloaded to processor 'ps7_cortexa9_0'.
13:26:17 INFO  : 'configparams force-mem-access 0' command is executed.
13:26:17 INFO  : ----------------XSDB Script----------------
connect -url tcp:127.0.0.1:3121
source D:/zybodevelopment/zybotimer/zybotimer.sdk/timerzybo_wrapper_hw_platform_0/ps7_init.tcl
targets -set -nocase -filter {name =~"APU*" && jtag_cable_name =~ "Digilent Zybo Z7 210351A822C9A"} -index 0
loadhw -hw D:/zybodevelopment/zybotimer/zybotimer.sdk/timerzybo_wrapper_hw_platform_0/system.hdf -mem-ranges [list {0x40000000 0xbfffffff}]
configparams force-mem-access 1
targets -set -nocase -filter {name =~"APU*" && jtag_cable_name =~ "Digilent Zybo Z7 210351A822C9A"} -index 0
stop
ps7_init
ps7_post_config
targets -set -nocase -filter {name =~ "ARM*#0" && jtag_cable_name =~ "Digilent Zybo Z7 210351A822C9A"} -index 0
rst -processor
targets -set -nocase -filter {name =~ "ARM*#0" && jtag_cable_name =~ "Digilent Zybo Z7 210351A822C9A"} -index 0
dow D:/zybodevelopment/zybotimer/zybotimer.sdk/tiimerzybo/Debug/tiimerzybo.elf
configparams force-mem-access 0
----------------End of Script----------------

13:26:17 INFO  : Memory regions updated for context APU
13:26:17 INFO  : Context for processor 'ps7_cortexa9_0' is selected.
13:26:17 INFO  : 'con' command is executed.
13:26:17 INFO  : ----------------XSDB Script (After Launch)----------------
targets -set -nocase -filter {name =~ "ARM*#0" && jtag_cable_name =~ "Digilent Zybo Z7 210351A822C9A"} -index 0
con
----------------End of Script----------------

13:26:17 INFO  : Launch script is exported to file 'D:\zybodevelopment\zybotimer\.sdk\launch_scripts\xilinx_c-c++_application_(system_debugger)\system_debugger_using_debug_tiimerzybo.elf_on_local.tcl'
13:26:43 INFO  : Disconnected from the channel tcfchan#2.
13:26:44 INFO  : 'targets -set -filter {jtag_cable_name =~ "Digilent Zybo Z7 210351A822C9A" && level==0} -index 1' command is executed.
13:26:44 INFO  : 'fpga -state' command is executed.
13:26:45 INFO  : Connected to target on host '127.0.0.1' and port '3121'.
13:26:46 INFO  : Jtag cable 'Digilent Zybo Z7 210351A822C9A' is selected.
13:26:46 INFO  : 'jtag frequency' command is executed.
13:26:46 INFO  : Sourcing of 'D:/zybodevelopment/zybotimer/zybotimer.sdk/timerzybo_wrapper_hw_platform_0/ps7_init.tcl' is done.
13:26:46 INFO  : Context for 'APU' is selected.
13:26:47 INFO  : Hardware design information is loaded from 'D:/zybodevelopment/zybotimer/zybotimer.sdk/timerzybo_wrapper_hw_platform_0/system.hdf'.
13:26:47 INFO  : 'configparams force-mem-access 1' command is executed.
13:26:47 INFO  : Context for 'APU' is selected.
13:26:47 INFO  : 'stop' command is executed.
13:26:48 INFO  : 'ps7_init' command is executed.
13:26:48 INFO  : 'ps7_post_config' command is executed.
13:26:48 INFO  : Context for processor 'ps7_cortexa9_0' is selected.
13:26:48 INFO  : Processor reset is completed for 'ps7_cortexa9_0'.
13:26:48 INFO  : Context for processor 'ps7_cortexa9_0' is selected.
13:26:48 INFO  : The application 'D:/zybodevelopment/zybotimer/zybotimer.sdk/tiimerzybo/Debug/tiimerzybo.elf' is downloaded to processor 'ps7_cortexa9_0'.
13:26:48 INFO  : 'configparams force-mem-access 0' command is executed.
13:26:48 INFO  : ----------------XSDB Script----------------
connect -url tcp:127.0.0.1:3121
source D:/zybodevelopment/zybotimer/zybotimer.sdk/timerzybo_wrapper_hw_platform_0/ps7_init.tcl
targets -set -nocase -filter {name =~"APU*" && jtag_cable_name =~ "Digilent Zybo Z7 210351A822C9A"} -index 0
loadhw -hw D:/zybodevelopment/zybotimer/zybotimer.sdk/timerzybo_wrapper_hw_platform_0/system.hdf -mem-ranges [list {0x40000000 0xbfffffff}]
configparams force-mem-access 1
targets -set -nocase -filter {name =~"APU*" && jtag_cable_name =~ "Digilent Zybo Z7 210351A822C9A"} -index 0
stop
ps7_init
ps7_post_config
targets -set -nocase -filter {name =~ "ARM*#0" && jtag_cable_name =~ "Digilent Zybo Z7 210351A822C9A"} -index 0
rst -processor
targets -set -nocase -filter {name =~ "ARM*#0" && jtag_cable_name =~ "Digilent Zybo Z7 210351A822C9A"} -index 0
dow D:/zybodevelopment/zybotimer/zybotimer.sdk/tiimerzybo/Debug/tiimerzybo.elf
configparams force-mem-access 0
----------------End of Script----------------

13:26:48 INFO  : Memory regions updated for context APU
13:26:48 INFO  : Context for processor 'ps7_cortexa9_0' is selected.
13:26:48 INFO  : 'con' command is executed.
13:26:48 INFO  : ----------------XSDB Script (After Launch)----------------
targets -set -nocase -filter {name =~ "ARM*#0" && jtag_cable_name =~ "Digilent Zybo Z7 210351A822C9A"} -index 0
con
----------------End of Script----------------

13:26:48 INFO  : Launch script is exported to file 'D:\zybodevelopment\zybotimer\.sdk\launch_scripts\xilinx_c-c++_application_(system_debugger)\system_debugger_using_debug_tiimerzybo.elf_on_local.tcl'
13:27:34 INFO  : Disconnected from the channel tcfchan#3.
13:27:36 INFO  : 'targets -set -filter {jtag_cable_name =~ "Digilent Zybo Z7 210351A822C9A" && level==0} -index 1' command is executed.
13:27:36 INFO  : 'fpga -state' command is executed.
13:27:36 INFO  : Connected to target on host '127.0.0.1' and port '3121'.
13:27:37 INFO  : Jtag cable 'Digilent Zybo Z7 210351A822C9A' is selected.
13:27:37 INFO  : 'jtag frequency' command is executed.
13:27:37 INFO  : Sourcing of 'D:/zybodevelopment/zybotimer/zybotimer.sdk/timerzybo_wrapper_hw_platform_0/ps7_init.tcl' is done.
13:27:37 INFO  : Context for 'APU' is selected.
13:27:39 INFO  : Hardware design information is loaded from 'D:/zybodevelopment/zybotimer/zybotimer.sdk/timerzybo_wrapper_hw_platform_0/system.hdf'.
13:27:39 INFO  : 'configparams force-mem-access 1' command is executed.
13:27:39 INFO  : Context for 'APU' is selected.
13:27:39 INFO  : 'stop' command is executed.
13:27:39 INFO  : 'ps7_init' command is executed.
13:27:39 INFO  : 'ps7_post_config' command is executed.
13:27:39 INFO  : Context for processor 'ps7_cortexa9_0' is selected.
13:27:39 INFO  : Processor reset is completed for 'ps7_cortexa9_0'.
13:27:39 INFO  : Context for processor 'ps7_cortexa9_0' is selected.
13:27:40 INFO  : The application 'D:/zybodevelopment/zybotimer/zybotimer.sdk/tiimerzybo/Debug/tiimerzybo.elf' is downloaded to processor 'ps7_cortexa9_0'.
13:27:40 INFO  : 'configparams force-mem-access 0' command is executed.
13:27:40 INFO  : ----------------XSDB Script----------------
connect -url tcp:127.0.0.1:3121
source D:/zybodevelopment/zybotimer/zybotimer.sdk/timerzybo_wrapper_hw_platform_0/ps7_init.tcl
targets -set -nocase -filter {name =~"APU*" && jtag_cable_name =~ "Digilent Zybo Z7 210351A822C9A"} -index 0
loadhw -hw D:/zybodevelopment/zybotimer/zybotimer.sdk/timerzybo_wrapper_hw_platform_0/system.hdf -mem-ranges [list {0x40000000 0xbfffffff}]
configparams force-mem-access 1
targets -set -nocase -filter {name =~"APU*" && jtag_cable_name =~ "Digilent Zybo Z7 210351A822C9A"} -index 0
stop
ps7_init
ps7_post_config
targets -set -nocase -filter {name =~ "ARM*#0" && jtag_cable_name =~ "Digilent Zybo Z7 210351A822C9A"} -index 0
rst -processor
targets -set -nocase -filter {name =~ "ARM*#0" && jtag_cable_name =~ "Digilent Zybo Z7 210351A822C9A"} -index 0
dow D:/zybodevelopment/zybotimer/zybotimer.sdk/tiimerzybo/Debug/tiimerzybo.elf
configparams force-mem-access 0
----------------End of Script----------------

13:27:40 INFO  : Memory regions updated for context APU
13:27:40 INFO  : Context for processor 'ps7_cortexa9_0' is selected.
13:27:40 INFO  : 'con' command is executed.
13:27:40 INFO  : ----------------XSDB Script (After Launch)----------------
targets -set -nocase -filter {name =~ "ARM*#0" && jtag_cable_name =~ "Digilent Zybo Z7 210351A822C9A"} -index 0
con
----------------End of Script----------------

13:27:40 INFO  : Launch script is exported to file 'D:\zybodevelopment\zybotimer\.sdk\launch_scripts\xilinx_c-c++_application_(system_debugger)\system_debugger_using_debug_tiimerzybo.elf_on_local.tcl'
13:28:43 INFO  : Disconnected from the channel tcfchan#4.
13:28:44 INFO  : 'targets -set -filter {jtag_cable_name =~ "Digilent Zybo Z7 210351A822C9A" && level==0} -index 1' command is executed.
13:28:44 INFO  : 'fpga -state' command is executed.
13:28:47 INFO  : Connected to target on host '127.0.0.1' and port '3121'.
13:28:47 INFO  : Jtag cable 'Digilent Zybo Z7 210351A822C9A' is selected.
13:28:47 INFO  : 'jtag frequency' command is executed.
13:28:47 INFO  : Sourcing of 'D:/zybodevelopment/zybotimer/zybotimer.sdk/timerzybo_wrapper_hw_platform_0/ps7_init.tcl' is done.
13:28:47 INFO  : Context for 'APU' is selected.
13:28:49 INFO  : Hardware design information is loaded from 'D:/zybodevelopment/zybotimer/zybotimer.sdk/timerzybo_wrapper_hw_platform_0/system.hdf'.
13:28:49 INFO  : 'configparams force-mem-access 1' command is executed.
13:28:49 INFO  : Context for 'APU' is selected.
13:28:49 INFO  : 'stop' command is executed.
13:28:49 INFO  : 'ps7_init' command is executed.
13:28:49 INFO  : 'ps7_post_config' command is executed.
13:28:49 INFO  : Context for processor 'ps7_cortexa9_0' is selected.
13:28:49 INFO  : Processor reset is completed for 'ps7_cortexa9_0'.
13:28:49 INFO  : Context for processor 'ps7_cortexa9_0' is selected.
13:28:49 INFO  : The application 'D:/zybodevelopment/zybotimer/zybotimer.sdk/tiimerzybo/Debug/tiimerzybo.elf' is downloaded to processor 'ps7_cortexa9_0'.
13:28:49 INFO  : 'configparams force-mem-access 0' command is executed.
13:28:49 INFO  : ----------------XSDB Script----------------
connect -url tcp:127.0.0.1:3121
source D:/zybodevelopment/zybotimer/zybotimer.sdk/timerzybo_wrapper_hw_platform_0/ps7_init.tcl
targets -set -nocase -filter {name =~"APU*" && jtag_cable_name =~ "Digilent Zybo Z7 210351A822C9A"} -index 0
loadhw -hw D:/zybodevelopment/zybotimer/zybotimer.sdk/timerzybo_wrapper_hw_platform_0/system.hdf -mem-ranges [list {0x40000000 0xbfffffff}]
configparams force-mem-access 1
targets -set -nocase -filter {name =~"APU*" && jtag_cable_name =~ "Digilent Zybo Z7 210351A822C9A"} -index 0
stop
ps7_init
ps7_post_config
targets -set -nocase -filter {name =~ "ARM*#0" && jtag_cable_name =~ "Digilent Zybo Z7 210351A822C9A"} -index 0
rst -processor
targets -set -nocase -filter {name =~ "ARM*#0" && jtag_cable_name =~ "Digilent Zybo Z7 210351A822C9A"} -index 0
dow D:/zybodevelopment/zybotimer/zybotimer.sdk/tiimerzybo/Debug/tiimerzybo.elf
configparams force-mem-access 0
----------------End of Script----------------

13:28:50 INFO  : Memory regions updated for context APU
13:28:50 INFO  : Context for processor 'ps7_cortexa9_0' is selected.
13:28:50 INFO  : 'con' command is executed.
13:28:50 INFO  : ----------------XSDB Script (After Launch)----------------
targets -set -nocase -filter {name =~ "ARM*#0" && jtag_cable_name =~ "Digilent Zybo Z7 210351A822C9A"} -index 0
con
----------------End of Script----------------

13:28:50 INFO  : Launch script is exported to file 'D:\zybodevelopment\zybotimer\.sdk\launch_scripts\xilinx_c-c++_application_(system_debugger)\system_debugger_using_debug_tiimerzybo.elf_on_local.tcl'
13:32:31 INFO  : Disconnected from the channel tcfchan#5.
13:32:32 INFO  : 'targets -set -filter {jtag_cable_name =~ "Digilent Zybo Z7 210351A822C9A" && level==0} -index 1' command is executed.
13:32:32 INFO  : 'fpga -state' command is executed.
13:34:55 INFO  : Connected to target on host '127.0.0.1' and port '3121'.
13:34:56 INFO  : Jtag cable 'Digilent Zybo Z7 210351A822C9A' is selected.
13:34:56 INFO  : 'jtag frequency' command is executed.
13:34:56 INFO  : Sourcing of 'D:/zybodevelopment/zybotimer/zybotimer.sdk/timerzybo_wrapper_hw_platform_0/ps7_init.tcl' is done.
13:34:56 INFO  : Context for 'APU' is selected.
13:34:58 INFO  : Hardware design information is loaded from 'D:/zybodevelopment/zybotimer/zybotimer.sdk/timerzybo_wrapper_hw_platform_0/system.hdf'.
13:34:58 INFO  : 'configparams force-mem-access 1' command is executed.
13:34:58 INFO  : Context for 'APU' is selected.
13:34:58 INFO  : 'stop' command is executed.
13:34:58 INFO  : 'ps7_init' command is executed.
13:34:58 INFO  : 'ps7_post_config' command is executed.
13:34:58 INFO  : Context for processor 'ps7_cortexa9_0' is selected.
13:34:58 INFO  : Processor reset is completed for 'ps7_cortexa9_0'.
13:34:58 INFO  : Context for processor 'ps7_cortexa9_0' is selected.
13:34:59 INFO  : The application 'D:/zybodevelopment/zybotimer/zybotimer.sdk/tiimerzybo/Debug/tiimerzybo.elf' is downloaded to processor 'ps7_cortexa9_0'.
13:34:59 INFO  : 'configparams force-mem-access 0' command is executed.
13:34:59 INFO  : ----------------XSDB Script----------------
connect -url tcp:127.0.0.1:3121
source D:/zybodevelopment/zybotimer/zybotimer.sdk/timerzybo_wrapper_hw_platform_0/ps7_init.tcl
targets -set -nocase -filter {name =~"APU*" && jtag_cable_name =~ "Digilent Zybo Z7 210351A822C9A"} -index 0
loadhw -hw D:/zybodevelopment/zybotimer/zybotimer.sdk/timerzybo_wrapper_hw_platform_0/system.hdf -mem-ranges [list {0x40000000 0xbfffffff}]
configparams force-mem-access 1
targets -set -nocase -filter {name =~"APU*" && jtag_cable_name =~ "Digilent Zybo Z7 210351A822C9A"} -index 0
stop
ps7_init
ps7_post_config
targets -set -nocase -filter {name =~ "ARM*#0" && jtag_cable_name =~ "Digilent Zybo Z7 210351A822C9A"} -index 0
rst -processor
targets -set -nocase -filter {name =~ "ARM*#0" && jtag_cable_name =~ "Digilent Zybo Z7 210351A822C9A"} -index 0
dow D:/zybodevelopment/zybotimer/zybotimer.sdk/tiimerzybo/Debug/tiimerzybo.elf
configparams force-mem-access 0
----------------End of Script----------------

13:34:59 INFO  : Memory regions updated for context APU
13:34:59 INFO  : Context for processor 'ps7_cortexa9_0' is selected.
13:34:59 INFO  : 'con' command is executed.
13:34:59 INFO  : ----------------XSDB Script (After Launch)----------------
targets -set -nocase -filter {name =~ "ARM*#0" && jtag_cable_name =~ "Digilent Zybo Z7 210351A822C9A"} -index 0
con
----------------End of Script----------------

13:34:59 INFO  : Launch script is exported to file 'D:\zybodevelopment\zybotimer\.sdk\launch_scripts\xilinx_c-c++_application_(system_debugger)\system_debugger_using_debug_tiimerzybo.elf_on_local.tcl'
