#-----------------------------------------------------------
# Vivado v2019.1 (64-bit)
# SW Build 2552052 on Fri May 24 14:49:42 MDT 2019
# IP Build 2548770 on Fri May 24 18:01:18 MDT 2019
# Start of session at: Tue Jun  1 22:19:30 2021
# Process ID: 10776
# Current directory: D:/zybodevelopment/ledblinky
# Command line: vivado.exe -gui_launcher_event rodinguilauncherevent22484 D:\zybodevelopment\ledblinky\ledblinky.xpr
# Log file: D:/zybodevelopment/ledblinky/vivado.log
# Journal file: D:/zybodevelopment/ledblinky\vivado.jou
#-----------------------------------------------------------
start_gui
open_project D:/zybodevelopment/ledblinky/ledblinky.xpr
Scanning sources...
Finished scanning sources
INFO: [IP_Flow 19-234] Refreshing IP repositories
INFO: [IP_Flow 19-1704] No user IP repositories specified
INFO: [IP_Flow 19-2313] Loaded Vivado IP repository 'D:/xilinx/Vivado/2019.1/data/ip'.
open_project: Time (s): cpu = 00:00:12 ; elapsed = 00:00:12 . Memory (MB): peak = 724.480 ; gain = 117.023
update_compile_order -fileset sources_1
file copy -force D:/zybodevelopment/ledblinky/ledblinky.runs/impl_1/ledbllinky_wrapper.sysdef D:/zybodevelopment/ledblinky/ledblinky.sdk/ledbllinky_wrapper.hdf

open_bd_design {D:/zybodevelopment/ledblinky/ledblinky.srcs/sources_1/bd/ledbllinky/ledbllinky.bd}
Adding component instance block -- xilinx.com:ip:processing_system7:5.5 - processing_system7_0
Adding component instance block -- xilinx.com:ip:axi_gpio:2.0 - axi_gpio_0
Adding component instance block -- xilinx.com:ip:axi_interconnect:2.1 - ps7_0_axi_periph
Adding component instance block -- xilinx.com:ip:axi_protocol_converter:2.1 - auto_pc
Adding component instance block -- xilinx.com:ip:proc_sys_reset:5.0 - rst_ps7_0_50M
Successfully read diagram <ledbllinky> from BD file <D:/zybodevelopment/ledblinky/ledblinky.srcs/sources_1/bd/ledbllinky/ledbllinky.bd>
open_bd_design: Time (s): cpu = 00:00:09 ; elapsed = 00:00:11 . Memory (MB): peak = 879.809 ; gain = 65.762
